generated/impl.c:15:5: warning: 'glBegin' is deprecated: first deprecated in macOS 10.14 - OpenGL API deprecated. (Define GL_SILENCE_DEPRECATION to silence these warnings) [-Wdeprecated-declarations]
   15 |     glBegin(GL_LINE_LOOP);
      |     ^
/Library/Developer/CommandLineTools/SDKs/MacOSX.sdk/System/Library/Frameworks/OpenGL.framework/Headers/gl.h:2385:13: note: 'glBegin' has been explicitly marked deprecated here
 2385 | extern void glBegin (GLenum mode) OPENGL_DEPRECATED(10.0, 10.14);
      |             ^
generated/impl.c:16:5: warning: 'glColor4f' is deprecated: first deprecated in macOS 10.14 - OpenGL API deprecated. (Define GL_SILENCE_DEPRECATION to silence these warnings) [-Wdeprecated-declarations]
   16 |     glColor4f(color.r/255.0f, color.g/255.0f, color.b/255.0f, color.a/255.0f);
      |     ^
/Library/Developer/CommandLineTools/SDKs/MacOSX.sdk/System/Library/Frameworks/OpenGL.framework/Headers/gl.h:2421:13: note: 'glColor4f' has been explicitly marked deprecated here
 2421 | extern void glColor4f (GLfloat red, GLfloat green, GLfloat blue, GLfloat alpha) OPENGL_DEPRECATED(10.0, 10.14);
      |             ^
generated/impl.c:17:5: warning: 'glVertex2f' is deprecated: first deprecated in macOS 10.14 - OpenGL API deprecated. (Define GL_SILENCE_DEPRECATION to silence these warnings) [-Wdeprecated-declarations]
   17 |     glVertex2f(x, y);
      |     ^
/Library/Developer/CommandLineTools/SDKs/MacOSX.sdk/System/Library/Frameworks/OpenGL.framework/Headers/gl.h:2732:13: note: 'glVertex2f' has been explicitly marked deprecated here
 2732 | extern void glVertex2f (GLfloat x, GLfloat y) OPENGL_DEPRECATED(10.0, 10.14);
      |             ^
generated/impl.c:18:5: warning: 'glVertex2f' is deprecated: first deprecated in macOS 10.14 - OpenGL API deprecated. (Define GL_SILENCE_DEPRECATION to silence these warnings) [-Wdeprecated-declarations]
   18 |     glVertex2f(x + width, y);
      |     ^
/Library/Developer/CommandLineTools/SDKs/MacOSX.sdk/System/Library/Frameworks/OpenGL.framework/Headers/gl.h:2732:13: note: 'glVertex2f' has been explicitly marked deprecated here
 2732 | extern void glVertex2f (GLfloat x, GLfloat y) OPENGL_DEPRECATED(10.0, 10.14);
      |             ^
generated/impl.c:19:5: warning: 'glVertex2f' is deprecated: first deprecated in macOS 10.14 - OpenGL API deprecated. (Define GL_SILENCE_DEPRECATION to silence these warnings) [-Wdeprecated-declarations]
   19 |     glVertex2f(x + width, y + height);
      |     ^
/Library/Developer/CommandLineTools/SDKs/MacOSX.sdk/System/Library/Frameworks/OpenGL.framework/Headers/gl.h:2732:13: note: 'glVertex2f' has been explicitly marked deprecated here
 2732 | extern void glVertex2f (GLfloat x, GLfloat y) OPENGL_DEPRECATED(10.0, 10.14);
      |             ^
generated/impl.c:20:5: warning: 'glVertex2f' is deprecated: first deprecated in macOS 10.14 - OpenGL API deprecated. (Define GL_SILENCE_DEPRECATION to silence these warnings) [-Wdeprecated-declarations]
   20 |     glVertex2f(x, y + height);
      |     ^
/Library/Developer/CommandLineTools/SDKs/MacOSX.sdk/System/Library/Frameworks/OpenGL.framework/Headers/gl.h:2732:13: note: 'glVertex2f' has been explicitly marked deprecated here
 2732 | extern void glVertex2f (GLfloat x, GLfloat y) OPENGL_DEPRECATED(10.0, 10.14);
      |             ^
generated/impl.c:21:5: warning: 'glEnd' is deprecated: first deprecated in macOS 10.14 - OpenGL API deprecated. (Define GL_SILENCE_DEPRECATION to silence these warnings) [-Wdeprecated-declarations]
   21 |     glEnd();
      |     ^
/Library/Developer/CommandLineTools/SDKs/MacOSX.sdk/System/Library/Frameworks/OpenGL.framework/Headers/gl.h:2474:13: note: 'glEnd' has been explicitly marked deprecated here
 2474 | extern void glEnd (void) OPENGL_DEPRECATED(10.0, 10.14);
      |             ^
generated/impl.c:69:5: warning: 'glMultMatrixf' is deprecated: first deprecated in macOS 10.14 - OpenGL API deprecated. (Define GL_SILENCE_DEPRECATION to silence these warnings) [-Wdeprecated-declarations]
   69 |     glMultMatrixf(matrix);
      |     ^
/Library/Developer/CommandLineTools/SDKs/MacOSX.sdk/System/Library/Frameworks/OpenGL.framework/Headers/gl.h:2591:13: note: 'glMultMatrixf' has been explicitly marked deprecated here
 2591 | extern void glMultMatrixf (const GLfloat *m) OPENGL_DEPRECATED(10.0, 10.14);
      |             ^
8 warnings generated.
In file included from game.c:33:
/Library/Developer/CommandLineTools/SDKs/MacOSX.sdk/System/Library/Frameworks/OpenGL.framework/Headers/gl3.h:15:2: warning: gl.h and gl3.h are both included.  Compiler will not invoke errors if using removed OpenGL functionality. [-W#warnings]
   15 | #warning gl.h and gl3.h are both included.  Compiler will not invoke errors if using removed OpenGL functionality.
      |  ^
In file included from game.c:79:
In file included from ./generated/auto_import.h:9:
In file included from ./generated/impl.h:4:
./generated/impl.c:15:5: warning: 'glBegin' is deprecated: first deprecated in macOS 10.14 - OpenGL API deprecated. (Define GL_SILENCE_DEPRECATION to silence these warnings) [-Wdeprecated-declarations]
   15 |     glBegin(GL_LINE_LOOP);
      |     ^
/Library/Developer/CommandLineTools/SDKs/MacOSX.sdk/System/Library/Frameworks/OpenGL.framework/Headers/gl.h:2385:13: note: 'glBegin' has been explicitly marked deprecated here
 2385 | extern void glBegin (GLenum mode) OPENGL_DEPRECATED(10.0, 10.14);
      |             ^
In file included from game.c:79:
In file included from ./generated/auto_import.h:9:
In file included from ./generated/impl.h:4:
./generated/impl.c:16:5: warning: 'glColor4f' is deprecated: first deprecated in macOS 10.14 - OpenGL API deprecated. (Define GL_SILENCE_DEPRECATION to silence these warnings) [-Wdeprecated-declarations]
   16 |     glColor4f(color.r/255.0f, color.g/255.0f, color.b/255.0f, color.a/255.0f);
      |     ^
/Library/Developer/CommandLineTools/SDKs/MacOSX.sdk/System/Library/Frameworks/OpenGL.framework/Headers/gl.h:2421:13: note: 'glColor4f' has been explicitly marked deprecated here
 2421 | extern void glColor4f (GLfloat red, GLfloat green, GLfloat blue, GLfloat alpha) OPENGL_DEPRECATED(10.0, 10.14);
      |             ^
In file included from game.c:79:
In file included from ./generated/auto_import.h:9:
In file included from ./generated/impl.h:4:
./generated/impl.c:17:5: warning: 'glVertex2f' is deprecated: first deprecated in macOS 10.14 - OpenGL API deprecated. (Define GL_SILENCE_DEPRECATION to silence these warnings) [-Wdeprecated-declarations]
   17 |     glVertex2f(x, y);
      |     ^
/Library/Developer/CommandLineTools/SDKs/MacOSX.sdk/System/Library/Frameworks/OpenGL.framework/Headers/gl.h:2732:13: note: 'glVertex2f' has been explicitly marked deprecated here
 2732 | extern void glVertex2f (GLfloat x, GLfloat y) OPENGL_DEPRECATED(10.0, 10.14);
      |             ^
In file included from game.c:79:
In file included from ./generated/auto_import.h:9:
In file included from ./generated/impl.h:4:
./generated/impl.c:18:5: warning: 'glVertex2f' is deprecated: first deprecated in macOS 10.14 - OpenGL API deprecated. (Define GL_SILENCE_DEPRECATION to silence these warnings) [-Wdeprecated-declarations]
   18 |     glVertex2f(x + width, y);
      |     ^
/Library/Developer/CommandLineTools/SDKs/MacOSX.sdk/System/Library/Frameworks/OpenGL.framework/Headers/gl.h:2732:13: note: 'glVertex2f' has been explicitly marked deprecated here
 2732 | extern void glVertex2f (GLfloat x, GLfloat y) OPENGL_DEPRECATED(10.0, 10.14);
      |             ^
In file included from game.c:79:
In file included from ./generated/auto_import.h:9:
In file included from ./generated/impl.h:4:
./generated/impl.c:19:5: warning: 'glVertex2f' is deprecated: first deprecated in macOS 10.14 - OpenGL API deprecated. (Define GL_SILENCE_DEPRECATION to silence these warnings) [-Wdeprecated-declarations]
   19 |     glVertex2f(x + width, y + height);
      |     ^
/Library/Developer/CommandLineTools/SDKs/MacOSX.sdk/System/Library/Frameworks/OpenGL.framework/Headers/gl.h:2732:13: note: 'glVertex2f' has been explicitly marked deprecated here
 2732 | extern void glVertex2f (GLfloat x, GLfloat y) OPENGL_DEPRECATED(10.0, 10.14);
      |             ^
In file included from game.c:79:
In file included from ./generated/auto_import.h:9:
In file included from ./generated/impl.h:4:
./generated/impl.c:20:5: warning: 'glVertex2f' is deprecated: first deprecated in macOS 10.14 - OpenGL API deprecated. (Define GL_SILENCE_DEPRECATION to silence these warnings) [-Wdeprecated-declarations]
   20 |     glVertex2f(x, y + height);
      |     ^
/Library/Developer/CommandLineTools/SDKs/MacOSX.sdk/System/Library/Frameworks/OpenGL.framework/Headers/gl.h:2732:13: note: 'glVertex2f' has been explicitly marked deprecated here
 2732 | extern void glVertex2f (GLfloat x, GLfloat y) OPENGL_DEPRECATED(10.0, 10.14);
      |             ^
In file included from game.c:79:
In file included from ./generated/auto_import.h:9:
In file included from ./generated/impl.h:4:
./generated/impl.c:21:5: warning: 'glEnd' is deprecated: first deprecated in macOS 10.14 - OpenGL API deprecated. (Define GL_SILENCE_DEPRECATION to silence these warnings) [-Wdeprecated-declarations]
   21 |     glEnd();
      |     ^
/Library/Developer/CommandLineTools/SDKs/MacOSX.sdk/System/Library/Frameworks/OpenGL.framework/Headers/gl.h:2474:13: note: 'glEnd' has been explicitly marked deprecated here
 2474 | extern void glEnd (void) OPENGL_DEPRECATED(10.0, 10.14);
      |             ^
In file included from game.c:79:
In file included from ./generated/auto_import.h:9:
In file included from ./generated/impl.h:4:
./generated/impl.c:69:5: warning: 'glMultMatrixf' is deprecated: first deprecated in macOS 10.14 - OpenGL API deprecated. (Define GL_SILENCE_DEPRECATION to silence these warnings) [-Wdeprecated-declarations]
   69 |     glMultMatrixf(matrix);
      |     ^
/Library/Developer/CommandLineTools/SDKs/MacOSX.sdk/System/Library/Frameworks/OpenGL.framework/Headers/gl.h:2591:13: note: 'glMultMatrixf' has been explicitly marked deprecated here
 2591 | extern void glMultMatrixf (const GLfloat *m) OPENGL_DEPRECATED(10.0, 10.14);
      |             ^
game.c:420:9: warning: 'MOUSE_BUTTON_LEFT' macro redefined [-Wmacro-redefined]
  420 | #define MOUSE_BUTTON_LEFT SDL_BUTTON_LEFT
      |         ^
game.c:267:9: note: previous definition is here
  267 | #define MOUSE_BUTTON_LEFT 1
      |         ^
game.c:421:9: warning: 'MOUSE_BUTTON_RIGHT' macro redefined [-Wmacro-redefined]
  421 | #define MOUSE_BUTTON_RIGHT SDL_BUTTON_RIGHT
      |         ^
game.c:268:9: note: previous definition is here
  268 | #define MOUSE_BUTTON_RIGHT 2
      |         ^
game.c:707:9: warning: 'WORLD_NAME_MAX' macro redefined [-Wmacro-redefined]
  707 | #define WORLD_NAME_MAX 4096
      |         ^
game.c:606:9: note: previous definition is here
  606 | #define WORLD_NAME_MAX 64
      |         ^
game.c:1603:28: error: call to undeclared function 'IsKeyDown_SDL'; ISO C99 and later do not support implicit function declarations [-Wimplicit-function-declaration]
 1603 |   return (p != KEY_NULL && IsKeyDown(p)) || (s != KEY_NULL && IsKeyDown(s));
      |                            ^
game.c:261:24: note: expanded from macro 'IsKeyDown'
  261 | #define IsKeyDown(key) IsKeyDown_SDL(key)
      |                        ^
game.c:3585:3: warning: 'glBegin' is deprecated: first deprecated in macOS 10.14 - OpenGL API deprecated. (Define GL_SILENCE_DEPRECATION to silence these warnings) [-Wdeprecated-declarations]
 3585 |   glBegin(GL_QUADS);
      |   ^
/Library/Developer/CommandLineTools/SDKs/MacOSX.sdk/System/Library/Frameworks/OpenGL.framework/Headers/gl.h:2385:13: note: 'glBegin' has been explicitly marked deprecated here
 2385 | extern void glBegin (GLenum mode) OPENGL_DEPRECATED(10.0, 10.14);
      |             ^
game.c:3586:3: warning: 'glColor4f' is deprecated: first deprecated in macOS 10.14 - OpenGL API deprecated. (Define GL_SILENCE_DEPRECATION to silence these warnings) [-Wdeprecated-declarations]
 3586 |   glColor4f(0.0f, 0.0f, 0.0f, 160.0f / 255.0f);
      |   ^
/Library/Developer/CommandLineTools/SDKs/MacOSX.sdk/System/Library/Frameworks/OpenGL.framework/Headers/gl.h:2421:13: note: 'glColor4f' has been explicitly marked deprecated here
 2421 | extern void glColor4f (GLfloat red, GLfloat green, GLfloat blue, GLfloat alpha) OPENGL_DEPRECATED(10.0, 10.14);
      |             ^
game.c:3587:3: warning: 'glVertex2f' is deprecated: first deprecated in macOS 10.14 - OpenGL API deprecated. (Define GL_SILENCE_DEPRECATION to silence these warnings) [-Wdeprecated-declarations]
 3587 |   glVertex2f(sp.x - w * 0.5f, sp.y - h);
      |   ^
/Library/Developer/CommandLineTools/SDKs/MacOSX.sdk/System/Library/Frameworks/OpenGL.framework/Headers/gl.h:2732:13: note: 'glVertex2f' has been explicitly marked deprecated here
 2732 | extern void glVertex2f (GLfloat x, GLfloat y) OPENGL_DEPRECATED(10.0, 10.14);
      |             ^
game.c:3588:3: warning: 'glVertex2f' is deprecated: first deprecated in macOS 10.14 - OpenGL API deprecated. (Define GL_SILENCE_DEPRECATION to silence these warnings) [-Wdeprecated-declarations]
 3588 |   glVertex2f(sp.x + w * 0.5f, sp.y - h);
      |   ^
/Library/Developer/CommandLineTools/SDKs/MacOSX.sdk/System/Library/Frameworks/OpenGL.framework/Headers/gl.h:2732:13: note: 'glVertex2f' has been explicitly marked deprecated here
 2732 | extern void glVertex2f (GLfloat x, GLfloat y) OPENGL_DEPRECATED(10.0, 10.14);
      |             ^
game.c:3589:3: warning: 'glVertex2f' is deprecated: first deprecated in macOS 10.14 - OpenGL API deprecated. (Define GL_SILENCE_DEPRECATION to silence these warnings) [-Wdeprecated-declarations]
 3589 |   glVertex2f(sp.x + w * 0.5f, sp.y);
      |   ^
/Library/Developer/CommandLineTools/SDKs/MacOSX.sdk/System/Library/Frameworks/OpenGL.framework/Headers/gl.h:2732:13: note: 'glVertex2f' has been explicitly marked deprecated here
 2732 | extern void glVertex2f (GLfloat x, GLfloat y) OPENGL_DEPRECATED(10.0, 10.14);
      |             ^
game.c:3590:3: warning: 'glVertex2f' is deprecated: first deprecated in macOS 10.14 - OpenGL API deprecated. (Define GL_SILENCE_DEPRECATION to silence these warnings) [-Wdeprecated-declarations]
 3590 |   glVertex2f(sp.x - w * 0.5f, sp.y);
      |   ^
/Library/Developer/CommandLineTools/SDKs/MacOSX.sdk/System/Library/Frameworks/OpenGL.framework/Headers/gl.h:2732:13: note: 'glVertex2f' has been explicitly marked deprecated here
 2732 | extern void glVertex2f (GLfloat x, GLfloat y) OPENGL_DEPRECATED(10.0, 10.14);
      |             ^
game.c:3591:3: warning: 'glEnd' is deprecated: first deprecated in macOS 10.14 - OpenGL API deprecated. (Define GL_SILENCE_DEPRECATION to silence these warnings) [-Wdeprecated-declarations]
 3591 |   glEnd();
      |   ^
/Library/Developer/CommandLineTools/SDKs/MacOSX.sdk/System/Library/Frameworks/OpenGL.framework/Headers/gl.h:2474:13: note: 'glEnd' has been explicitly marked deprecated here
 2474 | extern void glEnd (void) OPENGL_DEPRECATED(10.0, 10.14);
      |             ^
game.c:5053:19: error: call to undeclared function 'GetMousePosition_Custom'; ISO C99 and later do not support implicit function declarations [-Wimplicit-function-declaration]
 5053 |   Vector2 mouse = GetMousePosition_Custom();
      |                   ^
game.c:5053:19: note: did you mean 'GetMousePosition'?
./generated/complete_api.def:69:17: note: 'GetMousePosition' declared here
   69 | API_FN(Vector2, GetMousePosition, (void))
      |                 ^
./generated/complete_api.h:11:36: note: expanded from macro 'API_FN'
   11 | #define API_FN(ret, name, sig) ret name sig;
      |                                    ^
game.c:5053:11: error: initializing 'Vector2' (aka 'struct Vector2') with an expression of incompatible type 'int'
 5053 |   Vector2 mouse = GetMousePosition_Custom();
      |           ^       ~~~~~~~~~~~~~~~~~~~~~~~~~
game.c:5333:46: warning: incompatible pointer types passing 'struct (unnamed struct at game.c:186:3) *' to parameter of type 'const MuConfig *' [-Wincompatible-pointer-types]
 5333 |   g_muze_model = mu_model_create_nn_with_cfg(&g_muze_cfg.model, &g_muze_cfg.nn);
      |                                              ^~~~~~~~~~~~~~~~~
./../utils/NN/MUZE/muzero_model.h:157:54: note: passing argument to parameter 'cfg' here
  157 | MuModel *mu_model_create_nn_with_cfg(const MuConfig *cfg,
      |                                                      ^
game.c:5333:65: warning: incompatible pointer types passing 'struct (unnamed struct at game.c:174:3) *' to parameter of type 'const MuNNConfig *' [-Wincompatible-pointer-types]
 5333 |   g_muze_model = mu_model_create_nn_with_cfg(&g_muze_cfg.model, &g_muze_cfg.nn);
      |                                                                 ^~~~~~~~~~~~~~
./../utils/NN/MUZE/muzero_model.h:158:56: note: passing argument to parameter 'nn_cfg' here
  158 |                                      const MuNNConfig *nn_cfg);
      |                                                        ^
game.c:6380:18: error: call to undeclared function 'GetMouseDelta_Custom'; ISO C99 and later do not support implicit function declarations [-Wimplicit-function-declaration]
 6380 |     Vector2 md = GetMouseDelta_Custom();
      |                  ^
game.c:6380:13: error: initializing 'Vector2' (aka 'struct Vector2') with an expression of incompatible type 'int'
 6380 |     Vector2 md = GetMouseDelta_Custom();
      |             ^    ~~~~~~~~~~~~~~~~~~~~~~
game.c:6386:29: error: call to undeclared function 'GetMousePosition_Custom'; ISO C99 and later do not support implicit function declarations [-Wimplicit-function-declaration]
 6386 |       Vector2 current_pos = GetMousePosition_Custom();
      |                             ^
game.c:6386:15: error: initializing 'Vector2' (aka 'struct Vector2') with an expression of incompatible type 'int'
 6386 |       Vector2 current_pos = GetMousePosition_Custom();
      |               ^             ~~~~~~~~~~~~~~~~~~~~~~~~~
game.c:6397:22: error: assigning to 'Vector2' (aka 'struct Vector2') from incompatible type 'int'
 6397 |       last_mouse_pos = GetMousePosition_Custom();
      |                      ^ ~~~~~~~~~~~~~~~~~~~~~~~~~
game.c:6445:7: error: call to undeclared function 'IsKeyDown_SDL'; ISO C99 and later do not support implicit function declarations [-Wimplicit-function-declaration]
 6445 |   if (IsKeyDown(KEY_EQUAL))
      |       ^
game.c:261:24: note: expanded from macro 'IsKeyDown'
  261 | #define IsKeyDown(key) IsKeyDown_SDL(key)
      |                        ^
game.c:6533:7: error: call to undeclared function 'IsKeyPressed_SDL'; ISO C99 and later do not support implicit function declarations [-Wimplicit-function-declaration]
 6533 |   if (IsKeyPressed_SDL_TAB) {
      |       ^
game.c:240:30: note: expanded from macro 'IsKeyPressed_SDL_TAB'
  240 | #define IsKeyPressed_SDL_TAB IsKeyPressed_SDL(SDL_SCANCODE_TAB)
      |                              ^
game.c:6555:7: error: call to undeclared function 'IsMouseButtonDown_SDL'; ISO C99 and later do not support implicit function declarations [-Wimplicit-function-declaration]
 6555 |   if (IsMouseButtonDown(MOUSE_BUTTON_LEFT) || bind_down(BIND_ATTACK)) {
      |       ^
game.c:272:35: note: expanded from macro 'IsMouseButtonDown'
  272 | #define IsMouseButtonDown(button) IsMouseButtonDown_SDL(button)
      |                                   ^
game.c:6555:7: note: did you mean 'IsMouseButtonDown'?
game.c:272:35: note: expanded from macro 'IsMouseButtonDown'
  272 | #define IsMouseButtonDown(button) IsMouseButtonDown_SDL(button)
      |                                   ^
./generated/complete_api.def:82:13: note: 'IsMouseButtonDown' declared here
   82 | API_FN(int, IsMouseButtonDown, (int button))
      |             ^
game.c:6596:25: error: call to undeclared function 'GetMousePosition_Custom'; ISO C99 and later do not support implicit function declarations [-Wimplicit-function-declaration]
 6596 |         Vector2 mouse = GetMousePosition_Custom();
      |                         ^
game.c:6596:17: error: initializing 'Vector2' (aka 'struct Vector2') with an expression of incompatible type 'int'
 6596 |         Vector2 mouse = GetMousePosition_Custom();
      |                 ^       ~~~~~~~~~~~~~~~~~~~~~~~~~
game.c:6695:3: warning: 'glBegin' is deprecated: first deprecated in macOS 10.14 - OpenGL API deprecated. (Define GL_SILENCE_DEPRECATION to silence these warnings) [-Wdeprecated-declarations]
 6695 |   glBegin(GL_QUADS);
      |   ^
/Library/Developer/CommandLineTools/SDKs/MacOSX.sdk/System/Library/Frameworks/OpenGL.framework/Headers/gl.h:2385:13: note: 'glBegin' has been explicitly marked deprecated here
 2385 | extern void glBegin (GLenum mode) OPENGL_DEPRECATED(10.0, 10.14);
      |             ^
game.c:6696:3: warning: 'glColor4f' is deprecated: first deprecated in macOS 10.14 - OpenGL API deprecated. (Define GL_SILENCE_DEPRECATION to silence these warnings) [-Wdeprecated-declarations]
 6696 |   glColor4f(0.0f, 0.0f, 0.0f, 110.0f / 255.0f);
      |   ^
/Library/Developer/CommandLineTools/SDKs/MacOSX.sdk/System/Library/Frameworks/OpenGL.framework/Headers/gl.h:2421:13: note: 'glColor4f' has been explicitly marked deprecated here
 2421 | extern void glColor4f (GLfloat red, GLfloat green, GLfloat blue, GLfloat alpha) OPENGL_DEPRECATED(10.0, 10.14);
      |             ^
game.c:6697:3: warning: 'glVertex2f' is deprecated: first deprecated in macOS 10.14 - OpenGL API deprecated. (Define GL_SILENCE_DEPRECATION to silence these warnings) [-Wdeprecated-declarations]
 6697 |   glVertex2f(14, 14);
      |   ^
/Library/Developer/CommandLineTools/SDKs/MacOSX.sdk/System/Library/Frameworks/OpenGL.framework/Headers/gl.h:2732:13: note: 'glVertex2f' has been explicitly marked deprecated here
 2732 | extern void glVertex2f (GLfloat x, GLfloat y) OPENGL_DEPRECATED(10.0, 10.14);
      |             ^
game.c:6698:3: warning: 'glVertex2f' is deprecated: first deprecated in macOS 10.14 - OpenGL API deprecated. (Define GL_SILENCE_DEPRECATION to silence these warnings) [-Wdeprecated-declarations]
 6698 |   glVertex2f(14 + 280, 14);
      |   ^
/Library/Developer/CommandLineTools/SDKs/MacOSX.sdk/System/Library/Frameworks/OpenGL.framework/Headers/gl.h:2732:13: note: 'glVertex2f' has been explicitly marked deprecated here
 2732 | extern void glVertex2f (GLfloat x, GLfloat y) OPENGL_DEPRECATED(10.0, 10.14);
      |             ^
game.c:6699:3: warning: 'glVertex2f' is deprecated: first deprecated in macOS 10.14 - OpenGL API deprecated. (Define GL_SILENCE_DEPRECATION to silence these warnings) [-Wdeprecated-declarations]
 6699 |   glVertex2f(14 + 280, 14 + 128);
      |   ^
/Library/Developer/CommandLineTools/SDKs/MacOSX.sdk/System/Library/Frameworks/OpenGL.framework/Headers/gl.h:2732:13: note: 'glVertex2f' has been explicitly marked deprecated here
 2732 | extern void glVertex2f (GLfloat x, GLfloat y) OPENGL_DEPRECATED(10.0, 10.14);
      |             ^
game.c:6700:3: warning: 'glVertex2f' is deprecated: first deprecated in macOS 10.14 - OpenGL API deprecated. (Define GL_SILENCE_DEPRECATION to silence these warnings) [-Wdeprecated-declarations]
 6700 |   glVertex2f(14, 14 + 128);
      |   ^
/Library/Developer/CommandLineTools/SDKs/MacOSX.sdk/System/Library/Frameworks/OpenGL.framework/Headers/gl.h:2732:13: note: 'glVertex2f' has been explicitly marked deprecated here
 2732 | extern void glVertex2f (GLfloat x, GLfloat y) OPENGL_DEPRECATED(10.0, 10.14);
      |             ^
game.c:6701:3: warning: 'glEnd' is deprecated: first deprecated in macOS 10.14 - OpenGL API deprecated. (Define GL_SILENCE_DEPRECATION to silence these warnings) [-Wdeprecated-declarations]
 6701 |   glEnd();
      |   ^
/Library/Developer/CommandLineTools/SDKs/MacOSX.sdk/System/Library/Frameworks/OpenGL.framework/Headers/gl.h:2474:13: note: 'glEnd' has been explicitly marked deprecated here
 2474 | extern void glEnd (void) OPENGL_DEPRECATED(10.0, 10.14);
      |             ^
game.c:6714:3: warning: 'glBegin' is deprecated: first deprecated in macOS 10.14 - OpenGL API deprecated. (Define GL_SILENCE_DEPRECATION to silence these warnings) [-Wdeprecated-declarations]
 6714 |   glBegin(GL_QUADS);
      |   ^
/Library/Developer/CommandLineTools/SDKs/MacOSX.sdk/System/Library/Frameworks/OpenGL.framework/Headers/gl.h:2385:13: note: 'glBegin' has been explicitly marked deprecated here
 2385 | extern void glBegin (GLenum mode) OPENGL_DEPRECATED(10.0, 10.14);
      |             ^
game.c:6715:3: warning: 'glColor4f' is deprecated: first deprecated in macOS 10.14 - OpenGL API deprecated. (Define GL_SILENCE_DEPRECATION to silence these warnings) [-Wdeprecated-declarations]
 6715 |   glColor4f(0.0f, 0.0f, 0.0f, 140.0f / 255.0f);
      |   ^
/Library/Developer/CommandLineTools/SDKs/MacOSX.sdk/System/Library/Frameworks/OpenGL.framework/Headers/gl.h:2421:13: note: 'glColor4f' has been explicitly marked deprecated here
 2421 | extern void glColor4f (GLfloat red, GLfloat green, GLfloat blue, GLfloat alpha) OPENGL_DEPRECATED(10.0, 10.14);
      |             ^
game.c:6716:3: warning: 'glVertex2f' is deprecated: first deprecated in macOS 10.14 - OpenGL API deprecated. (Define GL_SILENCE_DEPRECATION to silence these warnings) [-Wdeprecated-declarations]
 6716 |   glVertex2f(120, 46);
      |   ^
/Library/Developer/CommandLineTools/SDKs/MacOSX.sdk/System/Library/Frameworks/OpenGL.framework/Headers/gl.h:2732:13: note: 'glVertex2f' has been explicitly marked deprecated here
 2732 | extern void glVertex2f (GLfloat x, GLfloat y) OPENGL_DEPRECATED(10.0, 10.14);
      |             ^
game.c:6717:3: warning: 'glVertex2f' is deprecated: first deprecated in macOS 10.14 - OpenGL API deprecated. (Define GL_SILENCE_DEPRECATION to silence these warnings) [-Wdeprecated-declarations]
 6717 |   glVertex2f(120 + 160, 46);
      |   ^
/Library/Developer/CommandLineTools/SDKs/MacOSX.sdk/System/Library/Frameworks/OpenGL.framework/Headers/gl.h:2732:13: note: 'glVertex2f' has been explicitly marked deprecated here
 2732 | extern void glVertex2f (GLfloat x, GLfloat y) OPENGL_DEPRECATED(10.0, 10.14);
      |             ^
game.c:6718:3: warning: 'glVertex2f' is deprecated: first deprecated in macOS 10.14 - OpenGL API deprecated. (Define GL_SILENCE_DEPRECATION to silence these warnings) [-Wdeprecated-declarations]
 6718 |   glVertex2f(120 + 160, 46 + 12);
      |   ^
/Library/Developer/CommandLineTools/SDKs/MacOSX.sdk/System/Library/Frameworks/OpenGL.framework/Headers/gl.h:2732:13: note: 'glVertex2f' has been explicitly marked deprecated here
 2732 | extern void glVertex2f (GLfloat x, GLfloat y) OPENGL_DEPRECATED(10.0, 10.14);
      |             ^
game.c:6719:3: warning: 'glVertex2f' is deprecated: first deprecated in macOS 10.14 - OpenGL API deprecated. (Define GL_SILENCE_DEPRECATION to silence these warnings) [-Wdeprecated-declarations]
 6719 |   glVertex2f(120, 46 + 12);
      |   ^
/Library/Developer/CommandLineTools/SDKs/MacOSX.sdk/System/Library/Frameworks/OpenGL.framework/Headers/gl.h:2732:13: note: 'glVertex2f' has been explicitly marked deprecated here
 2732 | extern void glVertex2f (GLfloat x, GLfloat y) OPENGL_DEPRECATED(10.0, 10.14);
      |             ^
game.c:6720:3: warning: 'glEnd' is deprecated: first deprecated in macOS 10.14 - OpenGL API deprecated. (Define GL_SILENCE_DEPRECATION to silence these warnings) [-Wdeprecated-declarations]
 6720 |   glEnd();
      |   ^
/Library/Developer/CommandLineTools/SDKs/MacOSX.sdk/System/Library/Frameworks/OpenGL.framework/Headers/gl.h:2474:13: note: 'glEnd' has been explicitly marked deprecated here
 2474 | extern void glEnd (void) OPENGL_DEPRECATED(10.0, 10.14);
      |             ^
game.c:6722:3: warning: 'glBegin' is deprecated: first deprecated in macOS 10.14 - OpenGL API deprecated. (Define GL_SILENCE_DEPRECATION to silence these warnings) [-Wdeprecated-declarations]
 6722 |   glBegin(GL_QUADS);
      |   ^
/Library/Developer/CommandLineTools/SDKs/MacOSX.sdk/System/Library/Frameworks/OpenGL.framework/Headers/gl.h:2385:13: note: 'glBegin' has been explicitly marked deprecated here
 2385 | extern void glBegin (GLenum mode) OPENGL_DEPRECATED(10.0, 10.14);
      |             ^
game.c:6723:3: warning: 'glColor4f' is deprecated: first deprecated in macOS 10.14 - OpenGL API deprecated. (Define GL_SILENCE_DEPRECATION to silence these warnings) [-Wdeprecated-declarations]
 6723 |   glColor4f(80.0f / 255.0f, 220.0f / 255.0f, 80.0f / 255.0f, 255.0f / 255.0f);
      |   ^
/Library/Developer/CommandLineTools/SDKs/MacOSX.sdk/System/Library/Frameworks/OpenGL.framework/Headers/gl.h:2421:13: note: 'glColor4f' has been explicitly marked deprecated here
 2421 | extern void glColor4f (GLfloat red, GLfloat green, GLfloat blue, GLfloat alpha) OPENGL_DEPRECATED(10.0, 10.14);
      |             ^
game.c:6724:3: warning: 'glVertex2f' is deprecated: first deprecated in macOS 10.14 - OpenGL API deprecated. (Define GL_SILENCE_DEPRECATION to silence these warnings) [-Wdeprecated-declarations]
 6724 |   glVertex2f(120, 46);
      |   ^
/Library/Developer/CommandLineTools/SDKs/MacOSX.sdk/System/Library/Frameworks/OpenGL.framework/Headers/gl.h:2732:13: note: 'glVertex2f' has been explicitly marked deprecated here
 2732 | extern void glVertex2f (GLfloat x, GLfloat y) OPENGL_DEPRECATED(10.0, 10.14);
      |             ^
game.c:6725:3: warning: 'glVertex2f' is deprecated: first deprecated in macOS 10.14 - OpenGL API deprecated. (Define GL_SILENCE_DEPRECATION to silence these warnings) [-Wdeprecated-declarations]
 6725 |   glVertex2f(120 + (int)(160 * hp01), 46);
      |   ^
/Library/Developer/CommandLineTools/SDKs/MacOSX.sdk/System/Library/Frameworks/OpenGL.framework/Headers/gl.h:2732:13: note: 'glVertex2f' has been explicitly marked deprecated here
 2732 | extern void glVertex2f (GLfloat x, GLfloat y) OPENGL_DEPRECATED(10.0, 10.14);
      |             ^
game.c:6726:3: warning: 'glVertex2f' is deprecated: first deprecated in macOS 10.14 - OpenGL API deprecated. (Define GL_SILENCE_DEPRECATION to silence these warnings) [-Wdeprecated-declarations]
 6726 |   glVertex2f(120 + (int)(160 * hp01), 46 + 12);
      |   ^
/Library/Developer/CommandLineTools/SDKs/MacOSX.sdk/System/Library/Frameworks/OpenGL.framework/Headers/gl.h:2732:13: note: 'glVertex2f' has been explicitly marked deprecated here
 2732 | extern void glVertex2f (GLfloat x, GLfloat y) OPENGL_DEPRECATED(10.0, 10.14);
      |             ^
game.c:6727:3: warning: 'glVertex2f' is deprecated: first deprecated in macOS 10.14 - OpenGL API deprecated. (Define GL_SILENCE_DEPRECATION to silence these warnings) [-Wdeprecated-declarations]
 6727 |   glVertex2f(120, 46 + 12);
      |   ^
/Library/Developer/CommandLineTools/SDKs/MacOSX.sdk/System/Library/Frameworks/OpenGL.framework/Headers/gl.h:2732:13: note: 'glVertex2f' has been explicitly marked deprecated here
 2732 | extern void glVertex2f (GLfloat x, GLfloat y) OPENGL_DEPRECATED(10.0, 10.14);
      |             ^
game.c:6728:3: warning: 'glEnd' is deprecated: first deprecated in macOS 10.14 - OpenGL API deprecated. (Define GL_SILENCE_DEPRECATION to silence these warnings) [-Wdeprecated-declarations]
 6728 |   glEnd();
      |   ^
/Library/Developer/CommandLineTools/SDKs/MacOSX.sdk/System/Library/Frameworks/OpenGL.framework/Headers/gl.h:2474:13: note: 'glEnd' has been explicitly marked deprecated here
 2474 | extern void glEnd (void) OPENGL_DEPRECATED(10.0, 10.14);
      |             ^
game.c:6731:3: warning: 'glBegin' is deprecated: first deprecated in macOS 10.14 - OpenGL API deprecated. (Define GL_SILENCE_DEPRECATION to silence these warnings) [-Wdeprecated-declarations]
 6731 |   glBegin(GL_QUADS);
      |   ^
/Library/Developer/CommandLineTools/SDKs/MacOSX.sdk/System/Library/Frameworks/OpenGL.framework/Headers/gl.h:2385:13: note: 'glBegin' has been explicitly marked deprecated here
 2385 | extern void glBegin (GLenum mode) OPENGL_DEPRECATED(10.0, 10.14);
      |             ^
game.c:6732:3: warning: 'glColor4f' is deprecated: first deprecated in macOS 10.14 - OpenGL API deprecated. (Define GL_SILENCE_DEPRECATION to silence these warnings) [-Wdeprecated-declarations]
 6732 |   glColor4f(0.0f, 0.0f, 0.0f, 140.0f / 255.0f);
      |   ^
/Library/Developer/CommandLineTools/SDKs/MacOSX.sdk/System/Library/Frameworks/OpenGL.framework/Headers/gl.h:2421:13: note: 'glColor4f' has been explicitly marked deprecated here
 2421 | extern void glColor4f (GLfloat red, GLfloat green, GLfloat blue, GLfloat alpha) OPENGL_DEPRECATED(10.0, 10.14);
      |             ^
game.c:6733:3: warning: 'glVertex2f' is deprecated: first deprecated in macOS 10.14 - OpenGL API deprecated. (Define GL_SILENCE_DEPRECATION to silence these warnings) [-Wdeprecated-declarations]
 6733 |   glVertex2f(120, 66);
      |   ^
/Library/Developer/CommandLineTools/SDKs/MacOSX.sdk/System/Library/Frameworks/OpenGL.framework/Headers/gl.h:2732:13: note: 'glVertex2f' has been explicitly marked deprecated here
 2732 | extern void glVertex2f (GLfloat x, GLfloat y) OPENGL_DEPRECATED(10.0, 10.14);
      |             ^
game.c:6734:3: warning: 'glVertex2f' is deprecated: first deprecated in macOS 10.14 - OpenGL API deprecated. (Define GL_SILENCE_DEPRECATION to silence these warnings) [-Wdeprecated-declarations]
 6734 |   glVertex2f(120 + 160, 66);
      |   ^
/Library/Developer/CommandLineTools/SDKs/MacOSX.sdk/System/Library/Frameworks/OpenGL.framework/Headers/gl.h:2732:13: note: 'glVertex2f' has been explicitly marked deprecated here
 2732 | extern void glVertex2f (GLfloat x, GLfloat y) OPENGL_DEPRECATED(10.0, 10.14);
      |             ^
game.c:6735:3: warning: 'glVertex2f' is deprecated: first deprecated in macOS 10.14 - OpenGL API deprecated. (Define GL_SILENCE_DEPRECATION to silence these warnings) [-Wdeprecated-declarations]
 6735 |   glVertex2f(120 + 160, 66 + 12);
      |   ^
/Library/Developer/CommandLineTools/SDKs/MacOSX.sdk/System/Library/Frameworks/OpenGL.framework/Headers/gl.h:2732:13: note: 'glVertex2f' has been explicitly marked deprecated here
 2732 | extern void glVertex2f (GLfloat x, GLfloat y) OPENGL_DEPRECATED(10.0, 10.14);
      |             ^
game.c:6736:3: warning: 'glVertex2f' is deprecated: first deprecated in macOS 10.14 - OpenGL API deprecated. (Define GL_SILENCE_DEPRECATION to silence these warnings) [-Wdeprecated-declarations]
 6736 |   glVertex2f(120, 66 + 12);
      |   ^
/Library/Developer/CommandLineTools/SDKs/MacOSX.sdk/System/Library/Frameworks/OpenGL.framework/Headers/gl.h:2732:13: note: 'glVertex2f' has been explicitly marked deprecated here
 2732 | extern void glVertex2f (GLfloat x, GLfloat y) OPENGL_DEPRECATED(10.0, 10.14);
      |             ^
game.c:6737:3: warning: 'glEnd' is deprecated: first deprecated in macOS 10.14 - OpenGL API deprecated. (Define GL_SILENCE_DEPRECATION to silence these warnings) [-Wdeprecated-declarations]
 6737 |   glEnd();
      |   ^
/Library/Developer/CommandLineTools/SDKs/MacOSX.sdk/System/Library/Frameworks/OpenGL.framework/Headers/gl.h:2474:13: note: 'glEnd' has been explicitly marked deprecated here
 2474 | extern void glEnd (void) OPENGL_DEPRECATED(10.0, 10.14);
      |             ^
game.c:6739:3: warning: 'glBegin' is deprecated: first deprecated in macOS 10.14 - OpenGL API deprecated. (Define GL_SILENCE_DEPRECATION to silence these warnings) [-Wdeprecated-declarations]
 6739 |   glBegin(GL_QUADS);
      |   ^
/Library/Developer/CommandLineTools/SDKs/MacOSX.sdk/System/Library/Frameworks/OpenGL.framework/Headers/gl.h:2385:13: note: 'glBegin' has been explicitly marked deprecated here
 2385 | extern void glBegin (GLenum mode) OPENGL_DEPRECATED(10.0, 10.14);
      |             ^
game.c:6740:3: warning: 'glColor4f' is deprecated: first deprecated in macOS 10.14 - OpenGL API deprecated. (Define GL_SILENCE_DEPRECATION to silence these warnings) [-Wdeprecated-declarations]
 6740 |   glColor4f(80.0f / 255.0f, 160.0f / 255.0f, 255.0f / 255.0f, 255.0f / 255.0f);
      |   ^
/Library/Developer/CommandLineTools/SDKs/MacOSX.sdk/System/Library/Frameworks/OpenGL.framework/Headers/gl.h:2421:13: note: 'glColor4f' has been explicitly marked deprecated here
 2421 | extern void glColor4f (GLfloat red, GLfloat green, GLfloat blue, GLfloat alpha) OPENGL_DEPRECATED(10.0, 10.14);
      |             ^
game.c:6741:3: warning: 'glVertex2f' is deprecated: first deprecated in macOS 10.14 - OpenGL API deprecated. (Define GL_SILENCE_DEPRECATION to silence these warnings) [-Wdeprecated-declarations]
 6741 |   glVertex2f(120, 66);
      |   ^
/Library/Developer/CommandLineTools/SDKs/MacOSX.sdk/System/Library/Frameworks/OpenGL.framework/Headers/gl.h:2732:13: note: 'glVertex2f' has been explicitly marked deprecated here
 2732 | extern void glVertex2f (GLfloat x, GLfloat y) OPENGL_DEPRECATED(10.0, 10.14);
      |             ^
game.c:6742:3: warning: 'glVertex2f' is deprecated: first deprecated in macOS 10.14 - OpenGL API deprecated. (Define GL_SILENCE_DEPRECATION to silence these warnings) [-Wdeprecated-declarations]
 6742 |   glVertex2f(120 + (int)(160 * st01), 66);
      |   ^
/Library/Developer/CommandLineTools/SDKs/MacOSX.sdk/System/Library/Frameworks/OpenGL.framework/Headers/gl.h:2732:13: note: 'glVertex2f' has been explicitly marked deprecated here
 2732 | extern void glVertex2f (GLfloat x, GLfloat y) OPENGL_DEPRECATED(10.0, 10.14);
      |             ^
game.c:6743:3: warning: 'glVertex2f' is deprecated: first deprecated in macOS 10.14 - OpenGL API deprecated. (Define GL_SILENCE_DEPRECATION to silence these warnings) [-Wdeprecated-declarations]
 6743 |   glVertex2f(120 + (int)(160 * st01), 66 + 12);
      |   ^
/Library/Developer/CommandLineTools/SDKs/MacOSX.sdk/System/Library/Frameworks/OpenGL.framework/Headers/gl.h:2732:13: note: 'glVertex2f' has been explicitly marked deprecated here
 2732 | extern void glVertex2f (GLfloat x, GLfloat y) OPENGL_DEPRECATED(10.0, 10.14);
      |             ^
game.c:6744:3: warning: 'glVertex2f' is deprecated: first deprecated in macOS 10.14 - OpenGL API deprecated. (Define GL_SILENCE_DEPRECATION to silence these warnings) [-Wdeprecated-declarations]
 6744 |   glVertex2f(120, 66 + 12);
      |   ^
/Library/Developer/CommandLineTools/SDKs/MacOSX.sdk/System/Library/Frameworks/OpenGL.framework/Headers/gl.h:2732:13: note: 'glVertex2f' has been explicitly marked deprecated here
 2732 | extern void glVertex2f (GLfloat x, GLfloat y) OPENGL_DEPRECATED(10.0, 10.14);
      |             ^
game.c:6745:3: warning: 'glEnd' is deprecated: first deprecated in macOS 10.14 - OpenGL API deprecated. (Define GL_SILENCE_DEPRECATION to silence these warnings) [-Wdeprecated-declarations]
 6745 |   glEnd();
      |   ^
/Library/Developer/CommandLineTools/SDKs/MacOSX.sdk/System/Library/Frameworks/OpenGL.framework/Headers/gl.h:2474:13: note: 'glEnd' has been explicitly marked deprecated here
 2474 | extern void glEnd (void) OPENGL_DEPRECATED(10.0, 10.14);
      |             ^
game.c:6763:5: warning: 'glBegin' is deprecated: first deprecated in macOS 10.14 - OpenGL API deprecated. (Define GL_SILENCE_DEPRECATION to silence these warnings) [-Wdeprecated-declarations]
 6763 |     glBegin(GL_QUADS);
      |     ^
/Library/Developer/CommandLineTools/SDKs/MacOSX.sdk/System/Library/Frameworks/OpenGL.framework/Headers/gl.h:2385:13: note: 'glBegin' has been explicitly marked deprecated here
 2385 | extern void glBegin (GLenum mode) OPENGL_DEPRECATED(10.0, 10.14);
      |             ^
game.c:6764:5: warning: 'glColor4f' is deprecated: first deprecated in macOS 10.14 - OpenGL API deprecated. (Define GL_SILENCE_DEPRECATION to silence these warnings) [-Wdeprecated-declarations]
 6764 |     glColor4f(0.0f, 0.0f, 0.0f, 140.0f / 255.0f);
      |     ^
/Library/Developer/CommandLineTools/SDKs/MacOSX.sdk/System/Library/Frameworks/OpenGL.framework/Headers/gl.h:2421:13: note: 'glColor4f' has been explicitly marked deprecated here
 2421 | extern void glColor4f (GLfloat red, GLfloat green, GLfloat blue, GLfloat alpha) OPENGL_DEPRECATED(10.0, 10.14);
      |             ^
game.c:6765:5: warning: 'glVertex2f' is deprecated: first deprecated in macOS 10.14 - OpenGL API deprecated. (Define GL_SILENCE_DEPRECATION to silence these warnings) [-Wdeprecated-declarations]
 6765 |     glVertex2f(90, y0 + 4 + t * 22);
      |     ^
/Library/Developer/CommandLineTools/SDKs/MacOSX.sdk/System/Library/Frameworks/OpenGL.framework/Headers/gl.h:2732:13: note: 'glVertex2f' has been explicitly marked deprecated here
 2732 | extern void glVertex2f (GLfloat x, GLfloat y) OPENGL_DEPRECATED(10.0, 10.14);
      |             ^
game.c:6766:5: warning: 'glVertex2f' is deprecated: first deprecated in macOS 10.14 - OpenGL API deprecated. (Define GL_SILENCE_DEPRECATION to silence these warnings) [-Wdeprecated-declarations]
 6766 |     glVertex2f(90 + 140, y0 + 4 + t * 22);
      |     ^
/Library/Developer/CommandLineTools/SDKs/MacOSX.sdk/System/Library/Frameworks/OpenGL.framework/Headers/gl.h:2732:13: note: 'glVertex2f' has been explicitly marked deprecated here
 2732 | extern void glVertex2f (GLfloat x, GLfloat y) OPENGL_DEPRECATED(10.0, 10.14);
      |             ^
game.c:6767:5: warning: 'glVertex2f' is deprecated: first deprecated in macOS 10.14 - OpenGL API deprecated. (Define GL_SILENCE_DEPRECATION to silence these warnings) [-Wdeprecated-declarations]
 6767 |     glVertex2f(90 + 140, y0 + 4 + t * 22 + 10);
      |     ^
/Library/Developer/CommandLineTools/SDKs/MacOSX.sdk/System/Library/Frameworks/OpenGL.framework/Headers/gl.h:2732:13: note: 'glVertex2f' has been explicitly marked deprecated here
 2732 | extern void glVertex2f (GLfloat x, GLfloat y) OPENGL_DEPRECATED(10.0, 10.14);
      |             ^
game.c:6768:5: warning: 'glVertex2f' is deprecated: first deprecated in macOS 10.14 - OpenGL API deprecated. (Define GL_SILENCE_DEPRECATION to silence these warnings) [-Wdeprecated-declarations]
 6768 |     glVertex2f(90, y0 + 4 + t * 22 + 10);
      |     ^
/Library/Developer/CommandLineTools/SDKs/MacOSX.sdk/System/Library/Frameworks/OpenGL.framework/Headers/gl.h:2732:13: note: 'glVertex2f' has been explicitly marked deprecated here
 2732 | extern void glVertex2f (GLfloat x, GLfloat y) OPENGL_DEPRECATED(10.0, 10.14);
      |             ^
game.c:6769:5: warning: 'glEnd' is deprecated: first deprecated in macOS 10.14 - OpenGL API deprecated. (Define GL_SILENCE_DEPRECATION to silence these warnings) [-Wdeprecated-declarations]
 6769 |     glEnd();
      |     ^
/Library/Developer/CommandLineTools/SDKs/MacOSX.sdk/System/Library/Frameworks/OpenGL.framework/Headers/gl.h:2474:13: note: 'glEnd' has been explicitly marked deprecated here
 2474 | extern void glEnd (void) OPENGL_DEPRECATED(10.0, 10.14);
      |             ^
game.c:6771:5: warning: 'glBegin' is deprecated: first deprecated in macOS 10.14 - OpenGL API deprecated. (Define GL_SILENCE_DEPRECATION to silence these warnings) [-Wdeprecated-declarations]
 6771 |     glBegin(GL_QUADS);
      |     ^
/Library/Developer/CommandLineTools/SDKs/MacOSX.sdk/System/Library/Frameworks/OpenGL.framework/Headers/gl.h:2385:13: note: 'glBegin' has been explicitly marked deprecated here
 2385 | extern void glBegin (GLenum mode) OPENGL_DEPRECATED(10.0, 10.14);
      |             ^
game.c:6772:5: warning: 'glColor4f' is deprecated: first deprecated in macOS 10.14 - OpenGL API deprecated. (Define GL_SILENCE_DEPRECATION to silence these warnings) [-Wdeprecated-declarations]
 6772 |     glColor4f(tribes[t].color.r / 255.0f, tribes[t].color.g / 255.0f,
      |     ^
/Library/Developer/CommandLineTools/SDKs/MacOSX.sdk/System/Library/Frameworks/OpenGL.framework/Headers/gl.h:2421:13: note: 'glColor4f' has been explicitly marked deprecated here
 2421 | extern void glColor4f (GLfloat red, GLfloat green, GLfloat blue, GLfloat alpha) OPENGL_DEPRECATED(10.0, 10.14);
      |             ^
game.c:6774:5: warning: 'glVertex2f' is deprecated: first deprecated in macOS 10.14 - OpenGL API deprecated. (Define GL_SILENCE_DEPRECATION to silence these warnings) [-Wdeprecated-declarations]
 6774 |     glVertex2f(90, y0 + 4 + t * 22);
      |     ^
/Library/Developer/CommandLineTools/SDKs/MacOSX.sdk/System/Library/Frameworks/OpenGL.framework/Headers/gl.h:2732:13: note: 'glVertex2f' has been explicitly marked deprecated here
 2732 | extern void glVertex2f (GLfloat x, GLfloat y) OPENGL_DEPRECATED(10.0, 10.14);
      |             ^
game.c:6775:5: warning: 'glVertex2f' is deprecated: first deprecated in macOS 10.14 - OpenGL API deprecated. (Define GL_SILENCE_DEPRECATION to silence these warnings) [-Wdeprecated-declarations]
 6775 |     glVertex2f(90 + (int)(140 * v), y0 + 4 + t * 22);
      |     ^
/Library/Developer/CommandLineTools/SDKs/MacOSX.sdk/System/Library/Frameworks/OpenGL.framework/Headers/gl.h:2732:13: note: 'glVertex2f' has been explicitly marked deprecated here
 2732 | extern void glVertex2f (GLfloat x, GLfloat y) OPENGL_DEPRECATED(10.0, 10.14);
      |             ^
game.c:6776:5: warning: 'glVertex2f' is deprecated: first deprecated in macOS 10.14 - OpenGL API deprecated. (Define GL_SILENCE_DEPRECATION to silence these warnings) [-Wdeprecated-declarations]
 6776 |     glVertex2f(90 + (int)(140 * v), y0 + 4 + t * 22 + 10);
      |     ^
/Library/Developer/CommandLineTools/SDKs/MacOSX.sdk/System/Library/Frameworks/OpenGL.framework/Headers/gl.h:2732:13: note: 'glVertex2f' has been explicitly marked deprecated here
 2732 | extern void glVertex2f (GLfloat x, GLfloat y) OPENGL_DEPRECATED(10.0, 10.14);
      |             ^
game.c:6777:5: warning: 'glVertex2f' is deprecated: first deprecated in macOS 10.14 - OpenGL API deprecated. (Define GL_SILENCE_DEPRECATION to silence these warnings) [-Wdeprecated-declarations]
 6777 |     glVertex2f(90, y0 + 4 + t * 22 + 10);
      |     ^
/Library/Developer/CommandLineTools/SDKs/MacOSX.sdk/System/Library/Frameworks/OpenGL.framework/Headers/gl.h:2732:13: note: 'glVertex2f' has been explicitly marked deprecated here
 2732 | extern void glVertex2f (GLfloat x, GLfloat y) OPENGL_DEPRECATED(10.0, 10.14);
      |             ^
game.c:6778:5: warning: 'glEnd' is deprecated: first deprecated in macOS 10.14 - OpenGL API deprecated. (Define GL_SILENCE_DEPRECATION to silence these warnings) [-Wdeprecated-declarations]
 6778 |     glEnd();
      |     ^
/Library/Developer/CommandLineTools/SDKs/MacOSX.sdk/System/Library/Frameworks/OpenGL.framework/Headers/gl.h:2474:13: note: 'glEnd' has been explicitly marked deprecated here
 2474 | extern void glEnd (void) OPENGL_DEPRECATED(10.0, 10.14);
      |             ^
game.c:6843:18: error: call to undeclared function 'GetMousePosition_Custom'; ISO C99 and later do not support implicit function declarations [-Wimplicit-function-declaration]
 6843 |     Vector2 mp = GetMousePosition_Custom();
      |                  ^
game.c:6843:13: error: initializing 'Vector2' (aka 'struct Vector2') with an expression of incompatible type 'int'
 6843 |     Vector2 mp = GetMousePosition_Custom();
      |             ^    ~~~~~~~~~~~~~~~~~~~~~~~~~
game.c:7097:33: error: too few arguments to function call, expected 2, have 0
 7097 |   Vector2 m = SDL_GetMouseState();
      |               ~~~~~~~~~~~~~~~~~ ^
../utils/SDL/include/SDL3/SDL_mouse.h:310:50: note: 'SDL_GetMouseState' declared here
  310 | extern SDL_DECLSPEC SDL_MouseButtonFlags SDLCALL SDL_GetMouseState(float *x, float *y);
      |                                                  ^                 ~~~~~~~~~~~~~~~~~~
game.c:7099:24: error: call to undeclared function 'IsMouseButtonPressed_SDL'; ISO C99 and later do not support implicit function declarations [-Wimplicit-function-declaration]
 7099 |   int clicked = hot && IsMouseButtonPressed(MOUSE_BUTTON_LEFT);
      |                        ^
game.c:273:38: note: expanded from macro 'IsMouseButtonPressed'
  273 | #define IsMouseButtonPressed(button) IsMouseButtonPressed_SDL(button)
      |                                      ^
game.c:7099:24: note: did you mean 'IsMouseButtonPressed'?
game.c:273:38: note: expanded from macro 'IsMouseButtonPressed'
  273 | #define IsMouseButtonPressed(button) IsMouseButtonPressed_SDL(button)
      |                                      ^
./generated/complete_api.def:83:13: note: 'IsMouseButtonPressed' declared here
   83 | API_FN(int, IsMouseButtonPressed, (int button))
      |             ^
game.c:7119:15: error: call to undeclared function 'GetMousePosition_Custom'; ISO C99 and later do not support implicit function declarations [-Wimplicit-function-declaration]
 7119 |   Vector2 m = GetMousePosition_Custom();
      |               ^
game.c:7119:11: error: initializing 'Vector2' (aka 'struct Vector2') with an expression of incompatible type 'int'
 7119 |   Vector2 m = GetMousePosition_Custom();
      |           ^   ~~~~~~~~~~~~~~~~~~~~~~~~~
fatal error: too many errors emitted, stopping now [-ferror-limit=]
70 warnings and 20 errors generated.
../utils/NN/NN/NN.c:967:11: warning: enumeration value 'SCHEDULER_TYPE_COUNT' not handled in switch [-Wswitch]
  967 |   switch (nn->lr_scheduler) {
      |           ^~~~~~~~~~~~~~~~
../utils/NN/NN/NN.c:967:11: note: add missing switch cases
  967 |   switch (nn->lr_scheduler) {
      |           ^
../utils/NN/NN/NN.c:1050:35: warning: format specifies type 'double' but the argument has type 'long double' [-Wformat]
 1050 |   printf("Learning rate: %.6f\n", nn->learningRate);
      |                          ~~~~     ^~~~~~~~~~~~~~~~
      |                          %.6Lf
../utils/NN/NN/NN.c:1051:29: warning: format specifies type 'int' but the argument has type 'OptimizerFunction' (aka 'void (*)(struct NN_t *)') [-Wformat]
 1051 |   printf("Optimizer: %d\n", nn->optimizer);
      |                      ~~     ^~~~~~~~~~~~~
3 warnings generated.
../RL_AGENT/training/training_infrastructure.c:209:13: warning: enumeration value 'CURRICULUM_STAGE_COUNT' not handled in switch [-Wswitch]
  209 |     switch (stage) {
      |             ^~~~~
../RL_AGENT/training/training_infrastructure.c:209:13: note: add missing switch cases
  209 |     switch (stage) {
      |             ^
1 warning generated.
../utils/NN/MUZE/muze_enhanced_model.c:234:49: warning: incompatible pointer types passing 'float *' to parameter of type 'long double *' [-Wincompatible-pointer-types]
  234 |         NN_backprop_custom_delta(model->critic, obs_array, (long double*)critic_loss);
      |                                                 ^~~~~~~~~
../utils/NN/MUZE/../NN/NN.h:231:53: note: passing argument to parameter 'inputs' here
  231 | void NN_backprop_custom_delta(NN_t *nn, long double inputs[],
      |                                                     ^
../utils/NN/MUZE/muze_enhanced_model.c:240:48: warning: incompatible pointer types passing 'float *' to parameter of type 'long double *' [-Wincompatible-pointer-types]
  240 |         NN_backprop_custom_delta(model->actor, obs_array, (long double*)actor_loss);
      |                                                ^~~~~~~~~
../utils/NN/MUZE/../NN/NN.h:231:53: note: passing argument to parameter 'inputs' here
  231 | void NN_backprop_custom_delta(NN_t *nn, long double inputs[],
      |                                                     ^
../utils/NN/MUZE/muze_enhanced_model.c:266:48: warning: incompatible pointer types passing 'float *' to parameter of type 'long double *' [-Wincompatible-pointer-types]
  266 |         latent_ld = NN_forward(model->encoder, obs_array);
      |                                                ^~~~~~~~~
../utils/NN/MUZE/../NN/NN.h:227:47: note: passing argument to parameter 'inputs' here
  227 | long double *NN_forward(NN_t *nn, long double inputs[]);
      |                                               ^
../utils/NN/MUZE/muze_enhanced_model.c:294:54: warning: incompatible pointer types passing 'float *' to parameter of type 'long double *' [-Wincompatible-pointer-types]
  294 |         NN_backprop_custom_delta(model->world_model, obs_array, (long double*)world_loss);
      |                                                      ^~~~~~~~~
../utils/NN/MUZE/../NN/NN.h:231:53: note: passing argument to parameter 'inputs' here
  231 | void NN_backprop_custom_delta(NN_t *nn, long double inputs[],
      |                                                     ^
4 warnings generated.
