generated/impl.c:15:5: warning: 'glBegin' is deprecated: first deprecated in macOS 10.14 - OpenGL API deprecated. (Define GL_SILENCE_DEPRECATION to silence these warnings) [-Wdeprecated-declarations]
   15 |     glBegin(GL_LINE_LOOP);
      |     ^
/Library/Developer/CommandLineTools/SDKs/MacOSX.sdk/System/Library/Frameworks/OpenGL.framework/Headers/gl.h:2385:13: note: 'glBegin' has been explicitly marked deprecated here
 2385 | extern void glBegin (GLenum mode) OPENGL_DEPRECATED(10.0, 10.14);
      |             ^
generated/impl.c:16:5: warning: 'glColor4f' is deprecated: first deprecated in macOS 10.14 - OpenGL API deprecated. (Define GL_SILENCE_DEPRECATION to silence these warnings) [-Wdeprecated-declarations]
   16 |     glColor4f(color.r/255.0f, color.g/255.0f, color.b/255.0f, color.a/255.0f);
      |     ^
/Library/Developer/CommandLineTools/SDKs/MacOSX.sdk/System/Library/Frameworks/OpenGL.framework/Headers/gl.h:2421:13: note: 'glColor4f' has been explicitly marked deprecated here
 2421 | extern void glColor4f (GLfloat red, GLfloat green, GLfloat blue, GLfloat alpha) OPENGL_DEPRECATED(10.0, 10.14);
      |             ^
generated/impl.c:17:5: warning: 'glVertex2f' is deprecated: first deprecated in macOS 10.14 - OpenGL API deprecated. (Define GL_SILENCE_DEPRECATION to silence these warnings) [-Wdeprecated-declarations]
   17 |     glVertex2f(x, y);
      |     ^
/Library/Developer/CommandLineTools/SDKs/MacOSX.sdk/System/Library/Frameworks/OpenGL.framework/Headers/gl.h:2732:13: note: 'glVertex2f' has been explicitly marked deprecated here
 2732 | extern void glVertex2f (GLfloat x, GLfloat y) OPENGL_DEPRECATED(10.0, 10.14);
      |             ^
generated/impl.c:18:5: warning: 'glVertex2f' is deprecated: first deprecated in macOS 10.14 - OpenGL API deprecated. (Define GL_SILENCE_DEPRECATION to silence these warnings) [-Wdeprecated-declarations]
   18 |     glVertex2f(x + width, y);
      |     ^
/Library/Developer/CommandLineTools/SDKs/MacOSX.sdk/System/Library/Frameworks/OpenGL.framework/Headers/gl.h:2732:13: note: 'glVertex2f' has been explicitly marked deprecated here
 2732 | extern void glVertex2f (GLfloat x, GLfloat y) OPENGL_DEPRECATED(10.0, 10.14);
      |             ^
generated/impl.c:19:5: warning: 'glVertex2f' is deprecated: first deprecated in macOS 10.14 - OpenGL API deprecated. (Define GL_SILENCE_DEPRECATION to silence these warnings) [-Wdeprecated-declarations]
   19 |     glVertex2f(x + width, y + height);
      |     ^
/Library/Developer/CommandLineTools/SDKs/MacOSX.sdk/System/Library/Frameworks/OpenGL.framework/Headers/gl.h:2732:13: note: 'glVertex2f' has been explicitly marked deprecated here
 2732 | extern void glVertex2f (GLfloat x, GLfloat y) OPENGL_DEPRECATED(10.0, 10.14);
      |             ^
generated/impl.c:20:5: warning: 'glVertex2f' is deprecated: first deprecated in macOS 10.14 - OpenGL API deprecated. (Define GL_SILENCE_DEPRECATION to silence these warnings) [-Wdeprecated-declarations]
   20 |     glVertex2f(x, y + height);
      |     ^
/Library/Developer/CommandLineTools/SDKs/MacOSX.sdk/System/Library/Frameworks/OpenGL.framework/Headers/gl.h:2732:13: note: 'glVertex2f' has been explicitly marked deprecated here
 2732 | extern void glVertex2f (GLfloat x, GLfloat y) OPENGL_DEPRECATED(10.0, 10.14);
      |             ^
generated/impl.c:21:5: warning: 'glEnd' is deprecated: first deprecated in macOS 10.14 - OpenGL API deprecated. (Define GL_SILENCE_DEPRECATION to silence these warnings) [-Wdeprecated-declarations]
   21 |     glEnd();
      |     ^
/Library/Developer/CommandLineTools/SDKs/MacOSX.sdk/System/Library/Frameworks/OpenGL.framework/Headers/gl.h:2474:13: note: 'glEnd' has been explicitly marked deprecated here
 2474 | extern void glEnd (void) OPENGL_DEPRECATED(10.0, 10.14);
      |             ^
generated/impl.c:69:5: warning: 'glMultMatrixf' is deprecated: first deprecated in macOS 10.14 - OpenGL API deprecated. (Define GL_SILENCE_DEPRECATION to silence these warnings) [-Wdeprecated-declarations]
   69 |     glMultMatrixf(matrix);
      |     ^
/Library/Developer/CommandLineTools/SDKs/MacOSX.sdk/System/Library/Frameworks/OpenGL.framework/Headers/gl.h:2591:13: note: 'glMultMatrixf' has been explicitly marked deprecated here
 2591 | extern void glMultMatrixf (const GLfloat *m) OPENGL_DEPRECATED(10.0, 10.14);
      |             ^
8 warnings generated.
In file included from game.c:33:
/Library/Developer/CommandLineTools/SDKs/MacOSX.sdk/System/Library/Frameworks/OpenGL.framework/Headers/gl3.h:15:2: warning: gl.h and gl3.h are both included.  Compiler will not invoke errors if using removed OpenGL functionality. [-W#warnings]
   15 | #warning gl.h and gl3.h are both included.  Compiler will not invoke errors if using removed OpenGL functionality.
      |  ^
In file included from game.c:79:
In file included from ./generated/auto_import.h:6:
In file included from ./generated/complete_api.h:14:
./generated/complete_api.def:2:18: error: typedef redefinition with different types ('struct Vector2' vs 'struct Vector2' (aka 'Vector2'))
    2 | API_TYPE(PUBLIC, Vector2,
      |                  ^
./../utils/SDL3/SDL3_compat.h:15:3: note: previous definition is here
   15 | } Vector2;
      |   ^
In file included from game.c:79:
In file included from ./generated/auto_import.h:6:
In file included from ./generated/complete_api.h:14:
./generated/complete_api.def:20:18: error: typedef redefinition with different types ('struct Color' vs 'struct Color' (aka 'Color'))
   20 | API_TYPE(PUBLIC, Color,
      |                  ^
./../utils/SDL3/SDL3_compat.h:29:3: note: previous definition is here
   29 | } Color;
      |   ^
In file included from game.c:79:
In file included from ./generated/auto_import.h:6:
In file included from ./generated/complete_api.h:14:
./generated/complete_api.def:27:18: error: typedef redefinition with different types ('struct Rectangle' vs 'struct Rectangle' (aka 'Rectangle'))
   27 | API_TYPE(PUBLIC, Rectangle,
      |                  ^
./../utils/SDL3/SDL3_compat.h:22:3: note: previous definition is here
   22 | } Rectangle;
      |   ^
In file included from game.c:79:
In file included from ./generated/auto_import.h:6:
In file included from ./generated/complete_api.h:14:
./generated/complete_api.def:35:13: error: typedef redefinition with different types ('int' vs 'enum KeyboardKey')
   35 | typedef int KeyboardKey;
      |             ^
./../utils/SDL3/SDL3_compat.h:94:3: note: previous definition is here
   94 | } KeyboardKey;
      |   ^
In file included from game.c:79:
In file included from ./generated/auto_import.h:6:
In file included from ./generated/complete_api.h:14:
./generated/complete_api.def:53:16: error: conflicting types for 'TextFormat'
   53 | API_FN(char *, TextFormat, (const char *text, ...))
      |                ^
./../utils/SDL3/SDL3_compat.h:168:13: note: previous declaration is here
  168 | const char *TextFormat(const char *text, ...);
      |             ^
In file included from game.c:79:
In file included from ./generated/auto_import.h:6:
In file included from ./generated/complete_api.h:14:
./generated/complete_api.def:77:13: error: conflicting types for 'CheckCollisionPointRec'
   77 | API_FN(int, CheckCollisionPointRec, (Vector2 point, Rectangle rec))
      |             ^
./../utils/SDL3/SDL3_compat.h:174:6: note: previous declaration is here
  174 | bool CheckCollisionPointRec(Vector2 point, Rectangle rec);
      |      ^
In file included from game.c:79:
In file included from ./generated/auto_import.h:6:
In file included from ./generated/complete_api.h:14:
./generated/complete_api.def:82:13: error: conflicting types for 'IsMouseButtonDown'
   82 | API_FN(int, IsMouseButtonDown, (int button))
      |             ^
./../utils/SDL3/SDL3_compat.h:137:6: note: previous declaration is here
  137 | bool IsMouseButtonDown(int button);
      |      ^
In file included from game.c:79:
In file included from ./generated/auto_import.h:6:
In file included from ./generated/complete_api.h:14:
./generated/complete_api.def:83:13: error: conflicting types for 'IsMouseButtonPressed'
   83 | API_FN(int, IsMouseButtonPressed, (int button))
      |             ^
./../utils/SDL3/SDL3_compat.h:138:6: note: previous declaration is here
  138 | bool IsMouseButtonPressed(int button);
      |      ^
In file included from game.c:79:
In file included from ./generated/auto_import.h:6:
./generated/complete_api.h:101:9: warning: 'MOUSE_LEFT_BUTTON' macro redefined [-Wmacro-redefined]
  101 | #define MOUSE_LEFT_BUTTON     (1)  // SDL_BUTTON_LEFT
      |         ^
./../utils/SDL3/SDL3_compat.h:102:9: note: previous definition is here
  102 | #define MOUSE_LEFT_BUTTON MOUSE_BUTTON_LEFT
      |         ^
In file included from game.c:79:
In file included from ./generated/auto_import.h:6:
./generated/complete_api.h:102:9: warning: 'MOUSE_RIGHT_BUTTON' macro redefined [-Wmacro-redefined]
  102 | #define MOUSE_RIGHT_BUTTON    (3)  // SDL_BUTTON_RIGHT
      |         ^
./../utils/SDL3/SDL3_compat.h:103:9: note: previous definition is here
  103 | #define MOUSE_RIGHT_BUTTON MOUSE_BUTTON_RIGHT
      |         ^
In file included from game.c:79:
In file included from ./generated/auto_import.h:9:
In file included from ./generated/impl.h:4:
./generated/impl.c:15:5: warning: 'glBegin' is deprecated: first deprecated in macOS 10.14 - OpenGL API deprecated. (Define GL_SILENCE_DEPRECATION to silence these warnings) [-Wdeprecated-declarations]
   15 |     glBegin(GL_LINE_LOOP);
      |     ^
/Library/Developer/CommandLineTools/SDKs/MacOSX.sdk/System/Library/Frameworks/OpenGL.framework/Headers/gl.h:2385:13: note: 'glBegin' has been explicitly marked deprecated here
 2385 | extern void glBegin (GLenum mode) OPENGL_DEPRECATED(10.0, 10.14);
      |             ^
In file included from game.c:79:
In file included from ./generated/auto_import.h:9:
In file included from ./generated/impl.h:4:
./generated/impl.c:16:5: warning: 'glColor4f' is deprecated: first deprecated in macOS 10.14 - OpenGL API deprecated. (Define GL_SILENCE_DEPRECATION to silence these warnings) [-Wdeprecated-declarations]
   16 |     glColor4f(color.r/255.0f, color.g/255.0f, color.b/255.0f, color.a/255.0f);
      |     ^
/Library/Developer/CommandLineTools/SDKs/MacOSX.sdk/System/Library/Frameworks/OpenGL.framework/Headers/gl.h:2421:13: note: 'glColor4f' has been explicitly marked deprecated here
 2421 | extern void glColor4f (GLfloat red, GLfloat green, GLfloat blue, GLfloat alpha) OPENGL_DEPRECATED(10.0, 10.14);
      |             ^
In file included from game.c:79:
In file included from ./generated/auto_import.h:9:
In file included from ./generated/impl.h:4:
./generated/impl.c:17:5: warning: 'glVertex2f' is deprecated: first deprecated in macOS 10.14 - OpenGL API deprecated. (Define GL_SILENCE_DEPRECATION to silence these warnings) [-Wdeprecated-declarations]
   17 |     glVertex2f(x, y);
      |     ^
/Library/Developer/CommandLineTools/SDKs/MacOSX.sdk/System/Library/Frameworks/OpenGL.framework/Headers/gl.h:2732:13: note: 'glVertex2f' has been explicitly marked deprecated here
 2732 | extern void glVertex2f (GLfloat x, GLfloat y) OPENGL_DEPRECATED(10.0, 10.14);
      |             ^
In file included from game.c:79:
In file included from ./generated/auto_import.h:9:
In file included from ./generated/impl.h:4:
./generated/impl.c:18:5: warning: 'glVertex2f' is deprecated: first deprecated in macOS 10.14 - OpenGL API deprecated. (Define GL_SILENCE_DEPRECATION to silence these warnings) [-Wdeprecated-declarations]
   18 |     glVertex2f(x + width, y);
      |     ^
/Library/Developer/CommandLineTools/SDKs/MacOSX.sdk/System/Library/Frameworks/OpenGL.framework/Headers/gl.h:2732:13: note: 'glVertex2f' has been explicitly marked deprecated here
 2732 | extern void glVertex2f (GLfloat x, GLfloat y) OPENGL_DEPRECATED(10.0, 10.14);
      |             ^
In file included from game.c:79:
In file included from ./generated/auto_import.h:9:
In file included from ./generated/impl.h:4:
./generated/impl.c:19:5: warning: 'glVertex2f' is deprecated: first deprecated in macOS 10.14 - OpenGL API deprecated. (Define GL_SILENCE_DEPRECATION to silence these warnings) [-Wdeprecated-declarations]
   19 |     glVertex2f(x + width, y + height);
      |     ^
/Library/Developer/CommandLineTools/SDKs/MacOSX.sdk/System/Library/Frameworks/OpenGL.framework/Headers/gl.h:2732:13: note: 'glVertex2f' has been explicitly marked deprecated here
 2732 | extern void glVertex2f (GLfloat x, GLfloat y) OPENGL_DEPRECATED(10.0, 10.14);
      |             ^
In file included from game.c:79:
In file included from ./generated/auto_import.h:9:
In file included from ./generated/impl.h:4:
./generated/impl.c:20:5: warning: 'glVertex2f' is deprecated: first deprecated in macOS 10.14 - OpenGL API deprecated. (Define GL_SILENCE_DEPRECATION to silence these warnings) [-Wdeprecated-declarations]
   20 |     glVertex2f(x, y + height);
      |     ^
/Library/Developer/CommandLineTools/SDKs/MacOSX.sdk/System/Library/Frameworks/OpenGL.framework/Headers/gl.h:2732:13: note: 'glVertex2f' has been explicitly marked deprecated here
 2732 | extern void glVertex2f (GLfloat x, GLfloat y) OPENGL_DEPRECATED(10.0, 10.14);
      |             ^
In file included from game.c:79:
In file included from ./generated/auto_import.h:9:
In file included from ./generated/impl.h:4:
./generated/impl.c:21:5: warning: 'glEnd' is deprecated: first deprecated in macOS 10.14 - OpenGL API deprecated. (Define GL_SILENCE_DEPRECATION to silence these warnings) [-Wdeprecated-declarations]
   21 |     glEnd();
      |     ^
/Library/Developer/CommandLineTools/SDKs/MacOSX.sdk/System/Library/Frameworks/OpenGL.framework/Headers/gl.h:2474:13: note: 'glEnd' has been explicitly marked deprecated here
 2474 | extern void glEnd (void) OPENGL_DEPRECATED(10.0, 10.14);
      |             ^
In file included from game.c:79:
In file included from ./generated/auto_import.h:9:
In file included from ./generated/impl.h:4:
./generated/impl.c:69:5: warning: 'glMultMatrixf' is deprecated: first deprecated in macOS 10.14 - OpenGL API deprecated. (Define GL_SILENCE_DEPRECATION to silence these warnings) [-Wdeprecated-declarations]
   69 |     glMultMatrixf(matrix);
      |     ^
/Library/Developer/CommandLineTools/SDKs/MacOSX.sdk/System/Library/Frameworks/OpenGL.framework/Headers/gl.h:2591:13: note: 'glMultMatrixf' has been explicitly marked deprecated here
 2591 | extern void glMultMatrixf (const GLfloat *m) OPENGL_DEPRECATED(10.0, 10.14);
      |             ^
game.c:405:3: warning: 'glMatrixMode' is deprecated: first deprecated in macOS 10.14 - OpenGL API deprecated. (Define GL_SILENCE_DEPRECATION to silence these warnings) [-Wdeprecated-declarations]
  405 |   glMatrixMode(GL_PROJECTION);
      |   ^
/Library/Developer/CommandLineTools/SDKs/MacOSX.sdk/System/Library/Frameworks/OpenGL.framework/Headers/gl.h:2588:13: note: 'glMatrixMode' has been explicitly marked deprecated here
 2588 | extern void glMatrixMode (GLenum mode) OPENGL_DEPRECATED(10.0, 10.14);
      |             ^
game.c:406:3: warning: 'glLoadIdentity' is deprecated: first deprecated in macOS 10.14 - OpenGL API deprecated. (Define GL_SILENCE_DEPRECATION to silence these warnings) [-Wdeprecated-declarations]
  406 |   glLoadIdentity();
      |   ^
/Library/Developer/CommandLineTools/SDKs/MacOSX.sdk/System/Library/Frameworks/OpenGL.framework/Headers/gl.h:2571:13: note: 'glLoadIdentity' has been explicitly marked deprecated here
 2571 | extern void glLoadIdentity (void) OPENGL_DEPRECATED(10.0, 10.14);
      |             ^
game.c:407:3: warning: 'glOrtho' is deprecated: first deprecated in macOS 10.14 - OpenGL API deprecated. (Define GL_SILENCE_DEPRECATION to silence these warnings) [-Wdeprecated-declarations]
  407 |   glOrtho(0.0, w, h, 0.0, -1.0, 1.0);
      |   ^
/Library/Developer/CommandLineTools/SDKs/MacOSX.sdk/System/Library/Frameworks/OpenGL.framework/Headers/gl.h:2604:13: note: 'glOrtho' has been explicitly marked deprecated here
 2604 | extern void glOrtho (GLdouble left, GLdouble right, GLdouble bottom, GLdouble top, GLdouble zNear, GLdouble zFar) OPENGL_DEPRECATED(10.0, 10.14);
      |             ^
game.c:408:3: warning: 'glMatrixMode' is deprecated: first deprecated in macOS 10.14 - OpenGL API deprecated. (Define GL_SILENCE_DEPRECATION to silence these warnings) [-Wdeprecated-declarations]
  408 |   glMatrixMode(GL_MODELVIEW);
      |   ^
/Library/Developer/CommandLineTools/SDKs/MacOSX.sdk/System/Library/Frameworks/OpenGL.framework/Headers/gl.h:2588:13: note: 'glMatrixMode' has been explicitly marked deprecated here
 2588 | extern void glMatrixMode (GLenum mode) OPENGL_DEPRECATED(10.0, 10.14);
      |             ^
game.c:409:3: warning: 'glLoadIdentity' is deprecated: first deprecated in macOS 10.14 - OpenGL API deprecated. (Define GL_SILENCE_DEPRECATION to silence these warnings) [-Wdeprecated-declarations]
  409 |   glLoadIdentity();
      |   ^
/Library/Developer/CommandLineTools/SDKs/MacOSX.sdk/System/Library/Frameworks/OpenGL.framework/Headers/gl.h:2571:13: note: 'glLoadIdentity' has been explicitly marked deprecated here
 2571 | extern void glLoadIdentity (void) OPENGL_DEPRECATED(10.0, 10.14);
      |             ^
game.c:702:9: warning: 'MOUSE_BUTTON_LEFT' macro redefined [-Wmacro-redefined]
  702 | #define MOUSE_BUTTON_LEFT SDL_BUTTON_LEFT
      |         ^
game.c:549:9: note: previous definition is here
  549 | #define MOUSE_BUTTON_LEFT 1
      |         ^
game.c:703:9: warning: 'MOUSE_BUTTON_RIGHT' macro redefined [-Wmacro-redefined]
  703 | #define MOUSE_BUTTON_RIGHT SDL_BUTTON_RIGHT
      |         ^
game.c:550:9: note: previous definition is here
  550 | #define MOUSE_BUTTON_RIGHT 2
      |         ^
game.c:977:1: warning: '/*' within block comment [-Wcomment]
  977 | /* =======================
      | ^
game.c:1581:47: warning: implicit conversion from enumeration type 'enum SDL_Scancode' to different enumeration type 'KeyboardKey' [-Wenum-conversion]
 1581 |     {"Harvest", KEY_E, KEY_NULL},    {"Fire", KEY_SPACE, KEY_NULL},
      |                                      ~        ^~~~~~~~~
./generated/complete_api.h:46:28: note: expanded from macro 'KEY_SPACE'
   46 | #define KEY_SPACE         (SDL_SCANCODE_SPACE)
      |                            ^~~~~~~~~~~~~~~~~~
game.c:1581:17: warning: implicit conversion from enumeration type 'enum SDL_Scancode' to different enumeration type 'KeyboardKey' [-Wenum-conversion]
 1581 |     {"Harvest", KEY_E, KEY_NULL},    {"Fire", KEY_SPACE, KEY_NULL},
      |     ~           ^~~~~
./generated/complete_api.h:68:28: note: expanded from macro 'KEY_E'
   68 | #define KEY_E             (SDL_SCANCODE_E)
      |                            ^~~~~~~~~~~~~~
game.c:1580:49: warning: implicit conversion from enumeration type 'enum SDL_Scancode' to different enumeration type 'KeyboardKey' [-Wenum-conversion]
 1580 |     {"Pause", KEY_P, KEY_ESCAPE},    {"Attack", KEY_F, KEY_NULL},
      |                                      ~          ^~~~~
./generated/complete_api.h:69:28: note: expanded from macro 'KEY_F'
   69 | #define KEY_F             (SDL_SCANCODE_F)
      |                            ^~~~~~~~~~~~~~
game.c:1580:22: warning: implicit conversion from enumeration type 'enum SDL_Scancode' to different enumeration type 'KeyboardKey' [-Wenum-conversion]
 1580 |     {"Pause", KEY_P, KEY_ESCAPE},    {"Attack", KEY_F, KEY_NULL},
      |     ~                ^~~~~~~~~~
game.c:574:20: note: expanded from macro 'KEY_ESCAPE'
  574 | #define KEY_ESCAPE SDL_SCANCODE_ESCAPE
      |                    ^~~~~~~~~~~~~~~~~~~
game.c:1580:15: warning: implicit conversion from enumeration type 'enum SDL_Scancode' to different enumeration type 'KeyboardKey' [-Wenum-conversion]
 1580 |     {"Pause", KEY_P, KEY_ESCAPE},    {"Attack", KEY_F, KEY_NULL},
      |     ~         ^~~~~
./generated/complete_api.h:79:28: note: expanded from macro 'KEY_P'
   79 | #define KEY_P             (SDL_SCANCODE_P)
      |                            ^~~~~~~~~~~~~~
game.c:1579:49: warning: implicit conversion from enumeration type 'enum SDL_Scancode' to different enumeration type 'KeyboardKey' [-Wenum-conversion]
 1579 |     {"Jump", KEY_SPACE, KEY_NULL},   {"Sprint", KEY_LEFT_SHIFT, KEY_NULL},
      |                                      ~          ^~~~~~~~~~~~~~
./generated/complete_api.h:90:29: note: expanded from macro 'KEY_LEFT_SHIFT'
   90 | #define KEY_LEFT_SHIFT     (SDL_SCANCODE_LSHIFT)
      |                             ^~~~~~~~~~~~~~~~~~~
game.c:1579:14: warning: implicit conversion from enumeration type 'enum SDL_Scancode' to different enumeration type 'KeyboardKey' [-Wenum-conversion]
 1579 |     {"Jump", KEY_SPACE, KEY_NULL},   {"Sprint", KEY_LEFT_SHIFT, KEY_NULL},
      |     ~        ^~~~~~~~~
./generated/complete_api.h:46:28: note: expanded from macro 'KEY_SPACE'
   46 | #define KEY_SPACE         (SDL_SCANCODE_SPACE)
      |                            ^~~~~~~~~~~~~~~~~~
game.c:1578:60: warning: implicit conversion from enumeration type 'enum SDL_Scancode' to different enumeration type 'KeyboardKey' [-Wenum-conversion]
 1578 |     {"Move Left", KEY_A, KEY_LEFT},  {"Move Right", KEY_D, KEY_RIGHT},
      |                                      ~                     ^~~~~~~~~
game.c:655:19: note: expanded from macro 'KEY_RIGHT'
  655 | #define KEY_RIGHT SDL_SCANCODE_RIGHT
      |                   ^~~~~~~~~~~~~~~~~~
game.c:1578:53: warning: implicit conversion from enumeration type 'enum SDL_Scancode' to different enumeration type 'KeyboardKey' [-Wenum-conversion]
 1578 |     {"Move Left", KEY_A, KEY_LEFT},  {"Move Right", KEY_D, KEY_RIGHT},
      |                                      ~              ^~~~~
./generated/complete_api.h:67:28: note: expanded from macro 'KEY_D'
   67 | #define KEY_D             (SDL_SCANCODE_D)
      |                            ^~~~~~~~~~~~~~
game.c:1578:26: warning: implicit conversion from enumeration type 'enum SDL_Scancode' to different enumeration type 'KeyboardKey' [-Wenum-conversion]
 1578 |     {"Move Left", KEY_A, KEY_LEFT},  {"Move Right", KEY_D, KEY_RIGHT},
      |     ~                    ^~~~~~~~
game.c:652:18: note: expanded from macro 'KEY_LEFT'
  652 | #define KEY_LEFT SDL_SCANCODE_LEFT
      |                  ^~~~~~~~~~~~~~~~~
game.c:1578:19: warning: implicit conversion from enumeration type 'enum SDL_Scancode' to different enumeration type 'KeyboardKey' [-Wenum-conversion]
 1578 |     {"Move Left", KEY_A, KEY_LEFT},  {"Move Right", KEY_D, KEY_RIGHT},
      |     ~             ^~~~~
./generated/complete_api.h:64:28: note: expanded from macro 'KEY_A'
   64 | #define KEY_A             (SDL_SCANCODE_A)
      |                            ^~~~~~~~~~~~~~
game.c:1577:59: warning: implicit conversion from enumeration type 'enum SDL_Scancode' to different enumeration type 'KeyboardKey' [-Wenum-conversion]
 1577 |     {"Move Forward", KEY_W, KEY_UP}, {"Move Back", KEY_S, KEY_DOWN},
      |                                      ~                    ^~~~~~~~
game.c:649:18: note: expanded from macro 'KEY_DOWN'
  649 | #define KEY_DOWN SDL_SCANCODE_DOWN
      |                  ^~~~~~~~~~~~~~~~~
game.c:1577:52: warning: implicit conversion from enumeration type 'enum SDL_Scancode' to different enumeration type 'KeyboardKey' [-Wenum-conversion]
 1577 |     {"Move Forward", KEY_W, KEY_UP}, {"Move Back", KEY_S, KEY_DOWN},
      |                                      ~             ^~~~~
./generated/complete_api.h:82:28: note: expanded from macro 'KEY_S'
   82 | #define KEY_S             (SDL_SCANCODE_S)
      |                            ^~~~~~~~~~~~~~
game.c:1577:29: warning: implicit conversion from enumeration type 'enum SDL_Scancode' to different enumeration type 'KeyboardKey' [-Wenum-conversion]
 1577 |     {"Move Forward", KEY_W, KEY_UP}, {"Move Back", KEY_S, KEY_DOWN},
      |     ~                       ^~~~~~
game.c:646:16: note: expanded from macro 'KEY_UP'
  646 | #define KEY_UP SDL_SCANCODE_UP
      |                ^~~~~~~~~~~~~~~
game.c:1577:22: warning: implicit conversion from enumeration type 'enum SDL_Scancode' to different enumeration type 'KeyboardKey' [-Wenum-conversion]
 1577 |     {"Move Forward", KEY_W, KEY_UP}, {"Move Back", KEY_S, KEY_DOWN},
      |     ~                ^~~~~
./generated/complete_api.h:86:28: note: expanded from macro 'KEY_W'
   86 | #define KEY_W             (SDL_SCANCODE_W)
      |                            ^~~~~~~~~~~~~~
game.c:1636:9: warning: comparison of different enumeration types ('KeyboardKey' and 'enum SDL_Scancode') [-Wenum-compare]
 1636 |   if (k >= KEY_A && k <= KEY_Z) {
      |       ~ ^  ~~~~~
game.c:1636:23: warning: comparison of different enumeration types ('KeyboardKey' and 'enum SDL_Scancode') [-Wenum-compare]
 1636 |   if (k >= KEY_A && k <= KEY_Z) {
      |                     ~ ^  ~~~~~
game.c:1646:9: warning: comparison of different enumeration types ('KeyboardKey' and 'enum SDL_Scancode') [-Wenum-compare]
 1646 |   if (k >= KEY_ONE && k <= KEY_ZERO) {
      |       ~ ^  ~~~~~~~
game.c:1646:25: warning: comparison of different enumeration types ('KeyboardKey' and 'enum SDL_Scancode') [-Wenum-compare]
 1646 |   if (k >= KEY_ONE && k <= KEY_ZERO) {
      |                       ~ ^  ~~~~~~~~
game.c:1669:8: warning: case value not in enumerated type 'KeyboardKey' [-Wswitch]
 1669 |   case KEY_ENTER:
      |        ^
./generated/complete_api.h:96:28: note: expanded from macro 'KEY_ENTER'
   96 | #define KEY_ENTER          (SDL_SCANCODE_RETURN)
      |                            ^
game.c:1673:8: warning: case value not in enumerated type 'KeyboardKey' [-Wswitch]
 1673 |   case KEY_ESCAPE:
      |        ^
game.c:574:20: note: expanded from macro 'KEY_ESCAPE'
  574 | #define KEY_ESCAPE SDL_SCANCODE_ESCAPE
      |                    ^
game.c:1671:8: warning: case value not in enumerated type 'KeyboardKey' [-Wswitch]
 1671 |   case KEY_BACKSPACE:
      |        ^
./generated/complete_api.h:97:28: note: expanded from macro 'KEY_BACKSPACE'
   97 | #define KEY_BACKSPACE      (SDL_SCANCODE_BACKSPACE)
      |                            ^
game.c:1667:8: warning: case value not in enumerated type 'KeyboardKey' [-Wswitch]
 1667 |   case KEY_TAB:
      |        ^
./generated/complete_api.h:98:28: note: expanded from macro 'KEY_TAB'
   98 | #define KEY_TAB            (SDL_SCANCODE_TAB)
      |                            ^
game.c:1665:8: warning: case value not in enumerated type 'KeyboardKey' [-Wswitch]
 1665 |   case KEY_SPACE:
      |        ^
./generated/complete_api.h:46:27: note: expanded from macro 'KEY_SPACE'
   46 | #define KEY_SPACE         (SDL_SCANCODE_SPACE)
      |                           ^
game.c:1675:8: warning: case value not in enumerated type 'KeyboardKey' [-Wswitch]
 1675 |   case KEY_MINUS:
      |        ^
./generated/complete_api.h:49:27: note: expanded from macro 'KEY_MINUS'
   49 | #define KEY_MINUS         (SDL_SCANCODE_MINUS)
      |                           ^
game.c:1677:8: warning: case value not in enumerated type 'KeyboardKey' [-Wswitch]
 1677 |   case KEY_EQUAL:
      |        ^
./generated/complete_api.h:63:27: note: expanded from macro 'KEY_EQUAL'
   63 | #define KEY_EQUAL         (SDL_SCANCODE_EQUALS)
      |                           ^
game.c:1681:8: warning: case value not in enumerated type 'KeyboardKey' [-Wswitch]
 1681 |   case KEY_F5:
      |        ^
game.c:700:16: note: expanded from macro 'KEY_F5'
  700 | #define KEY_F5 SDL_SCANCODE_F5
      |                ^
game.c:1683:8: warning: case value not in enumerated type 'KeyboardKey' [-Wswitch]
 1683 |   case KEY_F6:
      |        ^
game.c:637:16: note: expanded from macro 'KEY_F6'
  637 | #define KEY_F6 SDL_SCANCODE_F6
      |                ^
game.c:1685:8: warning: case value not in enumerated type 'KeyboardKey' [-Wswitch]
 1685 |   case KEY_F7:
      |        ^
game.c:640:16: note: expanded from macro 'KEY_F7'
  640 | #define KEY_F7 SDL_SCANCODE_F7
      |                ^
game.c:1663:8: warning: case value not in enumerated type 'KeyboardKey' [-Wswitch]
 1663 |   case KEY_RIGHT:
      |        ^
game.c:655:19: note: expanded from macro 'KEY_RIGHT'
  655 | #define KEY_RIGHT SDL_SCANCODE_RIGHT
      |                   ^
game.c:1661:8: warning: case value not in enumerated type 'KeyboardKey' [-Wswitch]
 1661 |   case KEY_LEFT:
      |        ^
game.c:652:18: note: expanded from macro 'KEY_LEFT'
  652 | #define KEY_LEFT SDL_SCANCODE_LEFT
      |                  ^
game.c:1659:8: warning: case value not in enumerated type 'KeyboardKey' [-Wswitch]
 1659 |   case KEY_DOWN:
      |        ^
game.c:649:18: note: expanded from macro 'KEY_DOWN'
  649 | #define KEY_DOWN SDL_SCANCODE_DOWN
      |                  ^
game.c:1657:8: warning: case value not in enumerated type 'KeyboardKey' [-Wswitch]
 1657 |   case KEY_UP:
      |        ^
game.c:646:16: note: expanded from macro 'KEY_UP'
  646 | #define KEY_UP SDL_SCANCODE_UP
      |                ^
game.c:1704:12: warning: implicit conversion from enumeration type 'enum SDL_Scancode' to different enumeration type 'KeyboardKey' [-Wenum-conversion]
 1704 |     return KEY_UP;
      |     ~~~~~~ ^~~~~~
game.c:646:16: note: expanded from macro 'KEY_UP'
  646 | #define KEY_UP SDL_SCANCODE_UP
      |                ^~~~~~~~~~~~~~~
game.c:1706:12: warning: implicit conversion from enumeration type 'enum SDL_Scancode' to different enumeration type 'KeyboardKey' [-Wenum-conversion]
 1706 |     return KEY_DOWN;
      |     ~~~~~~ ^~~~~~~~
game.c:649:18: note: expanded from macro 'KEY_DOWN'
  649 | #define KEY_DOWN SDL_SCANCODE_DOWN
      |                  ^~~~~~~~~~~~~~~~~
game.c:1708:12: warning: implicit conversion from enumeration type 'enum SDL_Scancode' to different enumeration type 'KeyboardKey' [-Wenum-conversion]
 1708 |     return KEY_LEFT;
      |     ~~~~~~ ^~~~~~~~
game.c:652:18: note: expanded from macro 'KEY_LEFT'
  652 | #define KEY_LEFT SDL_SCANCODE_LEFT
      |                  ^~~~~~~~~~~~~~~~~
game.c:1710:12: warning: implicit conversion from enumeration type 'enum SDL_Scancode' to different enumeration type 'KeyboardKey' [-Wenum-conversion]
 1710 |     return KEY_RIGHT;
      |     ~~~~~~ ^~~~~~~~~
game.c:655:19: note: expanded from macro 'KEY_RIGHT'
  655 | #define KEY_RIGHT SDL_SCANCODE_RIGHT
      |                   ^~~~~~~~~~~~~~~~~~
game.c:1712:12: warning: implicit conversion from enumeration type 'enum SDL_Scancode' to different enumeration type 'KeyboardKey' [-Wenum-conversion]
 1712 |     return KEY_SPACE;
      |     ~~~~~~ ^~~~~~~~~
./generated/complete_api.h:46:28: note: expanded from macro 'KEY_SPACE'
   46 | #define KEY_SPACE         (SDL_SCANCODE_SPACE)
      |                            ^~~~~~~~~~~~~~~~~~
game.c:1714:12: warning: implicit conversion from enumeration type 'enum SDL_Scancode' to different enumeration type 'KeyboardKey' [-Wenum-conversion]
 1714 |     return KEY_TAB;
      |     ~~~~~~ ^~~~~~~
./generated/complete_api.h:98:29: note: expanded from macro 'KEY_TAB'
   98 | #define KEY_TAB            (SDL_SCANCODE_TAB)
      |                             ^~~~~~~~~~~~~~~~
game.c:1716:12: warning: implicit conversion from enumeration type 'enum SDL_Scancode' to different enumeration type 'KeyboardKey' [-Wenum-conversion]
 1716 |     return KEY_ENTER;
      |     ~~~~~~ ^~~~~~~~~
./generated/complete_api.h:96:29: note: expanded from macro 'KEY_ENTER'
   96 | #define KEY_ENTER          (SDL_SCANCODE_RETURN)
      |                             ^~~~~~~~~~~~~~~~~~~
game.c:1718:12: warning: implicit conversion from enumeration type 'enum SDL_Scancode' to different enumeration type 'KeyboardKey' [-Wenum-conversion]
 1718 |     return KEY_BACKSPACE;
      |     ~~~~~~ ^~~~~~~~~~~~~
./generated/complete_api.h:97:29: note: expanded from macro 'KEY_BACKSPACE'
   97 | #define KEY_BACKSPACE      (SDL_SCANCODE_BACKSPACE)
      |                             ^~~~~~~~~~~~~~~~~~~~~~
game.c:1720:12: warning: implicit conversion from enumeration type 'enum SDL_Scancode' to different enumeration type 'KeyboardKey' [-Wenum-conversion]
 1720 |     return KEY_ESCAPE;
      |     ~~~~~~ ^~~~~~~~~~
game.c:574:20: note: expanded from macro 'KEY_ESCAPE'
  574 | #define KEY_ESCAPE SDL_SCANCODE_ESCAPE
      |                    ^~~~~~~~~~~~~~~~~~~
game.c:1722:12: warning: implicit conversion from enumeration type 'enum SDL_Scancode' to different enumeration type 'KeyboardKey' [-Wenum-conversion]
 1722 |     return KEY_MINUS;
      |     ~~~~~~ ^~~~~~~~~
./generated/complete_api.h:49:28: note: expanded from macro 'KEY_MINUS'
   49 | #define KEY_MINUS         (SDL_SCANCODE_MINUS)
      |                            ^~~~~~~~~~~~~~~~~~
game.c:1724:12: warning: implicit conversion from enumeration type 'enum SDL_Scancode' to different enumeration type 'KeyboardKey' [-Wenum-conversion]
 1724 |     return KEY_EQUAL;
      |     ~~~~~~ ^~~~~~~~~
./generated/complete_api.h:63:28: note: expanded from macro 'KEY_EQUAL'
   63 | #define KEY_EQUAL         (SDL_SCANCODE_EQUALS)
      |                            ^~~~~~~~~~~~~~~~~~~
game.c:1726:12: warning: implicit conversion from enumeration type 'enum SDL_Scancode' to different enumeration type 'KeyboardKey' [-Wenum-conversion]
 1726 |     return KEY_LEFT_SHIFT;
      |     ~~~~~~ ^~~~~~~~~~~~~~
./generated/complete_api.h:90:29: note: expanded from macro 'KEY_LEFT_SHIFT'
   90 | #define KEY_LEFT_SHIFT     (SDL_SCANCODE_LSHIFT)
      |                             ^~~~~~~~~~~~~~~~~~~
game.c:1728:12: warning: implicit conversion from enumeration type 'enum SDL_Scancode' to different enumeration type 'KeyboardKey' [-Wenum-conversion]
 1728 |     return KEY_F5;
      |     ~~~~~~ ^~~~~~
game.c:700:16: note: expanded from macro 'KEY_F5'
  700 | #define KEY_F5 SDL_SCANCODE_F5
      |                ^~~~~~~~~~~~~~~
game.c:1730:12: warning: implicit conversion from enumeration type 'enum SDL_Scancode' to different enumeration type 'KeyboardKey' [-Wenum-conversion]
 1730 |     return KEY_F6;
      |     ~~~~~~ ^~~~~~
game.c:637:16: note: expanded from macro 'KEY_F6'
  637 | #define KEY_F6 SDL_SCANCODE_F6
      |                ^~~~~~~~~~~~~~~
game.c:1732:12: warning: implicit conversion from enumeration type 'enum SDL_Scancode' to different enumeration type 'KeyboardKey' [-Wenum-conversion]
 1732 |     return KEY_F7;
      |     ~~~~~~ ^~~~~~
game.c:640:16: note: expanded from macro 'KEY_F7'
  640 | #define KEY_F7 SDL_SCANCODE_F7
      |                ^~~~~~~~~~~~~~~
game.c:3848:3: warning: 'glBegin' is deprecated: first deprecated in macOS 10.14 - OpenGL API deprecated. (Define GL_SILENCE_DEPRECATION to silence these warnings) [-Wdeprecated-declarations]
 3848 |   glBegin(GL_QUADS);
      |   ^
/Library/Developer/CommandLineTools/SDKs/MacOSX.sdk/System/Library/Frameworks/OpenGL.framework/Headers/gl.h:2385:13: note: 'glBegin' has been explicitly marked deprecated here
 2385 | extern void glBegin (GLenum mode) OPENGL_DEPRECATED(10.0, 10.14);
      |             ^
game.c:3849:3: warning: 'glColor4f' is deprecated: first deprecated in macOS 10.14 - OpenGL API deprecated. (Define GL_SILENCE_DEPRECATION to silence these warnings) [-Wdeprecated-declarations]
 3849 |   glColor4f(0.0f, 0.0f, 0.0f, 160.0f / 255.0f);
      |   ^
/Library/Developer/CommandLineTools/SDKs/MacOSX.sdk/System/Library/Frameworks/OpenGL.framework/Headers/gl.h:2421:13: note: 'glColor4f' has been explicitly marked deprecated here
 2421 | extern void glColor4f (GLfloat red, GLfloat green, GLfloat blue, GLfloat alpha) OPENGL_DEPRECATED(10.0, 10.14);
      |             ^
game.c:3850:3: warning: 'glVertex2f' is deprecated: first deprecated in macOS 10.14 - OpenGL API deprecated. (Define GL_SILENCE_DEPRECATION to silence these warnings) [-Wdeprecated-declarations]
 3850 |   glVertex2f(sp.x - w * 0.5f, sp.y - h);
      |   ^
/Library/Developer/CommandLineTools/SDKs/MacOSX.sdk/System/Library/Frameworks/OpenGL.framework/Headers/gl.h:2732:13: note: 'glVertex2f' has been explicitly marked deprecated here
 2732 | extern void glVertex2f (GLfloat x, GLfloat y) OPENGL_DEPRECATED(10.0, 10.14);
      |             ^
game.c:3851:3: warning: 'glVertex2f' is deprecated: first deprecated in macOS 10.14 - OpenGL API deprecated. (Define GL_SILENCE_DEPRECATION to silence these warnings) [-Wdeprecated-declarations]
 3851 |   glVertex2f(sp.x + w * 0.5f, sp.y - h);
      |   ^
/Library/Developer/CommandLineTools/SDKs/MacOSX.sdk/System/Library/Frameworks/OpenGL.framework/Headers/gl.h:2732:13: note: 'glVertex2f' has been explicitly marked deprecated here
 2732 | extern void glVertex2f (GLfloat x, GLfloat y) OPENGL_DEPRECATED(10.0, 10.14);
      |             ^
game.c:3852:3: warning: 'glVertex2f' is deprecated: first deprecated in macOS 10.14 - OpenGL API deprecated. (Define GL_SILENCE_DEPRECATION to silence these warnings) [-Wdeprecated-declarations]
 3852 |   glVertex2f(sp.x + w * 0.5f, sp.y);
      |   ^
/Library/Developer/CommandLineTools/SDKs/MacOSX.sdk/System/Library/Frameworks/OpenGL.framework/Headers/gl.h:2732:13: note: 'glVertex2f' has been explicitly marked deprecated here
 2732 | extern void glVertex2f (GLfloat x, GLfloat y) OPENGL_DEPRECATED(10.0, 10.14);
      |             ^
game.c:3853:3: warning: 'glVertex2f' is deprecated: first deprecated in macOS 10.14 - OpenGL API deprecated. (Define GL_SILENCE_DEPRECATION to silence these warnings) [-Wdeprecated-declarations]
 3853 |   glVertex2f(sp.x - w * 0.5f, sp.y);
      |   ^
/Library/Developer/CommandLineTools/SDKs/MacOSX.sdk/System/Library/Frameworks/OpenGL.framework/Headers/gl.h:2732:13: note: 'glVertex2f' has been explicitly marked deprecated here
 2732 | extern void glVertex2f (GLfloat x, GLfloat y) OPENGL_DEPRECATED(10.0, 10.14);
      |             ^
game.c:3854:3: warning: 'glEnd' is deprecated: first deprecated in macOS 10.14 - OpenGL API deprecated. (Define GL_SILENCE_DEPRECATION to silence these warnings) [-Wdeprecated-declarations]
 3854 |   glEnd();
      |   ^
/Library/Developer/CommandLineTools/SDKs/MacOSX.sdk/System/Library/Frameworks/OpenGL.framework/Headers/gl.h:2474:13: note: 'glEnd' has been explicitly marked deprecated here
 2474 | extern void glEnd (void) OPENGL_DEPRECATED(10.0, 10.14);
      |             ^
game.c:5598:46: warning: incompatible pointer types passing 'struct (unnamed struct at game.c:336:3) *' to parameter of type 'const MuConfig *' [-Wincompatible-pointer-types]
 5598 |   g_muze_model = mu_model_create_nn_with_cfg(&g_muze_cfg.model, &g_muze_cfg.nn);
      |                                              ^~~~~~~~~~~~~~~~~
./../utils/NN/MUZE/muzero_model.h:157:54: note: passing argument to parameter 'cfg' here
  157 | MuModel *mu_model_create_nn_with_cfg(const MuConfig *cfg,
      |                                                      ^
game.c:5598:65: warning: incompatible pointer types passing 'struct (unnamed struct at game.c:324:3) *' to parameter of type 'const MuNNConfig *' [-Wincompatible-pointer-types]
 5598 |   g_muze_model = mu_model_create_nn_with_cfg(&g_muze_cfg.model, &g_muze_cfg.nn);
      |                                                                 ^~~~~~~~~~~~~~
./../utils/NN/MUZE/muzero_model.h:158:56: note: passing argument to parameter 'nn_cfg' here
  158 |                                      const MuNNConfig *nn_cfg);
      |                                                        ^
game.c:6722:19: error: use of undeclared identifier 'STAMINA_DRAIN_RATE'
 6722 |     float drain = STAMINA_DRAIN_RATE;
      |                   ^
game.c:6734:34: error: use of undeclared identifier 'PLAYER_JUMP_SPEED'
 6734 |     const float MIN_JUMP_SPEED = PLAYER_JUMP_SPEED * 0.6f; // Minimum jump speed
      |                                  ^
game.c:6735:34: error: use of undeclared identifier 'PLAYER_JUMP_SPEED'; did you mean 'MIN_JUMP_SPEED'?
 6735 |     const float MAX_JUMP_SPEED = PLAYER_JUMP_SPEED * 1.2f; // Maximum jump speed
      |                                  ^~~~~~~~~~~~~~~~~
      |                                  MIN_JUMP_SPEED
game.c:6734:17: note: 'MIN_JUMP_SPEED' declared here
 6734 |     const float MIN_JUMP_SPEED = PLAYER_JUMP_SPEED * 0.6f; // Minimum jump speed
      |                 ^
game.c:6780:20: error: use of undeclared identifier 'PLAYER_GRAVITY'
 6780 |     g_player_vy -= PLAYER_GRAVITY * dt;
      |                    ^
game.c:6859:28: error: use of undeclared identifier 'BOW_CHARGE_TIME'
 6859 |       bow_charge01 += dt / BOW_CHARGE_TIME;
      |                            ^
game.c:6868:27: error: use of undeclared identifier 'BOW_CHARGE_MIN01'
 6868 |           bow_charge01 >= BOW_CHARGE_MIN01) {
      |                           ^
game.c:6885:26: error: use of undeclared identifier 'PLAYER_FIRE_COOLDOWN'
 6885 |         player_fire_cd = PLAYER_FIRE_COOLDOWN;
      |                          ^
game.c:6971:3: warning: 'glBegin' is deprecated: first deprecated in macOS 10.14 - OpenGL API deprecated. (Define GL_SILENCE_DEPRECATION to silence these warnings) [-Wdeprecated-declarations]
 6971 |   glBegin(GL_QUADS);
      |   ^
/Library/Developer/CommandLineTools/SDKs/MacOSX.sdk/System/Library/Frameworks/OpenGL.framework/Headers/gl.h:2385:13: note: 'glBegin' has been explicitly marked deprecated here
 2385 | extern void glBegin (GLenum mode) OPENGL_DEPRECATED(10.0, 10.14);
      |             ^
game.c:6972:3: warning: 'glColor4f' is deprecated: first deprecated in macOS 10.14 - OpenGL API deprecated. (Define GL_SILENCE_DEPRECATION to silence these warnings) [-Wdeprecated-declarations]
 6972 |   glColor4f(0.0f, 0.0f, 0.0f, 110.0f / 255.0f);
      |   ^
/Library/Developer/CommandLineTools/SDKs/MacOSX.sdk/System/Library/Frameworks/OpenGL.framework/Headers/gl.h:2421:13: note: 'glColor4f' has been explicitly marked deprecated here
 2421 | extern void glColor4f (GLfloat red, GLfloat green, GLfloat blue, GLfloat alpha) OPENGL_DEPRECATED(10.0, 10.14);
      |             ^
game.c:6973:3: warning: 'glVertex2f' is deprecated: first deprecated in macOS 10.14 - OpenGL API deprecated. (Define GL_SILENCE_DEPRECATION to silence these warnings) [-Wdeprecated-declarations]
 6973 |   glVertex2f(14, 14);
      |   ^
/Library/Developer/CommandLineTools/SDKs/MacOSX.sdk/System/Library/Frameworks/OpenGL.framework/Headers/gl.h:2732:13: note: 'glVertex2f' has been explicitly marked deprecated here
 2732 | extern void glVertex2f (GLfloat x, GLfloat y) OPENGL_DEPRECATED(10.0, 10.14);
      |             ^
game.c:6974:3: warning: 'glVertex2f' is deprecated: first deprecated in macOS 10.14 - OpenGL API deprecated. (Define GL_SILENCE_DEPRECATION to silence these warnings) [-Wdeprecated-declarations]
 6974 |   glVertex2f(14 + 280, 14);
      |   ^
/Library/Developer/CommandLineTools/SDKs/MacOSX.sdk/System/Library/Frameworks/OpenGL.framework/Headers/gl.h:2732:13: note: 'glVertex2f' has been explicitly marked deprecated here
 2732 | extern void glVertex2f (GLfloat x, GLfloat y) OPENGL_DEPRECATED(10.0, 10.14);
      |             ^
game.c:6975:3: warning: 'glVertex2f' is deprecated: first deprecated in macOS 10.14 - OpenGL API deprecated. (Define GL_SILENCE_DEPRECATION to silence these warnings) [-Wdeprecated-declarations]
 6975 |   glVertex2f(14 + 280, 14 + 128);
      |   ^
/Library/Developer/CommandLineTools/SDKs/MacOSX.sdk/System/Library/Frameworks/OpenGL.framework/Headers/gl.h:2732:13: note: 'glVertex2f' has been explicitly marked deprecated here
 2732 | extern void glVertex2f (GLfloat x, GLfloat y) OPENGL_DEPRECATED(10.0, 10.14);
      |             ^
game.c:6976:3: warning: 'glVertex2f' is deprecated: first deprecated in macOS 10.14 - OpenGL API deprecated. (Define GL_SILENCE_DEPRECATION to silence these warnings) [-Wdeprecated-declarations]
 6976 |   glVertex2f(14, 14 + 128);
      |   ^
/Library/Developer/CommandLineTools/SDKs/MacOSX.sdk/System/Library/Frameworks/OpenGL.framework/Headers/gl.h:2732:13: note: 'glVertex2f' has been explicitly marked deprecated here
 2732 | extern void glVertex2f (GLfloat x, GLfloat y) OPENGL_DEPRECATED(10.0, 10.14);
      |             ^
game.c:6977:3: warning: 'glEnd' is deprecated: first deprecated in macOS 10.14 - OpenGL API deprecated. (Define GL_SILENCE_DEPRECATION to silence these warnings) [-Wdeprecated-declarations]
 6977 |   glEnd();
      |   ^
/Library/Developer/CommandLineTools/SDKs/MacOSX.sdk/System/Library/Frameworks/OpenGL.framework/Headers/gl.h:2474:13: note: 'glEnd' has been explicitly marked deprecated here
 2474 | extern void glEnd (void) OPENGL_DEPRECATED(10.0, 10.14);
      |             ^
game.c:6990:3: warning: 'glBegin' is deprecated: first deprecated in macOS 10.14 - OpenGL API deprecated. (Define GL_SILENCE_DEPRECATION to silence these warnings) [-Wdeprecated-declarations]
 6990 |   glBegin(GL_QUADS);
      |   ^
/Library/Developer/CommandLineTools/SDKs/MacOSX.sdk/System/Library/Frameworks/OpenGL.framework/Headers/gl.h:2385:13: note: 'glBegin' has been explicitly marked deprecated here
 2385 | extern void glBegin (GLenum mode) OPENGL_DEPRECATED(10.0, 10.14);
      |             ^
game.c:6991:3: warning: 'glColor4f' is deprecated: first deprecated in macOS 10.14 - OpenGL API deprecated. (Define GL_SILENCE_DEPRECATION to silence these warnings) [-Wdeprecated-declarations]
 6991 |   glColor4f(0.0f, 0.0f, 0.0f, 140.0f / 255.0f);
      |   ^
/Library/Developer/CommandLineTools/SDKs/MacOSX.sdk/System/Library/Frameworks/OpenGL.framework/Headers/gl.h:2421:13: note: 'glColor4f' has been explicitly marked deprecated here
 2421 | extern void glColor4f (GLfloat red, GLfloat green, GLfloat blue, GLfloat alpha) OPENGL_DEPRECATED(10.0, 10.14);
      |             ^
game.c:6992:3: warning: 'glVertex2f' is deprecated: first deprecated in macOS 10.14 - OpenGL API deprecated. (Define GL_SILENCE_DEPRECATION to silence these warnings) [-Wdeprecated-declarations]
 6992 |   glVertex2f(120, 46);
      |   ^
/Library/Developer/CommandLineTools/SDKs/MacOSX.sdk/System/Library/Frameworks/OpenGL.framework/Headers/gl.h:2732:13: note: 'glVertex2f' has been explicitly marked deprecated here
 2732 | extern void glVertex2f (GLfloat x, GLfloat y) OPENGL_DEPRECATED(10.0, 10.14);
      |             ^
game.c:6993:3: warning: 'glVertex2f' is deprecated: first deprecated in macOS 10.14 - OpenGL API deprecated. (Define GL_SILENCE_DEPRECATION to silence these warnings) [-Wdeprecated-declarations]
 6993 |   glVertex2f(120 + 160, 46);
      |   ^
/Library/Developer/CommandLineTools/SDKs/MacOSX.sdk/System/Library/Frameworks/OpenGL.framework/Headers/gl.h:2732:13: note: 'glVertex2f' has been explicitly marked deprecated here
 2732 | extern void glVertex2f (GLfloat x, GLfloat y) OPENGL_DEPRECATED(10.0, 10.14);
      |             ^
game.c:6994:3: warning: 'glVertex2f' is deprecated: first deprecated in macOS 10.14 - OpenGL API deprecated. (Define GL_SILENCE_DEPRECATION to silence these warnings) [-Wdeprecated-declarations]
 6994 |   glVertex2f(120 + 160, 46 + 12);
      |   ^
/Library/Developer/CommandLineTools/SDKs/MacOSX.sdk/System/Library/Frameworks/OpenGL.framework/Headers/gl.h:2732:13: note: 'glVertex2f' has been explicitly marked deprecated here
 2732 | extern void glVertex2f (GLfloat x, GLfloat y) OPENGL_DEPRECATED(10.0, 10.14);
      |             ^
game.c:6995:3: warning: 'glVertex2f' is deprecated: first deprecated in macOS 10.14 - OpenGL API deprecated. (Define GL_SILENCE_DEPRECATION to silence these warnings) [-Wdeprecated-declarations]
 6995 |   glVertex2f(120, 46 + 12);
      |   ^
/Library/Developer/CommandLineTools/SDKs/MacOSX.sdk/System/Library/Frameworks/OpenGL.framework/Headers/gl.h:2732:13: note: 'glVertex2f' has been explicitly marked deprecated here
 2732 | extern void glVertex2f (GLfloat x, GLfloat y) OPENGL_DEPRECATED(10.0, 10.14);
      |             ^
game.c:6996:3: warning: 'glEnd' is deprecated: first deprecated in macOS 10.14 - OpenGL API deprecated. (Define GL_SILENCE_DEPRECATION to silence these warnings) [-Wdeprecated-declarations]
 6996 |   glEnd();
      |   ^
/Library/Developer/CommandLineTools/SDKs/MacOSX.sdk/System/Library/Frameworks/OpenGL.framework/Headers/gl.h:2474:13: note: 'glEnd' has been explicitly marked deprecated here
 2474 | extern void glEnd (void) OPENGL_DEPRECATED(10.0, 10.14);
      |             ^
game.c:6998:3: warning: 'glBegin' is deprecated: first deprecated in macOS 10.14 - OpenGL API deprecated. (Define GL_SILENCE_DEPRECATION to silence these warnings) [-Wdeprecated-declarations]
 6998 |   glBegin(GL_QUADS);
      |   ^
/Library/Developer/CommandLineTools/SDKs/MacOSX.sdk/System/Library/Frameworks/OpenGL.framework/Headers/gl.h:2385:13: note: 'glBegin' has been explicitly marked deprecated here
 2385 | extern void glBegin (GLenum mode) OPENGL_DEPRECATED(10.0, 10.14);
      |             ^
game.c:6999:3: warning: 'glColor4f' is deprecated: first deprecated in macOS 10.14 - OpenGL API deprecated. (Define GL_SILENCE_DEPRECATION to silence these warnings) [-Wdeprecated-declarations]
 6999 |   glColor4f(80.0f / 255.0f, 220.0f / 255.0f, 80.0f / 255.0f, 255.0f / 255.0f);
      |   ^
/Library/Developer/CommandLineTools/SDKs/MacOSX.sdk/System/Library/Frameworks/OpenGL.framework/Headers/gl.h:2421:13: note: 'glColor4f' has been explicitly marked deprecated here
 2421 | extern void glColor4f (GLfloat red, GLfloat green, GLfloat blue, GLfloat alpha) OPENGL_DEPRECATED(10.0, 10.14);
      |             ^
game.c:7000:3: warning: 'glVertex2f' is deprecated: first deprecated in macOS 10.14 - OpenGL API deprecated. (Define GL_SILENCE_DEPRECATION to silence these warnings) [-Wdeprecated-declarations]
 7000 |   glVertex2f(120, 46);
      |   ^
/Library/Developer/CommandLineTools/SDKs/MacOSX.sdk/System/Library/Frameworks/OpenGL.framework/Headers/gl.h:2732:13: note: 'glVertex2f' has been explicitly marked deprecated here
 2732 | extern void glVertex2f (GLfloat x, GLfloat y) OPENGL_DEPRECATED(10.0, 10.14);
      |             ^
game.c:7001:3: warning: 'glVertex2f' is deprecated: first deprecated in macOS 10.14 - OpenGL API deprecated. (Define GL_SILENCE_DEPRECATION to silence these warnings) [-Wdeprecated-declarations]
 7001 |   glVertex2f(120 + (int)(160 * hp01), 46);
      |   ^
/Library/Developer/CommandLineTools/SDKs/MacOSX.sdk/System/Library/Frameworks/OpenGL.framework/Headers/gl.h:2732:13: note: 'glVertex2f' has been explicitly marked deprecated here
 2732 | extern void glVertex2f (GLfloat x, GLfloat y) OPENGL_DEPRECATED(10.0, 10.14);
      |             ^
game.c:7002:3: warning: 'glVertex2f' is deprecated: first deprecated in macOS 10.14 - OpenGL API deprecated. (Define GL_SILENCE_DEPRECATION to silence these warnings) [-Wdeprecated-declarations]
 7002 |   glVertex2f(120 + (int)(160 * hp01), 46 + 12);
      |   ^
/Library/Developer/CommandLineTools/SDKs/MacOSX.sdk/System/Library/Frameworks/OpenGL.framework/Headers/gl.h:2732:13: note: 'glVertex2f' has been explicitly marked deprecated here
 2732 | extern void glVertex2f (GLfloat x, GLfloat y) OPENGL_DEPRECATED(10.0, 10.14);
      |             ^
game.c:7003:3: warning: 'glVertex2f' is deprecated: first deprecated in macOS 10.14 - OpenGL API deprecated. (Define GL_SILENCE_DEPRECATION to silence these warnings) [-Wdeprecated-declarations]
 7003 |   glVertex2f(120, 46 + 12);
      |   ^
/Library/Developer/CommandLineTools/SDKs/MacOSX.sdk/System/Library/Frameworks/OpenGL.framework/Headers/gl.h:2732:13: note: 'glVertex2f' has been explicitly marked deprecated here
 2732 | extern void glVertex2f (GLfloat x, GLfloat y) OPENGL_DEPRECATED(10.0, 10.14);
      |             ^
game.c:7004:3: warning: 'glEnd' is deprecated: first deprecated in macOS 10.14 - OpenGL API deprecated. (Define GL_SILENCE_DEPRECATION to silence these warnings) [-Wdeprecated-declarations]
 7004 |   glEnd();
      |   ^
/Library/Developer/CommandLineTools/SDKs/MacOSX.sdk/System/Library/Frameworks/OpenGL.framework/Headers/gl.h:2474:13: note: 'glEnd' has been explicitly marked deprecated here
 2474 | extern void glEnd (void) OPENGL_DEPRECATED(10.0, 10.14);
      |             ^
game.c:7007:3: warning: 'glBegin' is deprecated: first deprecated in macOS 10.14 - OpenGL API deprecated. (Define GL_SILENCE_DEPRECATION to silence these warnings) [-Wdeprecated-declarations]
 7007 |   glBegin(GL_QUADS);
      |   ^
/Library/Developer/CommandLineTools/SDKs/MacOSX.sdk/System/Library/Frameworks/OpenGL.framework/Headers/gl.h:2385:13: note: 'glBegin' has been explicitly marked deprecated here
 2385 | extern void glBegin (GLenum mode) OPENGL_DEPRECATED(10.0, 10.14);
      |             ^
game.c:7008:3: warning: 'glColor4f' is deprecated: first deprecated in macOS 10.14 - OpenGL API deprecated. (Define GL_SILENCE_DEPRECATION to silence these warnings) [-Wdeprecated-declarations]
 7008 |   glColor4f(0.0f, 0.0f, 0.0f, 140.0f / 255.0f);
      |   ^
/Library/Developer/CommandLineTools/SDKs/MacOSX.sdk/System/Library/Frameworks/OpenGL.framework/Headers/gl.h:2421:13: note: 'glColor4f' has been explicitly marked deprecated here
 2421 | extern void glColor4f (GLfloat red, GLfloat green, GLfloat blue, GLfloat alpha) OPENGL_DEPRECATED(10.0, 10.14);
      |             ^
game.c:7009:3: warning: 'glVertex2f' is deprecated: first deprecated in macOS 10.14 - OpenGL API deprecated. (Define GL_SILENCE_DEPRECATION to silence these warnings) [-Wdeprecated-declarations]
 7009 |   glVertex2f(120, 66);
      |   ^
/Library/Developer/CommandLineTools/SDKs/MacOSX.sdk/System/Library/Frameworks/OpenGL.framework/Headers/gl.h:2732:13: note: 'glVertex2f' has been explicitly marked deprecated here
 2732 | extern void glVertex2f (GLfloat x, GLfloat y) OPENGL_DEPRECATED(10.0, 10.14);
      |             ^
game.c:7010:3: warning: 'glVertex2f' is deprecated: first deprecated in macOS 10.14 - OpenGL API deprecated. (Define GL_SILENCE_DEPRECATION to silence these warnings) [-Wdeprecated-declarations]
 7010 |   glVertex2f(120 + 160, 66);
      |   ^
/Library/Developer/CommandLineTools/SDKs/MacOSX.sdk/System/Library/Frameworks/OpenGL.framework/Headers/gl.h:2732:13: note: 'glVertex2f' has been explicitly marked deprecated here
 2732 | extern void glVertex2f (GLfloat x, GLfloat y) OPENGL_DEPRECATED(10.0, 10.14);
      |             ^
game.c:7011:3: warning: 'glVertex2f' is deprecated: first deprecated in macOS 10.14 - OpenGL API deprecated. (Define GL_SILENCE_DEPRECATION to silence these warnings) [-Wdeprecated-declarations]
 7011 |   glVertex2f(120 + 160, 66 + 12);
      |   ^
/Library/Developer/CommandLineTools/SDKs/MacOSX.sdk/System/Library/Frameworks/OpenGL.framework/Headers/gl.h:2732:13: note: 'glVertex2f' has been explicitly marked deprecated here
 2732 | extern void glVertex2f (GLfloat x, GLfloat y) OPENGL_DEPRECATED(10.0, 10.14);
      |             ^
game.c:7012:3: warning: 'glVertex2f' is deprecated: first deprecated in macOS 10.14 - OpenGL API deprecated. (Define GL_SILENCE_DEPRECATION to silence these warnings) [-Wdeprecated-declarations]
 7012 |   glVertex2f(120, 66 + 12);
      |   ^
/Library/Developer/CommandLineTools/SDKs/MacOSX.sdk/System/Library/Frameworks/OpenGL.framework/Headers/gl.h:2732:13: note: 'glVertex2f' has been explicitly marked deprecated here
 2732 | extern void glVertex2f (GLfloat x, GLfloat y) OPENGL_DEPRECATED(10.0, 10.14);
      |             ^
game.c:7013:3: warning: 'glEnd' is deprecated: first deprecated in macOS 10.14 - OpenGL API deprecated. (Define GL_SILENCE_DEPRECATION to silence these warnings) [-Wdeprecated-declarations]
 7013 |   glEnd();
      |   ^
/Library/Developer/CommandLineTools/SDKs/MacOSX.sdk/System/Library/Frameworks/OpenGL.framework/Headers/gl.h:2474:13: note: 'glEnd' has been explicitly marked deprecated here
 2474 | extern void glEnd (void) OPENGL_DEPRECATED(10.0, 10.14);
      |             ^
game.c:7015:3: warning: 'glBegin' is deprecated: first deprecated in macOS 10.14 - OpenGL API deprecated. (Define GL_SILENCE_DEPRECATION to silence these warnings) [-Wdeprecated-declarations]
 7015 |   glBegin(GL_QUADS);
      |   ^
/Library/Developer/CommandLineTools/SDKs/MacOSX.sdk/System/Library/Frameworks/OpenGL.framework/Headers/gl.h:2385:13: note: 'glBegin' has been explicitly marked deprecated here
 2385 | extern void glBegin (GLenum mode) OPENGL_DEPRECATED(10.0, 10.14);
      |             ^
game.c:7016:3: warning: 'glColor4f' is deprecated: first deprecated in macOS 10.14 - OpenGL API deprecated. (Define GL_SILENCE_DEPRECATION to silence these warnings) [-Wdeprecated-declarations]
 7016 |   glColor4f(80.0f / 255.0f, 160.0f / 255.0f, 255.0f / 255.0f, 255.0f / 255.0f);
      |   ^
/Library/Developer/CommandLineTools/SDKs/MacOSX.sdk/System/Library/Frameworks/OpenGL.framework/Headers/gl.h:2421:13: note: 'glColor4f' has been explicitly marked deprecated here
 2421 | extern void glColor4f (GLfloat red, GLfloat green, GLfloat blue, GLfloat alpha) OPENGL_DEPRECATED(10.0, 10.14);
      |             ^
game.c:7017:3: warning: 'glVertex2f' is deprecated: first deprecated in macOS 10.14 - OpenGL API deprecated. (Define GL_SILENCE_DEPRECATION to silence these warnings) [-Wdeprecated-declarations]
 7017 |   glVertex2f(120, 66);
      |   ^
/Library/Developer/CommandLineTools/SDKs/MacOSX.sdk/System/Library/Frameworks/OpenGL.framework/Headers/gl.h:2732:13: note: 'glVertex2f' has been explicitly marked deprecated here
 2732 | extern void glVertex2f (GLfloat x, GLfloat y) OPENGL_DEPRECATED(10.0, 10.14);
      |             ^
game.c:7018:3: warning: 'glVertex2f' is deprecated: first deprecated in macOS 10.14 - OpenGL API deprecated. (Define GL_SILENCE_DEPRECATION to silence these warnings) [-Wdeprecated-declarations]
 7018 |   glVertex2f(120 + (int)(160 * st01), 66);
      |   ^
/Library/Developer/CommandLineTools/SDKs/MacOSX.sdk/System/Library/Frameworks/OpenGL.framework/Headers/gl.h:2732:13: note: 'glVertex2f' has been explicitly marked deprecated here
 2732 | extern void glVertex2f (GLfloat x, GLfloat y) OPENGL_DEPRECATED(10.0, 10.14);
      |             ^
game.c:7019:3: warning: 'glVertex2f' is deprecated: first deprecated in macOS 10.14 - OpenGL API deprecated. (Define GL_SILENCE_DEPRECATION to silence these warnings) [-Wdeprecated-declarations]
 7019 |   glVertex2f(120 + (int)(160 * st01), 66 + 12);
      |   ^
/Library/Developer/CommandLineTools/SDKs/MacOSX.sdk/System/Library/Frameworks/OpenGL.framework/Headers/gl.h:2732:13: note: 'glVertex2f' has been explicitly marked deprecated here
 2732 | extern void glVertex2f (GLfloat x, GLfloat y) OPENGL_DEPRECATED(10.0, 10.14);
      |             ^
game.c:7020:3: warning: 'glVertex2f' is deprecated: first deprecated in macOS 10.14 - OpenGL API deprecated. (Define GL_SILENCE_DEPRECATION to silence these warnings) [-Wdeprecated-declarations]
 7020 |   glVertex2f(120, 66 + 12);
      |   ^
/Library/Developer/CommandLineTools/SDKs/MacOSX.sdk/System/Library/Frameworks/OpenGL.framework/Headers/gl.h:2732:13: note: 'glVertex2f' has been explicitly marked deprecated here
 2732 | extern void glVertex2f (GLfloat x, GLfloat y) OPENGL_DEPRECATED(10.0, 10.14);
      |             ^
game.c:7021:3: warning: 'glEnd' is deprecated: first deprecated in macOS 10.14 - OpenGL API deprecated. (Define GL_SILENCE_DEPRECATION to silence these warnings) [-Wdeprecated-declarations]
 7021 |   glEnd();
      |   ^
/Library/Developer/CommandLineTools/SDKs/MacOSX.sdk/System/Library/Frameworks/OpenGL.framework/Headers/gl.h:2474:13: note: 'glEnd' has been explicitly marked deprecated here
 2474 | extern void glEnd (void) OPENGL_DEPRECATED(10.0, 10.14);
      |             ^
game.c:7039:5: warning: 'glBegin' is deprecated: first deprecated in macOS 10.14 - OpenGL API deprecated. (Define GL_SILENCE_DEPRECATION to silence these warnings) [-Wdeprecated-declarations]
 7039 |     glBegin(GL_QUADS);
      |     ^
/Library/Developer/CommandLineTools/SDKs/MacOSX.sdk/System/Library/Frameworks/OpenGL.framework/Headers/gl.h:2385:13: note: 'glBegin' has been explicitly marked deprecated here
 2385 | extern void glBegin (GLenum mode) OPENGL_DEPRECATED(10.0, 10.14);
      |             ^
game.c:7040:5: warning: 'glColor4f' is deprecated: first deprecated in macOS 10.14 - OpenGL API deprecated. (Define GL_SILENCE_DEPRECATION to silence these warnings) [-Wdeprecated-declarations]
 7040 |     glColor4f(0.0f, 0.0f, 0.0f, 140.0f / 255.0f);
      |     ^
/Library/Developer/CommandLineTools/SDKs/MacOSX.sdk/System/Library/Frameworks/OpenGL.framework/Headers/gl.h:2421:13: note: 'glColor4f' has been explicitly marked deprecated here
 2421 | extern void glColor4f (GLfloat red, GLfloat green, GLfloat blue, GLfloat alpha) OPENGL_DEPRECATED(10.0, 10.14);
      |             ^
game.c:7041:5: warning: 'glVertex2f' is deprecated: first deprecated in macOS 10.14 - OpenGL API deprecated. (Define GL_SILENCE_DEPRECATION to silence these warnings) [-Wdeprecated-declarations]
 7041 |     glVertex2f(90, y0 + 4 + t * 22);
      |     ^
/Library/Developer/CommandLineTools/SDKs/MacOSX.sdk/System/Library/Frameworks/OpenGL.framework/Headers/gl.h:2732:13: note: 'glVertex2f' has been explicitly marked deprecated here
 2732 | extern void glVertex2f (GLfloat x, GLfloat y) OPENGL_DEPRECATED(10.0, 10.14);
      |             ^
game.c:7042:5: warning: 'glVertex2f' is deprecated: first deprecated in macOS 10.14 - OpenGL API deprecated. (Define GL_SILENCE_DEPRECATION to silence these warnings) [-Wdeprecated-declarations]
 7042 |     glVertex2f(90 + 140, y0 + 4 + t * 22);
      |     ^
/Library/Developer/CommandLineTools/SDKs/MacOSX.sdk/System/Library/Frameworks/OpenGL.framework/Headers/gl.h:2732:13: note: 'glVertex2f' has been explicitly marked deprecated here
 2732 | extern void glVertex2f (GLfloat x, GLfloat y) OPENGL_DEPRECATED(10.0, 10.14);
      |             ^
game.c:7043:5: warning: 'glVertex2f' is deprecated: first deprecated in macOS 10.14 - OpenGL API deprecated. (Define GL_SILENCE_DEPRECATION to silence these warnings) [-Wdeprecated-declarations]
 7043 |     glVertex2f(90 + 140, y0 + 4 + t * 22 + 10);
      |     ^
/Library/Developer/CommandLineTools/SDKs/MacOSX.sdk/System/Library/Frameworks/OpenGL.framework/Headers/gl.h:2732:13: note: 'glVertex2f' has been explicitly marked deprecated here
 2732 | extern void glVertex2f (GLfloat x, GLfloat y) OPENGL_DEPRECATED(10.0, 10.14);
      |             ^
game.c:7044:5: warning: 'glVertex2f' is deprecated: first deprecated in macOS 10.14 - OpenGL API deprecated. (Define GL_SILENCE_DEPRECATION to silence these warnings) [-Wdeprecated-declarations]
 7044 |     glVertex2f(90, y0 + 4 + t * 22 + 10);
      |     ^
/Library/Developer/CommandLineTools/SDKs/MacOSX.sdk/System/Library/Frameworks/OpenGL.framework/Headers/gl.h:2732:13: note: 'glVertex2f' has been explicitly marked deprecated here
 2732 | extern void glVertex2f (GLfloat x, GLfloat y) OPENGL_DEPRECATED(10.0, 10.14);
      |             ^
game.c:7045:5: warning: 'glEnd' is deprecated: first deprecated in macOS 10.14 - OpenGL API deprecated. (Define GL_SILENCE_DEPRECATION to silence these warnings) [-Wdeprecated-declarations]
 7045 |     glEnd();
      |     ^
/Library/Developer/CommandLineTools/SDKs/MacOSX.sdk/System/Library/Frameworks/OpenGL.framework/Headers/gl.h:2474:13: note: 'glEnd' has been explicitly marked deprecated here
 2474 | extern void glEnd (void) OPENGL_DEPRECATED(10.0, 10.14);
      |             ^
game.c:7047:5: warning: 'glBegin' is deprecated: first deprecated in macOS 10.14 - OpenGL API deprecated. (Define GL_SILENCE_DEPRECATION to silence these warnings) [-Wdeprecated-declarations]
 7047 |     glBegin(GL_QUADS);
      |     ^
/Library/Developer/CommandLineTools/SDKs/MacOSX.sdk/System/Library/Frameworks/OpenGL.framework/Headers/gl.h:2385:13: note: 'glBegin' has been explicitly marked deprecated here
 2385 | extern void glBegin (GLenum mode) OPENGL_DEPRECATED(10.0, 10.14);
      |             ^
game.c:7048:5: warning: 'glColor4f' is deprecated: first deprecated in macOS 10.14 - OpenGL API deprecated. (Define GL_SILENCE_DEPRECATION to silence these warnings) [-Wdeprecated-declarations]
 7048 |     glColor4f(tribes[t].color.r / 255.0f, tribes[t].color.g / 255.0f,
      |     ^
/Library/Developer/CommandLineTools/SDKs/MacOSX.sdk/System/Library/Frameworks/OpenGL.framework/Headers/gl.h:2421:13: note: 'glColor4f' has been explicitly marked deprecated here
 2421 | extern void glColor4f (GLfloat red, GLfloat green, GLfloat blue, GLfloat alpha) OPENGL_DEPRECATED(10.0, 10.14);
      |             ^
game.c:7050:5: warning: 'glVertex2f' is deprecated: first deprecated in macOS 10.14 - OpenGL API deprecated. (Define GL_SILENCE_DEPRECATION to silence these warnings) [-Wdeprecated-declarations]
 7050 |     glVertex2f(90, y0 + 4 + t * 22);
      |     ^
/Library/Developer/CommandLineTools/SDKs/MacOSX.sdk/System/Library/Frameworks/OpenGL.framework/Headers/gl.h:2732:13: note: 'glVertex2f' has been explicitly marked deprecated here
 2732 | extern void glVertex2f (GLfloat x, GLfloat y) OPENGL_DEPRECATED(10.0, 10.14);
      |             ^
game.c:7051:5: warning: 'glVertex2f' is deprecated: first deprecated in macOS 10.14 - OpenGL API deprecated. (Define GL_SILENCE_DEPRECATION to silence these warnings) [-Wdeprecated-declarations]
 7051 |     glVertex2f(90 + (int)(140 * v), y0 + 4 + t * 22);
      |     ^
/Library/Developer/CommandLineTools/SDKs/MacOSX.sdk/System/Library/Frameworks/OpenGL.framework/Headers/gl.h:2732:13: note: 'glVertex2f' has been explicitly marked deprecated here
 2732 | extern void glVertex2f (GLfloat x, GLfloat y) OPENGL_DEPRECATED(10.0, 10.14);
      |             ^
game.c:7052:5: warning: 'glVertex2f' is deprecated: first deprecated in macOS 10.14 - OpenGL API deprecated. (Define GL_SILENCE_DEPRECATION to silence these warnings) [-Wdeprecated-declarations]
 7052 |     glVertex2f(90 + (int)(140 * v), y0 + 4 + t * 22 + 10);
      |     ^
/Library/Developer/CommandLineTools/SDKs/MacOSX.sdk/System/Library/Frameworks/OpenGL.framework/Headers/gl.h:2732:13: note: 'glVertex2f' has been explicitly marked deprecated here
 2732 | extern void glVertex2f (GLfloat x, GLfloat y) OPENGL_DEPRECATED(10.0, 10.14);
      |             ^
game.c:7053:5: warning: 'glVertex2f' is deprecated: first deprecated in macOS 10.14 - OpenGL API deprecated. (Define GL_SILENCE_DEPRECATION to silence these warnings) [-Wdeprecated-declarations]
 7053 |     glVertex2f(90, y0 + 4 + t * 22 + 10);
      |     ^
/Library/Developer/CommandLineTools/SDKs/MacOSX.sdk/System/Library/Frameworks/OpenGL.framework/Headers/gl.h:2732:13: note: 'glVertex2f' has been explicitly marked deprecated here
 2732 | extern void glVertex2f (GLfloat x, GLfloat y) OPENGL_DEPRECATED(10.0, 10.14);
      |             ^
game.c:7054:5: warning: 'glEnd' is deprecated: first deprecated in macOS 10.14 - OpenGL API deprecated. (Define GL_SILENCE_DEPRECATION to silence these warnings) [-Wdeprecated-declarations]
 7054 |     glEnd();
      |     ^
/Library/Developer/CommandLineTools/SDKs/MacOSX.sdk/System/Library/Frameworks/OpenGL.framework/Headers/gl.h:2474:13: note: 'glEnd' has been explicitly marked deprecated here
 2474 | extern void glEnd (void) OPENGL_DEPRECATED(10.0, 10.14);
      |             ^
game.c:7610:22: error: use of undeclared identifier 'GRASS_PATCH_CELL'
 7610 |   float patch_cell = GRASS_PATCH_CELL;
      |                      ^
game.c:7633:15: error: use of undeclared identifier 'GRASS_PATCH_THRESHOLD'
 7633 |       if (h < GRASS_PATCH_THRESHOLD)
      |               ^
game.c:7639:17: error: use of undeclared identifier 'GRASS_PATCH_DENSITY'
 7639 |           (int)(GRASS_PATCH_DENSITY * 0.75f) +
      |                 ^
game.c:7640:45: error: use of undeclared identifier 'GRASS_PATCH_DENSITY'
 7640 |           (int)(hash2d(gx + 91, gz - 37) * (GRASS_PATCH_DENSITY * 0.5f));
      |                                             ^
fatal error: too many errors emitted, stopping now [-ferror-limit=]
125 warnings and 20 errors generated.
../utils/NN/NN/NN.c:967:11: warning: enumeration value 'SCHEDULER_TYPE_COUNT' not handled in switch [-Wswitch]
  967 |   switch (nn->lr_scheduler) {
      |           ^~~~~~~~~~~~~~~~
../utils/NN/NN/NN.c:967:11: note: add missing switch cases
  967 |   switch (nn->lr_scheduler) {
      |           ^
../utils/NN/NN/NN.c:1050:35: warning: format specifies type 'double' but the argument has type 'long double' [-Wformat]
 1050 |   printf("Learning rate: %.6f\n", nn->learningRate);
      |                          ~~~~     ^~~~~~~~~~~~~~~~
      |                          %.6Lf
../utils/NN/NN/NN.c:1051:29: warning: format specifies type 'int' but the argument has type 'OptimizerFunction' (aka 'void (*)(struct NN_t *)') [-Wformat]
 1051 |   printf("Optimizer: %d\n", nn->optimizer);
      |                      ~~     ^~~~~~~~~~~~~
3 warnings generated.
../RL_AGENT/training/training_infrastructure.c:209:13: warning: enumeration value 'CURRICULUM_STAGE_COUNT' not handled in switch [-Wswitch]
  209 |     switch (stage) {
      |             ^~~~~
../RL_AGENT/training/training_infrastructure.c:209:13: note: add missing switch cases
  209 |     switch (stage) {
      |             ^
1 warning generated.
../utils/NN/MUZE/muze_enhanced_model.c:234:49: warning: incompatible pointer types passing 'float *' to parameter of type 'long double *' [-Wincompatible-pointer-types]
  234 |         NN_backprop_custom_delta(model->critic, obs_array, (long double*)critic_loss);
      |                                                 ^~~~~~~~~
../utils/NN/MUZE/../NN/NN.h:231:53: note: passing argument to parameter 'inputs' here
  231 | void NN_backprop_custom_delta(NN_t *nn, long double inputs[],
      |                                                     ^
../utils/NN/MUZE/muze_enhanced_model.c:240:48: warning: incompatible pointer types passing 'float *' to parameter of type 'long double *' [-Wincompatible-pointer-types]
  240 |         NN_backprop_custom_delta(model->actor, obs_array, (long double*)actor_loss);
      |                                                ^~~~~~~~~
../utils/NN/MUZE/../NN/NN.h:231:53: note: passing argument to parameter 'inputs' here
  231 | void NN_backprop_custom_delta(NN_t *nn, long double inputs[],
      |                                                     ^
../utils/NN/MUZE/muze_enhanced_model.c:266:48: warning: incompatible pointer types passing 'float *' to parameter of type 'long double *' [-Wincompatible-pointer-types]
  266 |         latent_ld = NN_forward(model->encoder, obs_array);
      |                                                ^~~~~~~~~
../utils/NN/MUZE/../NN/NN.h:227:47: note: passing argument to parameter 'inputs' here
  227 | long double *NN_forward(NN_t *nn, long double inputs[]);
      |                                               ^
../utils/NN/MUZE/muze_enhanced_model.c:294:54: warning: incompatible pointer types passing 'float *' to parameter of type 'long double *' [-Wincompatible-pointer-types]
  294 |         NN_backprop_custom_delta(model->world_model, obs_array, (long double*)world_loss);
      |                                                      ^~~~~~~~~
../utils/NN/MUZE/../NN/NN.h:231:53: note: passing argument to parameter 'inputs' here
  231 | void NN_backprop_custom_delta(NN_t *nn, long double inputs[],
      |                                                     ^
4 warnings generated.
