generated/impl.c:15:5: warning: 'glBegin' is deprecated: first deprecated in macOS 10.14 - OpenGL API deprecated. (Define GL_SILENCE_DEPRECATION to silence these warnings) [-Wdeprecated-declarations]
   15 |     glBegin(GL_LINE_LOOP);
      |     ^
/Library/Developer/CommandLineTools/SDKs/MacOSX.sdk/System/Library/Frameworks/OpenGL.framework/Headers/gl.h:2385:13: note: 'glBegin' has been explicitly marked deprecated here
 2385 | extern void glBegin (GLenum mode) OPENGL_DEPRECATED(10.0, 10.14);
      |             ^
generated/impl.c:16:5: warning: 'glColor4f' is deprecated: first deprecated in macOS 10.14 - OpenGL API deprecated. (Define GL_SILENCE_DEPRECATION to silence these warnings) [-Wdeprecated-declarations]
   16 |     glColor4f(color.r/255.0f, color.g/255.0f, color.b/255.0f, color.a/255.0f);
      |     ^
/Library/Developer/CommandLineTools/SDKs/MacOSX.sdk/System/Library/Frameworks/OpenGL.framework/Headers/gl.h:2421:13: note: 'glColor4f' has been explicitly marked deprecated here
 2421 | extern void glColor4f (GLfloat red, GLfloat green, GLfloat blue, GLfloat alpha) OPENGL_DEPRECATED(10.0, 10.14);
      |             ^
generated/impl.c:17:5: warning: 'glVertex2f' is deprecated: first deprecated in macOS 10.14 - OpenGL API deprecated. (Define GL_SILENCE_DEPRECATION to silence these warnings) [-Wdeprecated-declarations]
   17 |     glVertex2f(x, y);
      |     ^
/Library/Developer/CommandLineTools/SDKs/MacOSX.sdk/System/Library/Frameworks/OpenGL.framework/Headers/gl.h:2732:13: note: 'glVertex2f' has been explicitly marked deprecated here
 2732 | extern void glVertex2f (GLfloat x, GLfloat y) OPENGL_DEPRECATED(10.0, 10.14);
      |             ^
generated/impl.c:18:5: warning: 'glVertex2f' is deprecated: first deprecated in macOS 10.14 - OpenGL API deprecated. (Define GL_SILENCE_DEPRECATION to silence these warnings) [-Wdeprecated-declarations]
   18 |     glVertex2f(x + width, y);
      |     ^
/Library/Developer/CommandLineTools/SDKs/MacOSX.sdk/System/Library/Frameworks/OpenGL.framework/Headers/gl.h:2732:13: note: 'glVertex2f' has been explicitly marked deprecated here
 2732 | extern void glVertex2f (GLfloat x, GLfloat y) OPENGL_DEPRECATED(10.0, 10.14);
      |             ^
generated/impl.c:19:5: warning: 'glVertex2f' is deprecated: first deprecated in macOS 10.14 - OpenGL API deprecated. (Define GL_SILENCE_DEPRECATION to silence these warnings) [-Wdeprecated-declarations]
   19 |     glVertex2f(x + width, y + height);
      |     ^
/Library/Developer/CommandLineTools/SDKs/MacOSX.sdk/System/Library/Frameworks/OpenGL.framework/Headers/gl.h:2732:13: note: 'glVertex2f' has been explicitly marked deprecated here
 2732 | extern void glVertex2f (GLfloat x, GLfloat y) OPENGL_DEPRECATED(10.0, 10.14);
      |             ^
generated/impl.c:20:5: warning: 'glVertex2f' is deprecated: first deprecated in macOS 10.14 - OpenGL API deprecated. (Define GL_SILENCE_DEPRECATION to silence these warnings) [-Wdeprecated-declarations]
   20 |     glVertex2f(x, y + height);
      |     ^
/Library/Developer/CommandLineTools/SDKs/MacOSX.sdk/System/Library/Frameworks/OpenGL.framework/Headers/gl.h:2732:13: note: 'glVertex2f' has been explicitly marked deprecated here
 2732 | extern void glVertex2f (GLfloat x, GLfloat y) OPENGL_DEPRECATED(10.0, 10.14);
      |             ^
generated/impl.c:21:5: warning: 'glEnd' is deprecated: first deprecated in macOS 10.14 - OpenGL API deprecated. (Define GL_SILENCE_DEPRECATION to silence these warnings) [-Wdeprecated-declarations]
   21 |     glEnd();
      |     ^
/Library/Developer/CommandLineTools/SDKs/MacOSX.sdk/System/Library/Frameworks/OpenGL.framework/Headers/gl.h:2474:13: note: 'glEnd' has been explicitly marked deprecated here
 2474 | extern void glEnd (void) OPENGL_DEPRECATED(10.0, 10.14);
      |             ^
generated/impl.c:69:5: warning: 'glMultMatrixf' is deprecated: first deprecated in macOS 10.14 - OpenGL API deprecated. (Define GL_SILENCE_DEPRECATION to silence these warnings) [-Wdeprecated-declarations]
   69 |     glMultMatrixf(matrix);
      |     ^
/Library/Developer/CommandLineTools/SDKs/MacOSX.sdk/System/Library/Frameworks/OpenGL.framework/Headers/gl.h:2591:13: note: 'glMultMatrixf' has been explicitly marked deprecated here
 2591 | extern void glMultMatrixf (const GLfloat *m) OPENGL_DEPRECATED(10.0, 10.14);
      |             ^
8 warnings generated.
In file included from game.c:33:
/Library/Developer/CommandLineTools/SDKs/MacOSX.sdk/System/Library/Frameworks/OpenGL.framework/Headers/gl3.h:15:2: warning: gl.h and gl3.h are both included.  Compiler will not invoke errors if using removed OpenGL functionality. [-W#warnings]
   15 | #warning gl.h and gl3.h are both included.  Compiler will not invoke errors if using removed OpenGL functionality.
      |  ^
In file included from game.c:79:
In file included from ./generated/auto_import.h:9:
In file included from ./generated/impl.h:4:
./generated/impl.c:15:5: warning: 'glBegin' is deprecated: first deprecated in macOS 10.14 - OpenGL API deprecated. (Define GL_SILENCE_DEPRECATION to silence these warnings) [-Wdeprecated-declarations]
   15 |     glBegin(GL_LINE_LOOP);
      |     ^
/Library/Developer/CommandLineTools/SDKs/MacOSX.sdk/System/Library/Frameworks/OpenGL.framework/Headers/gl.h:2385:13: note: 'glBegin' has been explicitly marked deprecated here
 2385 | extern void glBegin (GLenum mode) OPENGL_DEPRECATED(10.0, 10.14);
      |             ^
In file included from game.c:79:
In file included from ./generated/auto_import.h:9:
In file included from ./generated/impl.h:4:
./generated/impl.c:16:5: warning: 'glColor4f' is deprecated: first deprecated in macOS 10.14 - OpenGL API deprecated. (Define GL_SILENCE_DEPRECATION to silence these warnings) [-Wdeprecated-declarations]
   16 |     glColor4f(color.r/255.0f, color.g/255.0f, color.b/255.0f, color.a/255.0f);
      |     ^
/Library/Developer/CommandLineTools/SDKs/MacOSX.sdk/System/Library/Frameworks/OpenGL.framework/Headers/gl.h:2421:13: note: 'glColor4f' has been explicitly marked deprecated here
 2421 | extern void glColor4f (GLfloat red, GLfloat green, GLfloat blue, GLfloat alpha) OPENGL_DEPRECATED(10.0, 10.14);
      |             ^
In file included from game.c:79:
In file included from ./generated/auto_import.h:9:
In file included from ./generated/impl.h:4:
./generated/impl.c:17:5: warning: 'glVertex2f' is deprecated: first deprecated in macOS 10.14 - OpenGL API deprecated. (Define GL_SILENCE_DEPRECATION to silence these warnings) [-Wdeprecated-declarations]
   17 |     glVertex2f(x, y);
      |     ^
/Library/Developer/CommandLineTools/SDKs/MacOSX.sdk/System/Library/Frameworks/OpenGL.framework/Headers/gl.h:2732:13: note: 'glVertex2f' has been explicitly marked deprecated here
 2732 | extern void glVertex2f (GLfloat x, GLfloat y) OPENGL_DEPRECATED(10.0, 10.14);
      |             ^
In file included from game.c:79:
In file included from ./generated/auto_import.h:9:
In file included from ./generated/impl.h:4:
./generated/impl.c:18:5: warning: 'glVertex2f' is deprecated: first deprecated in macOS 10.14 - OpenGL API deprecated. (Define GL_SILENCE_DEPRECATION to silence these warnings) [-Wdeprecated-declarations]
   18 |     glVertex2f(x + width, y);
      |     ^
/Library/Developer/CommandLineTools/SDKs/MacOSX.sdk/System/Library/Frameworks/OpenGL.framework/Headers/gl.h:2732:13: note: 'glVertex2f' has been explicitly marked deprecated here
 2732 | extern void glVertex2f (GLfloat x, GLfloat y) OPENGL_DEPRECATED(10.0, 10.14);
      |             ^
In file included from game.c:79:
In file included from ./generated/auto_import.h:9:
In file included from ./generated/impl.h:4:
./generated/impl.c:19:5: warning: 'glVertex2f' is deprecated: first deprecated in macOS 10.14 - OpenGL API deprecated. (Define GL_SILENCE_DEPRECATION to silence these warnings) [-Wdeprecated-declarations]
   19 |     glVertex2f(x + width, y + height);
      |     ^
/Library/Developer/CommandLineTools/SDKs/MacOSX.sdk/System/Library/Frameworks/OpenGL.framework/Headers/gl.h:2732:13: note: 'glVertex2f' has been explicitly marked deprecated here
 2732 | extern void glVertex2f (GLfloat x, GLfloat y) OPENGL_DEPRECATED(10.0, 10.14);
      |             ^
In file included from game.c:79:
In file included from ./generated/auto_import.h:9:
In file included from ./generated/impl.h:4:
./generated/impl.c:20:5: warning: 'glVertex2f' is deprecated: first deprecated in macOS 10.14 - OpenGL API deprecated. (Define GL_SILENCE_DEPRECATION to silence these warnings) [-Wdeprecated-declarations]
   20 |     glVertex2f(x, y + height);
      |     ^
/Library/Developer/CommandLineTools/SDKs/MacOSX.sdk/System/Library/Frameworks/OpenGL.framework/Headers/gl.h:2732:13: note: 'glVertex2f' has been explicitly marked deprecated here
 2732 | extern void glVertex2f (GLfloat x, GLfloat y) OPENGL_DEPRECATED(10.0, 10.14);
      |             ^
In file included from game.c:79:
In file included from ./generated/auto_import.h:9:
In file included from ./generated/impl.h:4:
./generated/impl.c:21:5: warning: 'glEnd' is deprecated: first deprecated in macOS 10.14 - OpenGL API deprecated. (Define GL_SILENCE_DEPRECATION to silence these warnings) [-Wdeprecated-declarations]
   21 |     glEnd();
      |     ^
/Library/Developer/CommandLineTools/SDKs/MacOSX.sdk/System/Library/Frameworks/OpenGL.framework/Headers/gl.h:2474:13: note: 'glEnd' has been explicitly marked deprecated here
 2474 | extern void glEnd (void) OPENGL_DEPRECATED(10.0, 10.14);
      |             ^
In file included from game.c:79:
In file included from ./generated/auto_import.h:9:
In file included from ./generated/impl.h:4:
./generated/impl.c:69:5: warning: 'glMultMatrixf' is deprecated: first deprecated in macOS 10.14 - OpenGL API deprecated. (Define GL_SILENCE_DEPRECATION to silence these warnings) [-Wdeprecated-declarations]
   69 |     glMultMatrixf(matrix);
      |     ^
/Library/Developer/CommandLineTools/SDKs/MacOSX.sdk/System/Library/Frameworks/OpenGL.framework/Headers/gl.h:2591:13: note: 'glMultMatrixf' has been explicitly marked deprecated here
 2591 | extern void glMultMatrixf (const GLfloat *m) OPENGL_DEPRECATED(10.0, 10.14);
      |             ^
game.c:429:9: warning: 'MOUSE_BUTTON_LEFT' macro redefined [-Wmacro-redefined]
  429 | #define MOUSE_BUTTON_LEFT SDL_BUTTON_LEFT
      |         ^
game.c:276:9: note: previous definition is here
  276 | #define MOUSE_BUTTON_LEFT 1
      |         ^
game.c:430:9: warning: 'MOUSE_BUTTON_RIGHT' macro redefined [-Wmacro-redefined]
  430 | #define MOUSE_BUTTON_RIGHT SDL_BUTTON_RIGHT
      |         ^
game.c:277:9: note: previous definition is here
  277 | #define MOUSE_BUTTON_RIGHT 2
      |         ^
game.c:716:9: warning: 'WORLD_NAME_MAX' macro redefined [-Wmacro-redefined]
  716 | #define WORLD_NAME_MAX 4096
      |         ^
game.c:615:9: note: previous definition is here
  615 | #define WORLD_NAME_MAX 64
      |         ^
game.c:1612:28: error: call to undeclared function 'IsKeyDown_SDL'; ISO C99 and later do not support implicit function declarations [-Wimplicit-function-declaration]
 1612 |   return (p != KEY_NULL && IsKeyDown(p)) || (s != KEY_NULL && IsKeyDown(s));
      |                            ^
game.c:270:24: note: expanded from macro 'IsKeyDown'
  270 | #define IsKeyDown(key) IsKeyDown_SDL(key)
      |                        ^
game.c:3594:3: warning: 'glBegin' is deprecated: first deprecated in macOS 10.14 - OpenGL API deprecated. (Define GL_SILENCE_DEPRECATION to silence these warnings) [-Wdeprecated-declarations]
 3594 |   glBegin(GL_QUADS);
      |   ^
/Library/Developer/CommandLineTools/SDKs/MacOSX.sdk/System/Library/Frameworks/OpenGL.framework/Headers/gl.h:2385:13: note: 'glBegin' has been explicitly marked deprecated here
 2385 | extern void glBegin (GLenum mode) OPENGL_DEPRECATED(10.0, 10.14);
      |             ^
game.c:3595:3: warning: 'glColor4f' is deprecated: first deprecated in macOS 10.14 - OpenGL API deprecated. (Define GL_SILENCE_DEPRECATION to silence these warnings) [-Wdeprecated-declarations]
 3595 |   glColor4f(0.0f, 0.0f, 0.0f, 160.0f / 255.0f);
      |   ^
/Library/Developer/CommandLineTools/SDKs/MacOSX.sdk/System/Library/Frameworks/OpenGL.framework/Headers/gl.h:2421:13: note: 'glColor4f' has been explicitly marked deprecated here
 2421 | extern void glColor4f (GLfloat red, GLfloat green, GLfloat blue, GLfloat alpha) OPENGL_DEPRECATED(10.0, 10.14);
      |             ^
game.c:3596:3: warning: 'glVertex2f' is deprecated: first deprecated in macOS 10.14 - OpenGL API deprecated. (Define GL_SILENCE_DEPRECATION to silence these warnings) [-Wdeprecated-declarations]
 3596 |   glVertex2f(sp.x - w * 0.5f, sp.y - h);
      |   ^
/Library/Developer/CommandLineTools/SDKs/MacOSX.sdk/System/Library/Frameworks/OpenGL.framework/Headers/gl.h:2732:13: note: 'glVertex2f' has been explicitly marked deprecated here
 2732 | extern void glVertex2f (GLfloat x, GLfloat y) OPENGL_DEPRECATED(10.0, 10.14);
      |             ^
game.c:3597:3: warning: 'glVertex2f' is deprecated: first deprecated in macOS 10.14 - OpenGL API deprecated. (Define GL_SILENCE_DEPRECATION to silence these warnings) [-Wdeprecated-declarations]
 3597 |   glVertex2f(sp.x + w * 0.5f, sp.y - h);
      |   ^
/Library/Developer/CommandLineTools/SDKs/MacOSX.sdk/System/Library/Frameworks/OpenGL.framework/Headers/gl.h:2732:13: note: 'glVertex2f' has been explicitly marked deprecated here
 2732 | extern void glVertex2f (GLfloat x, GLfloat y) OPENGL_DEPRECATED(10.0, 10.14);
      |             ^
game.c:3598:3: warning: 'glVertex2f' is deprecated: first deprecated in macOS 10.14 - OpenGL API deprecated. (Define GL_SILENCE_DEPRECATION to silence these warnings) [-Wdeprecated-declarations]
 3598 |   glVertex2f(sp.x + w * 0.5f, sp.y);
      |   ^
/Library/Developer/CommandLineTools/SDKs/MacOSX.sdk/System/Library/Frameworks/OpenGL.framework/Headers/gl.h:2732:13: note: 'glVertex2f' has been explicitly marked deprecated here
 2732 | extern void glVertex2f (GLfloat x, GLfloat y) OPENGL_DEPRECATED(10.0, 10.14);
      |             ^
game.c:3599:3: warning: 'glVertex2f' is deprecated: first deprecated in macOS 10.14 - OpenGL API deprecated. (Define GL_SILENCE_DEPRECATION to silence these warnings) [-Wdeprecated-declarations]
 3599 |   glVertex2f(sp.x - w * 0.5f, sp.y);
      |   ^
/Library/Developer/CommandLineTools/SDKs/MacOSX.sdk/System/Library/Frameworks/OpenGL.framework/Headers/gl.h:2732:13: note: 'glVertex2f' has been explicitly marked deprecated here
 2732 | extern void glVertex2f (GLfloat x, GLfloat y) OPENGL_DEPRECATED(10.0, 10.14);
      |             ^
game.c:3600:3: warning: 'glEnd' is deprecated: first deprecated in macOS 10.14 - OpenGL API deprecated. (Define GL_SILENCE_DEPRECATION to silence these warnings) [-Wdeprecated-declarations]
 3600 |   glEnd();
      |   ^
/Library/Developer/CommandLineTools/SDKs/MacOSX.sdk/System/Library/Frameworks/OpenGL.framework/Headers/gl.h:2474:13: note: 'glEnd' has been explicitly marked deprecated here
 2474 | extern void glEnd (void) OPENGL_DEPRECATED(10.0, 10.14);
      |             ^
game.c:5064:33: error: use of undeclared identifier 'mouse'
 5064 |   Vector2 aim = Vector2Subtract(mouse, pp_screen);
      |                                 ^
game.c:5093:38: error: use of undeclared identifier 'mouse'
 5093 |   Vector2 toMouseL = Vector2Subtract(mouse, hl);
      |                                      ^
game.c:5094:38: error: use of undeclared identifier 'mouse'
 5094 |   Vector2 toMouseR = Vector2Subtract(mouse, hr);
      |                                      ^
game.c:5343:46: warning: incompatible pointer types passing 'struct (unnamed struct at game.c:195:3) *' to parameter of type 'const MuConfig *' [-Wincompatible-pointer-types]
 5343 |   g_muze_model = mu_model_create_nn_with_cfg(&g_muze_cfg.model, &g_muze_cfg.nn);
      |                                              ^~~~~~~~~~~~~~~~~
./../utils/NN/MUZE/muzero_model.h:157:54: note: passing argument to parameter 'cfg' here
  157 | MuModel *mu_model_create_nn_with_cfg(const MuConfig *cfg,
      |                                                      ^
game.c:5343:65: warning: incompatible pointer types passing 'struct (unnamed struct at game.c:183:3) *' to parameter of type 'const MuNNConfig *' [-Wincompatible-pointer-types]
 5343 |   g_muze_model = mu_model_create_nn_with_cfg(&g_muze_cfg.model, &g_muze_cfg.nn);
      |                                                                 ^~~~~~~~~~~~~~
./../utils/NN/MUZE/muzero_model.h:158:56: note: passing argument to parameter 'nn_cfg' here
  158 |                                      const MuNNConfig *nn_cfg);
      |                                                        ^
game.c:6390:18: error: call to undeclared function 'GetMouseDelta_Custom'; ISO C99 and later do not support implicit function declarations [-Wimplicit-function-declaration]
 6390 |     Vector2 md = GetMouseDelta_Custom();
      |                  ^
game.c:6390:13: error: initializing 'Vector2' (aka 'struct Vector2') with an expression of incompatible type 'int'
 6390 |     Vector2 md = GetMouseDelta_Custom();
      |             ^    ~~~~~~~~~~~~~~~~~~~~~~
game.c:6459:7: error: call to undeclared function 'IsKeyDown_SDL'; ISO C99 and later do not support implicit function declarations [-Wimplicit-function-declaration]
 6459 |   if (IsKeyDown(KEY_EQUAL))
      |       ^
game.c:270:24: note: expanded from macro 'IsKeyDown'
  270 | #define IsKeyDown(key) IsKeyDown_SDL(key)
      |                        ^
game.c:6547:7: error: call to undeclared function 'IsKeyPressed_SDL'; ISO C99 and later do not support implicit function declarations [-Wimplicit-function-declaration]
 6547 |   if (IsKeyPressed_SDL_TAB) {
      |       ^
game.c:249:30: note: expanded from macro 'IsKeyPressed_SDL_TAB'
  249 | #define IsKeyPressed_SDL_TAB IsKeyPressed_SDL(SDL_SCANCODE_TAB)
      |                              ^
game.c:6569:7: error: call to undeclared function 'IsMouseButtonDown_SDL'; ISO C99 and later do not support implicit function declarations [-Wimplicit-function-declaration]
 6569 |   if (IsMouseButtonDown(MOUSE_BUTTON_LEFT) || bind_down(BIND_ATTACK)) {
      |       ^
game.c:281:35: note: expanded from macro 'IsMouseButtonDown'
  281 | #define IsMouseButtonDown(button) IsMouseButtonDown_SDL(button)
      |                                   ^
game.c:6569:7: note: did you mean 'IsMouseButtonDown'?
game.c:281:35: note: expanded from macro 'IsMouseButtonDown'
  281 | #define IsMouseButtonDown(button) IsMouseButtonDown_SDL(button)
      |                                   ^
./generated/complete_api.def:82:13: note: 'IsMouseButtonDown' declared here
   82 | API_FN(int, IsMouseButtonDown, (int button))
      |             ^
game.c:6711:3: warning: 'glBegin' is deprecated: first deprecated in macOS 10.14 - OpenGL API deprecated. (Define GL_SILENCE_DEPRECATION to silence these warnings) [-Wdeprecated-declarations]
 6711 |   glBegin(GL_QUADS);
      |   ^
/Library/Developer/CommandLineTools/SDKs/MacOSX.sdk/System/Library/Frameworks/OpenGL.framework/Headers/gl.h:2385:13: note: 'glBegin' has been explicitly marked deprecated here
 2385 | extern void glBegin (GLenum mode) OPENGL_DEPRECATED(10.0, 10.14);
      |             ^
game.c:6712:3: warning: 'glColor4f' is deprecated: first deprecated in macOS 10.14 - OpenGL API deprecated. (Define GL_SILENCE_DEPRECATION to silence these warnings) [-Wdeprecated-declarations]
 6712 |   glColor4f(0.0f, 0.0f, 0.0f, 110.0f / 255.0f);
      |   ^
/Library/Developer/CommandLineTools/SDKs/MacOSX.sdk/System/Library/Frameworks/OpenGL.framework/Headers/gl.h:2421:13: note: 'glColor4f' has been explicitly marked deprecated here
 2421 | extern void glColor4f (GLfloat red, GLfloat green, GLfloat blue, GLfloat alpha) OPENGL_DEPRECATED(10.0, 10.14);
      |             ^
game.c:6713:3: warning: 'glVertex2f' is deprecated: first deprecated in macOS 10.14 - OpenGL API deprecated. (Define GL_SILENCE_DEPRECATION to silence these warnings) [-Wdeprecated-declarations]
 6713 |   glVertex2f(14, 14);
      |   ^
/Library/Developer/CommandLineTools/SDKs/MacOSX.sdk/System/Library/Frameworks/OpenGL.framework/Headers/gl.h:2732:13: note: 'glVertex2f' has been explicitly marked deprecated here
 2732 | extern void glVertex2f (GLfloat x, GLfloat y) OPENGL_DEPRECATED(10.0, 10.14);
      |             ^
game.c:6714:3: warning: 'glVertex2f' is deprecated: first deprecated in macOS 10.14 - OpenGL API deprecated. (Define GL_SILENCE_DEPRECATION to silence these warnings) [-Wdeprecated-declarations]
 6714 |   glVertex2f(14 + 280, 14);
      |   ^
/Library/Developer/CommandLineTools/SDKs/MacOSX.sdk/System/Library/Frameworks/OpenGL.framework/Headers/gl.h:2732:13: note: 'glVertex2f' has been explicitly marked deprecated here
 2732 | extern void glVertex2f (GLfloat x, GLfloat y) OPENGL_DEPRECATED(10.0, 10.14);
      |             ^
game.c:6715:3: warning: 'glVertex2f' is deprecated: first deprecated in macOS 10.14 - OpenGL API deprecated. (Define GL_SILENCE_DEPRECATION to silence these warnings) [-Wdeprecated-declarations]
 6715 |   glVertex2f(14 + 280, 14 + 128);
      |   ^
/Library/Developer/CommandLineTools/SDKs/MacOSX.sdk/System/Library/Frameworks/OpenGL.framework/Headers/gl.h:2732:13: note: 'glVertex2f' has been explicitly marked deprecated here
 2732 | extern void glVertex2f (GLfloat x, GLfloat y) OPENGL_DEPRECATED(10.0, 10.14);
      |             ^
game.c:6716:3: warning: 'glVertex2f' is deprecated: first deprecated in macOS 10.14 - OpenGL API deprecated. (Define GL_SILENCE_DEPRECATION to silence these warnings) [-Wdeprecated-declarations]
 6716 |   glVertex2f(14, 14 + 128);
      |   ^
/Library/Developer/CommandLineTools/SDKs/MacOSX.sdk/System/Library/Frameworks/OpenGL.framework/Headers/gl.h:2732:13: note: 'glVertex2f' has been explicitly marked deprecated here
 2732 | extern void glVertex2f (GLfloat x, GLfloat y) OPENGL_DEPRECATED(10.0, 10.14);
      |             ^
game.c:6717:3: warning: 'glEnd' is deprecated: first deprecated in macOS 10.14 - OpenGL API deprecated. (Define GL_SILENCE_DEPRECATION to silence these warnings) [-Wdeprecated-declarations]
 6717 |   glEnd();
      |   ^
/Library/Developer/CommandLineTools/SDKs/MacOSX.sdk/System/Library/Frameworks/OpenGL.framework/Headers/gl.h:2474:13: note: 'glEnd' has been explicitly marked deprecated here
 2474 | extern void glEnd (void) OPENGL_DEPRECATED(10.0, 10.14);
      |             ^
game.c:6730:3: warning: 'glBegin' is deprecated: first deprecated in macOS 10.14 - OpenGL API deprecated. (Define GL_SILENCE_DEPRECATION to silence these warnings) [-Wdeprecated-declarations]
 6730 |   glBegin(GL_QUADS);
      |   ^
/Library/Developer/CommandLineTools/SDKs/MacOSX.sdk/System/Library/Frameworks/OpenGL.framework/Headers/gl.h:2385:13: note: 'glBegin' has been explicitly marked deprecated here
 2385 | extern void glBegin (GLenum mode) OPENGL_DEPRECATED(10.0, 10.14);
      |             ^
game.c:6731:3: warning: 'glColor4f' is deprecated: first deprecated in macOS 10.14 - OpenGL API deprecated. (Define GL_SILENCE_DEPRECATION to silence these warnings) [-Wdeprecated-declarations]
 6731 |   glColor4f(0.0f, 0.0f, 0.0f, 140.0f / 255.0f);
      |   ^
/Library/Developer/CommandLineTools/SDKs/MacOSX.sdk/System/Library/Frameworks/OpenGL.framework/Headers/gl.h:2421:13: note: 'glColor4f' has been explicitly marked deprecated here
 2421 | extern void glColor4f (GLfloat red, GLfloat green, GLfloat blue, GLfloat alpha) OPENGL_DEPRECATED(10.0, 10.14);
      |             ^
game.c:6732:3: warning: 'glVertex2f' is deprecated: first deprecated in macOS 10.14 - OpenGL API deprecated. (Define GL_SILENCE_DEPRECATION to silence these warnings) [-Wdeprecated-declarations]
 6732 |   glVertex2f(120, 46);
      |   ^
/Library/Developer/CommandLineTools/SDKs/MacOSX.sdk/System/Library/Frameworks/OpenGL.framework/Headers/gl.h:2732:13: note: 'glVertex2f' has been explicitly marked deprecated here
 2732 | extern void glVertex2f (GLfloat x, GLfloat y) OPENGL_DEPRECATED(10.0, 10.14);
      |             ^
game.c:6733:3: warning: 'glVertex2f' is deprecated: first deprecated in macOS 10.14 - OpenGL API deprecated. (Define GL_SILENCE_DEPRECATION to silence these warnings) [-Wdeprecated-declarations]
 6733 |   glVertex2f(120 + 160, 46);
      |   ^
/Library/Developer/CommandLineTools/SDKs/MacOSX.sdk/System/Library/Frameworks/OpenGL.framework/Headers/gl.h:2732:13: note: 'glVertex2f' has been explicitly marked deprecated here
 2732 | extern void glVertex2f (GLfloat x, GLfloat y) OPENGL_DEPRECATED(10.0, 10.14);
      |             ^
game.c:6734:3: warning: 'glVertex2f' is deprecated: first deprecated in macOS 10.14 - OpenGL API deprecated. (Define GL_SILENCE_DEPRECATION to silence these warnings) [-Wdeprecated-declarations]
 6734 |   glVertex2f(120 + 160, 46 + 12);
      |   ^
/Library/Developer/CommandLineTools/SDKs/MacOSX.sdk/System/Library/Frameworks/OpenGL.framework/Headers/gl.h:2732:13: note: 'glVertex2f' has been explicitly marked deprecated here
 2732 | extern void glVertex2f (GLfloat x, GLfloat y) OPENGL_DEPRECATED(10.0, 10.14);
      |             ^
game.c:6735:3: warning: 'glVertex2f' is deprecated: first deprecated in macOS 10.14 - OpenGL API deprecated. (Define GL_SILENCE_DEPRECATION to silence these warnings) [-Wdeprecated-declarations]
 6735 |   glVertex2f(120, 46 + 12);
      |   ^
/Library/Developer/CommandLineTools/SDKs/MacOSX.sdk/System/Library/Frameworks/OpenGL.framework/Headers/gl.h:2732:13: note: 'glVertex2f' has been explicitly marked deprecated here
 2732 | extern void glVertex2f (GLfloat x, GLfloat y) OPENGL_DEPRECATED(10.0, 10.14);
      |             ^
game.c:6736:3: warning: 'glEnd' is deprecated: first deprecated in macOS 10.14 - OpenGL API deprecated. (Define GL_SILENCE_DEPRECATION to silence these warnings) [-Wdeprecated-declarations]
 6736 |   glEnd();
      |   ^
/Library/Developer/CommandLineTools/SDKs/MacOSX.sdk/System/Library/Frameworks/OpenGL.framework/Headers/gl.h:2474:13: note: 'glEnd' has been explicitly marked deprecated here
 2474 | extern void glEnd (void) OPENGL_DEPRECATED(10.0, 10.14);
      |             ^
game.c:6738:3: warning: 'glBegin' is deprecated: first deprecated in macOS 10.14 - OpenGL API deprecated. (Define GL_SILENCE_DEPRECATION to silence these warnings) [-Wdeprecated-declarations]
 6738 |   glBegin(GL_QUADS);
      |   ^
/Library/Developer/CommandLineTools/SDKs/MacOSX.sdk/System/Library/Frameworks/OpenGL.framework/Headers/gl.h:2385:13: note: 'glBegin' has been explicitly marked deprecated here
 2385 | extern void glBegin (GLenum mode) OPENGL_DEPRECATED(10.0, 10.14);
      |             ^
game.c:6739:3: warning: 'glColor4f' is deprecated: first deprecated in macOS 10.14 - OpenGL API deprecated. (Define GL_SILENCE_DEPRECATION to silence these warnings) [-Wdeprecated-declarations]
 6739 |   glColor4f(80.0f / 255.0f, 220.0f / 255.0f, 80.0f / 255.0f, 255.0f / 255.0f);
      |   ^
/Library/Developer/CommandLineTools/SDKs/MacOSX.sdk/System/Library/Frameworks/OpenGL.framework/Headers/gl.h:2421:13: note: 'glColor4f' has been explicitly marked deprecated here
 2421 | extern void glColor4f (GLfloat red, GLfloat green, GLfloat blue, GLfloat alpha) OPENGL_DEPRECATED(10.0, 10.14);
      |             ^
game.c:6740:3: warning: 'glVertex2f' is deprecated: first deprecated in macOS 10.14 - OpenGL API deprecated. (Define GL_SILENCE_DEPRECATION to silence these warnings) [-Wdeprecated-declarations]
 6740 |   glVertex2f(120, 46);
      |   ^
/Library/Developer/CommandLineTools/SDKs/MacOSX.sdk/System/Library/Frameworks/OpenGL.framework/Headers/gl.h:2732:13: note: 'glVertex2f' has been explicitly marked deprecated here
 2732 | extern void glVertex2f (GLfloat x, GLfloat y) OPENGL_DEPRECATED(10.0, 10.14);
      |             ^
game.c:6741:3: warning: 'glVertex2f' is deprecated: first deprecated in macOS 10.14 - OpenGL API deprecated. (Define GL_SILENCE_DEPRECATION to silence these warnings) [-Wdeprecated-declarations]
 6741 |   glVertex2f(120 + (int)(160 * hp01), 46);
      |   ^
/Library/Developer/CommandLineTools/SDKs/MacOSX.sdk/System/Library/Frameworks/OpenGL.framework/Headers/gl.h:2732:13: note: 'glVertex2f' has been explicitly marked deprecated here
 2732 | extern void glVertex2f (GLfloat x, GLfloat y) OPENGL_DEPRECATED(10.0, 10.14);
      |             ^
game.c:6742:3: warning: 'glVertex2f' is deprecated: first deprecated in macOS 10.14 - OpenGL API deprecated. (Define GL_SILENCE_DEPRECATION to silence these warnings) [-Wdeprecated-declarations]
 6742 |   glVertex2f(120 + (int)(160 * hp01), 46 + 12);
      |   ^
/Library/Developer/CommandLineTools/SDKs/MacOSX.sdk/System/Library/Frameworks/OpenGL.framework/Headers/gl.h:2732:13: note: 'glVertex2f' has been explicitly marked deprecated here
 2732 | extern void glVertex2f (GLfloat x, GLfloat y) OPENGL_DEPRECATED(10.0, 10.14);
      |             ^
game.c:6743:3: warning: 'glVertex2f' is deprecated: first deprecated in macOS 10.14 - OpenGL API deprecated. (Define GL_SILENCE_DEPRECATION to silence these warnings) [-Wdeprecated-declarations]
 6743 |   glVertex2f(120, 46 + 12);
      |   ^
/Library/Developer/CommandLineTools/SDKs/MacOSX.sdk/System/Library/Frameworks/OpenGL.framework/Headers/gl.h:2732:13: note: 'glVertex2f' has been explicitly marked deprecated here
 2732 | extern void glVertex2f (GLfloat x, GLfloat y) OPENGL_DEPRECATED(10.0, 10.14);
      |             ^
game.c:6744:3: warning: 'glEnd' is deprecated: first deprecated in macOS 10.14 - OpenGL API deprecated. (Define GL_SILENCE_DEPRECATION to silence these warnings) [-Wdeprecated-declarations]
 6744 |   glEnd();
      |   ^
/Library/Developer/CommandLineTools/SDKs/MacOSX.sdk/System/Library/Frameworks/OpenGL.framework/Headers/gl.h:2474:13: note: 'glEnd' has been explicitly marked deprecated here
 2474 | extern void glEnd (void) OPENGL_DEPRECATED(10.0, 10.14);
      |             ^
game.c:6747:3: warning: 'glBegin' is deprecated: first deprecated in macOS 10.14 - OpenGL API deprecated. (Define GL_SILENCE_DEPRECATION to silence these warnings) [-Wdeprecated-declarations]
 6747 |   glBegin(GL_QUADS);
      |   ^
/Library/Developer/CommandLineTools/SDKs/MacOSX.sdk/System/Library/Frameworks/OpenGL.framework/Headers/gl.h:2385:13: note: 'glBegin' has been explicitly marked deprecated here
 2385 | extern void glBegin (GLenum mode) OPENGL_DEPRECATED(10.0, 10.14);
      |             ^
game.c:6748:3: warning: 'glColor4f' is deprecated: first deprecated in macOS 10.14 - OpenGL API deprecated. (Define GL_SILENCE_DEPRECATION to silence these warnings) [-Wdeprecated-declarations]
 6748 |   glColor4f(0.0f, 0.0f, 0.0f, 140.0f / 255.0f);
      |   ^
/Library/Developer/CommandLineTools/SDKs/MacOSX.sdk/System/Library/Frameworks/OpenGL.framework/Headers/gl.h:2421:13: note: 'glColor4f' has been explicitly marked deprecated here
 2421 | extern void glColor4f (GLfloat red, GLfloat green, GLfloat blue, GLfloat alpha) OPENGL_DEPRECATED(10.0, 10.14);
      |             ^
game.c:6749:3: warning: 'glVertex2f' is deprecated: first deprecated in macOS 10.14 - OpenGL API deprecated. (Define GL_SILENCE_DEPRECATION to silence these warnings) [-Wdeprecated-declarations]
 6749 |   glVertex2f(120, 66);
      |   ^
/Library/Developer/CommandLineTools/SDKs/MacOSX.sdk/System/Library/Frameworks/OpenGL.framework/Headers/gl.h:2732:13: note: 'glVertex2f' has been explicitly marked deprecated here
 2732 | extern void glVertex2f (GLfloat x, GLfloat y) OPENGL_DEPRECATED(10.0, 10.14);
      |             ^
game.c:6750:3: warning: 'glVertex2f' is deprecated: first deprecated in macOS 10.14 - OpenGL API deprecated. (Define GL_SILENCE_DEPRECATION to silence these warnings) [-Wdeprecated-declarations]
 6750 |   glVertex2f(120 + 160, 66);
      |   ^
/Library/Developer/CommandLineTools/SDKs/MacOSX.sdk/System/Library/Frameworks/OpenGL.framework/Headers/gl.h:2732:13: note: 'glVertex2f' has been explicitly marked deprecated here
 2732 | extern void glVertex2f (GLfloat x, GLfloat y) OPENGL_DEPRECATED(10.0, 10.14);
      |             ^
game.c:6751:3: warning: 'glVertex2f' is deprecated: first deprecated in macOS 10.14 - OpenGL API deprecated. (Define GL_SILENCE_DEPRECATION to silence these warnings) [-Wdeprecated-declarations]
 6751 |   glVertex2f(120 + 160, 66 + 12);
      |   ^
/Library/Developer/CommandLineTools/SDKs/MacOSX.sdk/System/Library/Frameworks/OpenGL.framework/Headers/gl.h:2732:13: note: 'glVertex2f' has been explicitly marked deprecated here
 2732 | extern void glVertex2f (GLfloat x, GLfloat y) OPENGL_DEPRECATED(10.0, 10.14);
      |             ^
game.c:6752:3: warning: 'glVertex2f' is deprecated: first deprecated in macOS 10.14 - OpenGL API deprecated. (Define GL_SILENCE_DEPRECATION to silence these warnings) [-Wdeprecated-declarations]
 6752 |   glVertex2f(120, 66 + 12);
      |   ^
/Library/Developer/CommandLineTools/SDKs/MacOSX.sdk/System/Library/Frameworks/OpenGL.framework/Headers/gl.h:2732:13: note: 'glVertex2f' has been explicitly marked deprecated here
 2732 | extern void glVertex2f (GLfloat x, GLfloat y) OPENGL_DEPRECATED(10.0, 10.14);
      |             ^
game.c:6753:3: warning: 'glEnd' is deprecated: first deprecated in macOS 10.14 - OpenGL API deprecated. (Define GL_SILENCE_DEPRECATION to silence these warnings) [-Wdeprecated-declarations]
 6753 |   glEnd();
      |   ^
/Library/Developer/CommandLineTools/SDKs/MacOSX.sdk/System/Library/Frameworks/OpenGL.framework/Headers/gl.h:2474:13: note: 'glEnd' has been explicitly marked deprecated here
 2474 | extern void glEnd (void) OPENGL_DEPRECATED(10.0, 10.14);
      |             ^
game.c:6755:3: warning: 'glBegin' is deprecated: first deprecated in macOS 10.14 - OpenGL API deprecated. (Define GL_SILENCE_DEPRECATION to silence these warnings) [-Wdeprecated-declarations]
 6755 |   glBegin(GL_QUADS);
      |   ^
/Library/Developer/CommandLineTools/SDKs/MacOSX.sdk/System/Library/Frameworks/OpenGL.framework/Headers/gl.h:2385:13: note: 'glBegin' has been explicitly marked deprecated here
 2385 | extern void glBegin (GLenum mode) OPENGL_DEPRECATED(10.0, 10.14);
      |             ^
game.c:6756:3: warning: 'glColor4f' is deprecated: first deprecated in macOS 10.14 - OpenGL API deprecated. (Define GL_SILENCE_DEPRECATION to silence these warnings) [-Wdeprecated-declarations]
 6756 |   glColor4f(80.0f / 255.0f, 160.0f / 255.0f, 255.0f / 255.0f, 255.0f / 255.0f);
      |   ^
/Library/Developer/CommandLineTools/SDKs/MacOSX.sdk/System/Library/Frameworks/OpenGL.framework/Headers/gl.h:2421:13: note: 'glColor4f' has been explicitly marked deprecated here
 2421 | extern void glColor4f (GLfloat red, GLfloat green, GLfloat blue, GLfloat alpha) OPENGL_DEPRECATED(10.0, 10.14);
      |             ^
game.c:6757:3: warning: 'glVertex2f' is deprecated: first deprecated in macOS 10.14 - OpenGL API deprecated. (Define GL_SILENCE_DEPRECATION to silence these warnings) [-Wdeprecated-declarations]
 6757 |   glVertex2f(120, 66);
      |   ^
/Library/Developer/CommandLineTools/SDKs/MacOSX.sdk/System/Library/Frameworks/OpenGL.framework/Headers/gl.h:2732:13: note: 'glVertex2f' has been explicitly marked deprecated here
 2732 | extern void glVertex2f (GLfloat x, GLfloat y) OPENGL_DEPRECATED(10.0, 10.14);
      |             ^
game.c:6758:3: warning: 'glVertex2f' is deprecated: first deprecated in macOS 10.14 - OpenGL API deprecated. (Define GL_SILENCE_DEPRECATION to silence these warnings) [-Wdeprecated-declarations]
 6758 |   glVertex2f(120 + (int)(160 * st01), 66);
      |   ^
/Library/Developer/CommandLineTools/SDKs/MacOSX.sdk/System/Library/Frameworks/OpenGL.framework/Headers/gl.h:2732:13: note: 'glVertex2f' has been explicitly marked deprecated here
 2732 | extern void glVertex2f (GLfloat x, GLfloat y) OPENGL_DEPRECATED(10.0, 10.14);
      |             ^
game.c:6759:3: warning: 'glVertex2f' is deprecated: first deprecated in macOS 10.14 - OpenGL API deprecated. (Define GL_SILENCE_DEPRECATION to silence these warnings) [-Wdeprecated-declarations]
 6759 |   glVertex2f(120 + (int)(160 * st01), 66 + 12);
      |   ^
/Library/Developer/CommandLineTools/SDKs/MacOSX.sdk/System/Library/Frameworks/OpenGL.framework/Headers/gl.h:2732:13: note: 'glVertex2f' has been explicitly marked deprecated here
 2732 | extern void glVertex2f (GLfloat x, GLfloat y) OPENGL_DEPRECATED(10.0, 10.14);
      |             ^
game.c:6760:3: warning: 'glVertex2f' is deprecated: first deprecated in macOS 10.14 - OpenGL API deprecated. (Define GL_SILENCE_DEPRECATION to silence these warnings) [-Wdeprecated-declarations]
 6760 |   glVertex2f(120, 66 + 12);
      |   ^
/Library/Developer/CommandLineTools/SDKs/MacOSX.sdk/System/Library/Frameworks/OpenGL.framework/Headers/gl.h:2732:13: note: 'glVertex2f' has been explicitly marked deprecated here
 2732 | extern void glVertex2f (GLfloat x, GLfloat y) OPENGL_DEPRECATED(10.0, 10.14);
      |             ^
game.c:6761:3: warning: 'glEnd' is deprecated: first deprecated in macOS 10.14 - OpenGL API deprecated. (Define GL_SILENCE_DEPRECATION to silence these warnings) [-Wdeprecated-declarations]
 6761 |   glEnd();
      |   ^
/Library/Developer/CommandLineTools/SDKs/MacOSX.sdk/System/Library/Frameworks/OpenGL.framework/Headers/gl.h:2474:13: note: 'glEnd' has been explicitly marked deprecated here
 2474 | extern void glEnd (void) OPENGL_DEPRECATED(10.0, 10.14);
      |             ^
game.c:6779:5: warning: 'glBegin' is deprecated: first deprecated in macOS 10.14 - OpenGL API deprecated. (Define GL_SILENCE_DEPRECATION to silence these warnings) [-Wdeprecated-declarations]
 6779 |     glBegin(GL_QUADS);
      |     ^
/Library/Developer/CommandLineTools/SDKs/MacOSX.sdk/System/Library/Frameworks/OpenGL.framework/Headers/gl.h:2385:13: note: 'glBegin' has been explicitly marked deprecated here
 2385 | extern void glBegin (GLenum mode) OPENGL_DEPRECATED(10.0, 10.14);
      |             ^
game.c:6780:5: warning: 'glColor4f' is deprecated: first deprecated in macOS 10.14 - OpenGL API deprecated. (Define GL_SILENCE_DEPRECATION to silence these warnings) [-Wdeprecated-declarations]
 6780 |     glColor4f(0.0f, 0.0f, 0.0f, 140.0f / 255.0f);
      |     ^
/Library/Developer/CommandLineTools/SDKs/MacOSX.sdk/System/Library/Frameworks/OpenGL.framework/Headers/gl.h:2421:13: note: 'glColor4f' has been explicitly marked deprecated here
 2421 | extern void glColor4f (GLfloat red, GLfloat green, GLfloat blue, GLfloat alpha) OPENGL_DEPRECATED(10.0, 10.14);
      |             ^
game.c:6781:5: warning: 'glVertex2f' is deprecated: first deprecated in macOS 10.14 - OpenGL API deprecated. (Define GL_SILENCE_DEPRECATION to silence these warnings) [-Wdeprecated-declarations]
 6781 |     glVertex2f(90, y0 + 4 + t * 22);
      |     ^
/Library/Developer/CommandLineTools/SDKs/MacOSX.sdk/System/Library/Frameworks/OpenGL.framework/Headers/gl.h:2732:13: note: 'glVertex2f' has been explicitly marked deprecated here
 2732 | extern void glVertex2f (GLfloat x, GLfloat y) OPENGL_DEPRECATED(10.0, 10.14);
      |             ^
game.c:6782:5: warning: 'glVertex2f' is deprecated: first deprecated in macOS 10.14 - OpenGL API deprecated. (Define GL_SILENCE_DEPRECATION to silence these warnings) [-Wdeprecated-declarations]
 6782 |     glVertex2f(90 + 140, y0 + 4 + t * 22);
      |     ^
/Library/Developer/CommandLineTools/SDKs/MacOSX.sdk/System/Library/Frameworks/OpenGL.framework/Headers/gl.h:2732:13: note: 'glVertex2f' has been explicitly marked deprecated here
 2732 | extern void glVertex2f (GLfloat x, GLfloat y) OPENGL_DEPRECATED(10.0, 10.14);
      |             ^
game.c:6783:5: warning: 'glVertex2f' is deprecated: first deprecated in macOS 10.14 - OpenGL API deprecated. (Define GL_SILENCE_DEPRECATION to silence these warnings) [-Wdeprecated-declarations]
 6783 |     glVertex2f(90 + 140, y0 + 4 + t * 22 + 10);
      |     ^
/Library/Developer/CommandLineTools/SDKs/MacOSX.sdk/System/Library/Frameworks/OpenGL.framework/Headers/gl.h:2732:13: note: 'glVertex2f' has been explicitly marked deprecated here
 2732 | extern void glVertex2f (GLfloat x, GLfloat y) OPENGL_DEPRECATED(10.0, 10.14);
      |             ^
game.c:6784:5: warning: 'glVertex2f' is deprecated: first deprecated in macOS 10.14 - OpenGL API deprecated. (Define GL_SILENCE_DEPRECATION to silence these warnings) [-Wdeprecated-declarations]
 6784 |     glVertex2f(90, y0 + 4 + t * 22 + 10);
      |     ^
/Library/Developer/CommandLineTools/SDKs/MacOSX.sdk/System/Library/Frameworks/OpenGL.framework/Headers/gl.h:2732:13: note: 'glVertex2f' has been explicitly marked deprecated here
 2732 | extern void glVertex2f (GLfloat x, GLfloat y) OPENGL_DEPRECATED(10.0, 10.14);
      |             ^
game.c:6785:5: warning: 'glEnd' is deprecated: first deprecated in macOS 10.14 - OpenGL API deprecated. (Define GL_SILENCE_DEPRECATION to silence these warnings) [-Wdeprecated-declarations]
 6785 |     glEnd();
      |     ^
/Library/Developer/CommandLineTools/SDKs/MacOSX.sdk/System/Library/Frameworks/OpenGL.framework/Headers/gl.h:2474:13: note: 'glEnd' has been explicitly marked deprecated here
 2474 | extern void glEnd (void) OPENGL_DEPRECATED(10.0, 10.14);
      |             ^
game.c:6787:5: warning: 'glBegin' is deprecated: first deprecated in macOS 10.14 - OpenGL API deprecated. (Define GL_SILENCE_DEPRECATION to silence these warnings) [-Wdeprecated-declarations]
 6787 |     glBegin(GL_QUADS);
      |     ^
/Library/Developer/CommandLineTools/SDKs/MacOSX.sdk/System/Library/Frameworks/OpenGL.framework/Headers/gl.h:2385:13: note: 'glBegin' has been explicitly marked deprecated here
 2385 | extern void glBegin (GLenum mode) OPENGL_DEPRECATED(10.0, 10.14);
      |             ^
game.c:6788:5: warning: 'glColor4f' is deprecated: first deprecated in macOS 10.14 - OpenGL API deprecated. (Define GL_SILENCE_DEPRECATION to silence these warnings) [-Wdeprecated-declarations]
 6788 |     glColor4f(tribes[t].color.r / 255.0f, tribes[t].color.g / 255.0f,
      |     ^
/Library/Developer/CommandLineTools/SDKs/MacOSX.sdk/System/Library/Frameworks/OpenGL.framework/Headers/gl.h:2421:13: note: 'glColor4f' has been explicitly marked deprecated here
 2421 | extern void glColor4f (GLfloat red, GLfloat green, GLfloat blue, GLfloat alpha) OPENGL_DEPRECATED(10.0, 10.14);
      |             ^
game.c:6790:5: warning: 'glVertex2f' is deprecated: first deprecated in macOS 10.14 - OpenGL API deprecated. (Define GL_SILENCE_DEPRECATION to silence these warnings) [-Wdeprecated-declarations]
 6790 |     glVertex2f(90, y0 + 4 + t * 22);
      |     ^
/Library/Developer/CommandLineTools/SDKs/MacOSX.sdk/System/Library/Frameworks/OpenGL.framework/Headers/gl.h:2732:13: note: 'glVertex2f' has been explicitly marked deprecated here
 2732 | extern void glVertex2f (GLfloat x, GLfloat y) OPENGL_DEPRECATED(10.0, 10.14);
      |             ^
game.c:6791:5: warning: 'glVertex2f' is deprecated: first deprecated in macOS 10.14 - OpenGL API deprecated. (Define GL_SILENCE_DEPRECATION to silence these warnings) [-Wdeprecated-declarations]
 6791 |     glVertex2f(90 + (int)(140 * v), y0 + 4 + t * 22);
      |     ^
/Library/Developer/CommandLineTools/SDKs/MacOSX.sdk/System/Library/Frameworks/OpenGL.framework/Headers/gl.h:2732:13: note: 'glVertex2f' has been explicitly marked deprecated here
 2732 | extern void glVertex2f (GLfloat x, GLfloat y) OPENGL_DEPRECATED(10.0, 10.14);
      |             ^
game.c:6792:5: warning: 'glVertex2f' is deprecated: first deprecated in macOS 10.14 - OpenGL API deprecated. (Define GL_SILENCE_DEPRECATION to silence these warnings) [-Wdeprecated-declarations]
 6792 |     glVertex2f(90 + (int)(140 * v), y0 + 4 + t * 22 + 10);
      |     ^
/Library/Developer/CommandLineTools/SDKs/MacOSX.sdk/System/Library/Frameworks/OpenGL.framework/Headers/gl.h:2732:13: note: 'glVertex2f' has been explicitly marked deprecated here
 2732 | extern void glVertex2f (GLfloat x, GLfloat y) OPENGL_DEPRECATED(10.0, 10.14);
      |             ^
game.c:6793:5: warning: 'glVertex2f' is deprecated: first deprecated in macOS 10.14 - OpenGL API deprecated. (Define GL_SILENCE_DEPRECATION to silence these warnings) [-Wdeprecated-declarations]
 6793 |     glVertex2f(90, y0 + 4 + t * 22 + 10);
      |     ^
/Library/Developer/CommandLineTools/SDKs/MacOSX.sdk/System/Library/Frameworks/OpenGL.framework/Headers/gl.h:2732:13: note: 'glVertex2f' has been explicitly marked deprecated here
 2732 | extern void glVertex2f (GLfloat x, GLfloat y) OPENGL_DEPRECATED(10.0, 10.14);
      |             ^
game.c:6794:5: warning: 'glEnd' is deprecated: first deprecated in macOS 10.14 - OpenGL API deprecated. (Define GL_SILENCE_DEPRECATION to silence these warnings) [-Wdeprecated-declarations]
 6794 |     glEnd();
      |     ^
/Library/Developer/CommandLineTools/SDKs/MacOSX.sdk/System/Library/Frameworks/OpenGL.framework/Headers/gl.h:2474:13: note: 'glEnd' has been explicitly marked deprecated here
 2474 | extern void glEnd (void) OPENGL_DEPRECATED(10.0, 10.14);
      |             ^
game.c:7301:3: error: type specifier missing, defaults to 'int'; ISO C99 and later do not support implicit int [-Wimplicit-int]
 7301 |   hasSelection = (g_world_list.selected >= 0 &&
      |   ^
      |   int
game.c:7301:46: error: initializer element is not a compile-time constant
 7301 |   hasSelection = (g_world_list.selected >= 0 &&
      |                   ~~~~~~~~~~~~~~~~~~~~~~~~~~~^~
 7302 |                  g_world_list.selected < g_world_list.count);
      |                  ~~~~~~~~~~~~~~~~~~~~~~~~~~~~~~~~~~~~~~~~~~
game.c:7304:3: error: expected identifier or '('
 7304 |   if (ui_button(rPlay, hasSelection ? "Play Selected" : "Play (no world)")) {
      |   ^
game.c:7323:3: error: expected identifier or '('
 7323 |   if (ui_button(rDelete, hasSelection ? "Delete World" : "Delete (no world)")) {
      |   ^
game.c:7333:3: error: expected identifier or '('
 7333 |   if (ui_button(rCreate, "Create New World")) {
      |   ^
game.c:7338:3: error: expected identifier or '('
 7338 |   if (ui_button(rBack, "Back")) {
      |   ^
game.c:7343:3: error: expected identifier or '('
 7343 |   if (hasSelection && IsKeyPressed(KEY_ENTER)) {
      |   ^
game.c:7353:1: error: extraneous closing brace ('}')
 7353 | }
      | ^
game.c:7603:5: warning: 'glDeleteBuffers' is deprecated: first deprecated in macOS 10.14 - OpenGL API deprecated. (Define GL_SILENCE_DEPRECATION to silence these warnings) [-Wdeprecated-declarations]
 7603 |     glDeleteBuffers(1, &m->ebo);
      |     ^
/Library/Developer/CommandLineTools/SDKs/MacOSX.sdk/System/Library/Frameworks/OpenGL.framework/Headers/gl.h:2868:13: note: 'glDeleteBuffers' has been explicitly marked deprecated here
 2868 | extern void glDeleteBuffers (GLsizei n, const GLuint *buffers) OPENGL_DEPRECATED(10.0, 10.14);
      |             ^
game.c:7607:5: warning: 'glDeleteBuffers' is deprecated: first deprecated in macOS 10.14 - OpenGL API deprecated. (Define GL_SILENCE_DEPRECATION to silence these warnings) [-Wdeprecated-declarations]
 7607 |     glDeleteBuffers(1, &m->vbo);
      |     ^
/Library/Developer/CommandLineTools/SDKs/MacOSX.sdk/System/Library/Frameworks/OpenGL.framework/Headers/gl.h:2868:13: note: 'glDeleteBuffers' has been explicitly marked deprecated here
 2868 | extern void glDeleteBuffers (GLsizei n, const GLuint *buffers) OPENGL_DEPRECATED(10.0, 10.14);
      |             ^
game.c:7611:5: warning: 'glDeleteVertexArrays' is deprecated: first deprecated in macOS 10.14 - OpenGL API deprecated. (Define GL_SILENCE_DEPRECATION to silence these warnings) [-Wdeprecated-declarations]
 7611 |     glDeleteVertexArrays(1, &m->vao);
      |     ^
/Library/Developer/CommandLineTools/SDKs/MacOSX.sdk/System/Library/Frameworks/OpenGL.framework/Headers/gl3.h:2361:21: note: 'glDeleteVertexArrays' has been explicitly marked deprecated here
 2361 | GLAPI void APIENTRY glDeleteVertexArrays (GLsizei n, const GLuint *arrays) OPENGL_DEPRECATED(10.5, 10.14);
      |                     ^
game.c:7904:14: warning: 'glCreateShader' is deprecated: first deprecated in macOS 10.14 - OpenGL API deprecated. (Define GL_SILENCE_DEPRECATION to silence these warnings) [-Wdeprecated-declarations]
 7904 |   GLuint s = glCreateShader(type);
      |              ^
/Library/Developer/CommandLineTools/SDKs/MacOSX.sdk/System/Library/Frameworks/OpenGL.framework/Headers/gl.h:2925:15: note: 'glCreateShader' has been explicitly marked deprecated here
 2925 | extern GLuint glCreateShader (GLenum type) OPENGL_DEPRECATED(10.0, 10.14);
      |               ^
game.c:7905:3: warning: 'glShaderSource' is deprecated: first deprecated in macOS 10.14 - OpenGL API deprecated. (Define GL_SILENCE_DEPRECATION to silence these warnings) [-Wdeprecated-declarations]
 7905 |   glShaderSource(s, 1, &src, NULL);
      |   ^
/Library/Developer/CommandLineTools/SDKs/MacOSX.sdk/System/Library/Frameworks/OpenGL.framework/Headers/gl.h:2926:13: note: 'glShaderSource' has been explicitly marked deprecated here
 2926 | extern void glShaderSource (GLuint shader, GLsizei count, const GLchar* const *string, const GLint *length) OPENGL_DEPRECATED(10.0, 10.14);
      |             ^
game.c:7906:3: warning: 'glCompileShader' is deprecated: first deprecated in macOS 10.14 - OpenGL API deprecated. (Define GL_SILENCE_DEPRECATION to silence these warnings) [-Wdeprecated-declarations]
 7906 |   glCompileShader(s);
      |   ^
/Library/Developer/CommandLineTools/SDKs/MacOSX.sdk/System/Library/Frameworks/OpenGL.framework/Headers/gl.h:2927:13: note: 'glCompileShader' has been explicitly marked deprecated here
 2927 | extern void glCompileShader (GLuint shader) OPENGL_DEPRECATED(10.0, 10.14);
      |             ^
game.c:7908:3: warning: 'glGetShaderiv' is deprecated: first deprecated in macOS 10.14 - OpenGL API deprecated. (Define GL_SILENCE_DEPRECATION to silence these warnings) [-Wdeprecated-declarations]
 7908 |   glGetShaderiv(s, GL_COMPILE_STATUS, &ok);
      |   ^
/Library/Developer/CommandLineTools/SDKs/MacOSX.sdk/System/Library/Frameworks/OpenGL.framework/Headers/gl.h:2955:13: note: 'glGetShaderiv' has been explicitly marked deprecated here
 2955 | extern void glGetShaderiv (GLuint shader, GLenum pname, GLint *params) OPENGL_DEPRECATED(10.0, 10.14);
      |             ^
game.c:7911:5: warning: 'glGetShaderInfoLog' is deprecated: first deprecated in macOS 10.14 - OpenGL API deprecated. (Define GL_SILENCE_DEPRECATION to silence these warnings) [-Wdeprecated-declarations]
 7911 |     glGetShaderInfoLog(s, sizeof(log), NULL, log);
      |     ^
/Library/Developer/CommandLineTools/SDKs/MacOSX.sdk/System/Library/Frameworks/OpenGL.framework/Headers/gl.h:2958:13: note: 'glGetShaderInfoLog' has been explicitly marked deprecated here
 2958 | extern void glGetShaderInfoLog (GLuint shader, GLsizei bufSize, GLsizei *length, GLchar *infoLog) OPENGL_DEPRECATED(10.0, 10.14);
      |             ^
game.c:7913:5: warning: 'glDeleteShader' is deprecated: first deprecated in macOS 10.14 - OpenGL API deprecated. (Define GL_SILENCE_DEPRECATION to silence these warnings) [-Wdeprecated-declarations]
 7913 |     glDeleteShader(s);
      |     ^
/Library/Developer/CommandLineTools/SDKs/MacOSX.sdk/System/Library/Frameworks/OpenGL.framework/Headers/gl.h:2923:13: note: 'glDeleteShader' has been explicitly marked deprecated here
 2923 | extern void glDeleteShader (GLuint shader) OPENGL_DEPRECATED(10.0, 10.14);
      |             ^
game.c:7927:14: warning: 'glCreateProgram' is deprecated: first deprecated in macOS 10.14 - OpenGL API deprecated. (Define GL_SILENCE_DEPRECATION to silence these warnings) [-Wdeprecated-declarations]
 7927 |   GLuint p = glCreateProgram();
      |              ^
/Library/Developer/CommandLineTools/SDKs/MacOSX.sdk/System/Library/Frameworks/OpenGL.framework/Headers/gl.h:2928:15: note: 'glCreateProgram' has been explicitly marked deprecated here
 2928 | extern GLuint glCreateProgram (void) OPENGL_DEPRECATED(10.0, 10.14);
      |               ^
game.c:7928:3: warning: 'glAttachShader' is deprecated: first deprecated in macOS 10.14 - OpenGL API deprecated. (Define GL_SILENCE_DEPRECATION to silence these warnings) [-Wdeprecated-declarations]
 7928 |   glAttachShader(p, v);
      |   ^
/Library/Developer/CommandLineTools/SDKs/MacOSX.sdk/System/Library/Frameworks/OpenGL.framework/Headers/gl.h:2929:13: note: 'glAttachShader' has been explicitly marked deprecated here
 2929 | extern void glAttachShader (GLuint program, GLuint shader) OPENGL_DEPRECATED(10.0, 10.14);
      |             ^
game.c:7929:3: warning: 'glAttachShader' is deprecated: first deprecated in macOS 10.14 - OpenGL API deprecated. (Define GL_SILENCE_DEPRECATION to silence these warnings) [-Wdeprecated-declarations]
 7929 |   glAttachShader(p, f);
      |   ^
/Library/Developer/CommandLineTools/SDKs/MacOSX.sdk/System/Library/Frameworks/OpenGL.framework/Headers/gl.h:2929:13: note: 'glAttachShader' has been explicitly marked deprecated here
 2929 | extern void glAttachShader (GLuint program, GLuint shader) OPENGL_DEPRECATED(10.0, 10.14);
      |             ^
game.c:7930:3: warning: 'glLinkProgram' is deprecated: first deprecated in macOS 10.14 - OpenGL API deprecated. (Define GL_SILENCE_DEPRECATION to silence these warnings) [-Wdeprecated-declarations]
 7930 |   glLinkProgram(p);
      |   ^
/Library/Developer/CommandLineTools/SDKs/MacOSX.sdk/System/Library/Frameworks/OpenGL.framework/Headers/gl.h:2930:13: note: 'glLinkProgram' has been explicitly marked deprecated here
 2930 | extern void glLinkProgram (GLuint program) OPENGL_DEPRECATED(10.0, 10.14);
      |             ^
game.c:7933:3: warning: 'glGetProgramiv' is deprecated: first deprecated in macOS 10.14 - OpenGL API deprecated. (Define GL_SILENCE_DEPRECATION to silence these warnings) [-Wdeprecated-declarations]
 7933 |   glGetProgramiv(p, GL_LINK_STATUS, &ok);
      |   ^
/Library/Developer/CommandLineTools/SDKs/MacOSX.sdk/System/Library/Frameworks/OpenGL.framework/Headers/gl.h:2956:13: note: 'glGetProgramiv' has been explicitly marked deprecated here
 2956 | extern void glGetProgramiv (GLuint program, GLenum pname, GLint *params) OPENGL_DEPRECATED(10.0, 10.14);
      |             ^
game.c:7936:5: warning: 'glGetProgramInfoLog' is deprecated: first deprecated in macOS 10.14 - OpenGL API deprecated. (Define GL_SILENCE_DEPRECATION to silence these warnings) [-Wdeprecated-declarations]
 7936 |     glGetProgramInfoLog(p, sizeof(log), NULL, log);
      |     ^
/Library/Developer/CommandLineTools/SDKs/MacOSX.sdk/System/Library/Frameworks/OpenGL.framework/Headers/gl.h:2959:13: note: 'glGetProgramInfoLog' has been explicitly marked deprecated here
 2959 | extern void glGetProgramInfoLog (GLuint program, GLsizei bufSize, GLsizei *length, GLchar *infoLog) OPENGL_DEPRECATED(10.0, 10.14);
      |             ^
game.c:7938:5: warning: 'glDeleteProgram' is deprecated: first deprecated in macOS 10.14 - OpenGL API deprecated. (Define GL_SILENCE_DEPRECATION to silence these warnings) [-Wdeprecated-declarations]
 7938 |     glDeleteProgram(p);
      |     ^
/Library/Developer/CommandLineTools/SDKs/MacOSX.sdk/System/Library/Frameworks/OpenGL.framework/Headers/gl.h:2932:13: note: 'glDeleteProgram' has been explicitly marked deprecated here
 2932 | extern void glDeleteProgram (GLuint program) OPENGL_DEPRECATED(10.0, 10.14);
      |             ^
game.c:7942:3: warning: 'glDeleteShader' is deprecated: first deprecated in macOS 10.14 - OpenGL API deprecated. (Define GL_SILENCE_DEPRECATION to silence these warnings) [-Wdeprecated-declarations]
 7942 |   glDeleteShader(v);
      |   ^
/Library/Developer/CommandLineTools/SDKs/MacOSX.sdk/System/Library/Frameworks/OpenGL.framework/Headers/gl.h:2923:13: note: 'glDeleteShader' has been explicitly marked deprecated here
 2923 | extern void glDeleteShader (GLuint shader) OPENGL_DEPRECATED(10.0, 10.14);
      |             ^
game.c:7943:3: warning: 'glDeleteShader' is deprecated: first deprecated in macOS 10.14 - OpenGL API deprecated. (Define GL_SILENCE_DEPRECATION to silence these warnings) [-Wdeprecated-declarations]
 7943 |   glDeleteShader(f);
      |   ^
/Library/Developer/CommandLineTools/SDKs/MacOSX.sdk/System/Library/Frameworks/OpenGL.framework/Headers/gl.h:2923:13: note: 'glDeleteShader' has been explicitly marked deprecated here
 2923 | extern void glDeleteShader (GLuint shader) OPENGL_DEPRECATED(10.0, 10.14);
      |             ^
game.c:7999:3: warning: 'glGenTextures' is deprecated: first deprecated in macOS 10.14 - OpenGL API deprecated. (Define GL_SILENCE_DEPRECATION to silence these warnings) [-Wdeprecated-declarations]
 7999 |   glGenTextures(1, &tex);
      |   ^
/Library/Developer/CommandLineTools/SDKs/MacOSX.sdk/System/Library/Frameworks/OpenGL.framework/Headers/gl.h:2498:13: note: 'glGenTextures' has been explicitly marked deprecated here
 2498 | extern void glGenTextures (GLsizei n, GLuint *textures) OPENGL_DEPRECATED(10.0, 10.14);
      |             ^
game.c:8000:3: warning: 'glBindTexture' is deprecated: first deprecated in macOS 10.14 - OpenGL API deprecated. (Define GL_SILENCE_DEPRECATION to silence these warnings) [-Wdeprecated-declarations]
 8000 |   glBindTexture(GL_TEXTURE_2D, tex);
      |   ^
/Library/Developer/CommandLineTools/SDKs/MacOSX.sdk/System/Library/Frameworks/OpenGL.framework/Headers/gl.h:2386:13: note: 'glBindTexture' has been explicitly marked deprecated here
 2386 | extern void glBindTexture (GLenum target, GLuint texture) OPENGL_DEPRECATED(10.0, 10.14);
      |             ^
game.c:8099:3: warning: 'glGenVertexArrays' is deprecated: first deprecated in macOS 10.14 - OpenGL API deprecated. (Define GL_SILENCE_DEPRECATION to silence these warnings) [-Wdeprecated-declarations]
 8099 |   glGenVertexArrays(1, &m->vao);
      |   ^
/Library/Developer/CommandLineTools/SDKs/MacOSX.sdk/System/Library/Frameworks/OpenGL.framework/Headers/gl3.h:2362:21: note: 'glGenVertexArrays' has been explicitly marked deprecated here
 2362 | GLAPI void APIENTRY glGenVertexArrays (GLsizei n, GLuint *arrays) OPENGL_DEPRECATED(10.5, 10.14);
      |                     ^
game.c:8100:3: warning: 'glGenBuffers' is deprecated: first deprecated in macOS 10.14 - OpenGL API deprecated. (Define GL_SILENCE_DEPRECATION to silence these warnings) [-Wdeprecated-declarations]
 8100 |   glGenBuffers(1, &m->vbo);
      |   ^
/Library/Developer/CommandLineTools/SDKs/MacOSX.sdk/System/Library/Frameworks/OpenGL.framework/Headers/gl.h:2869:13: note: 'glGenBuffers' has been explicitly marked deprecated here
 2869 | extern void glGenBuffers (GLsizei n, GLuint *buffers) OPENGL_DEPRECATED(10.0, 10.14);
      |             ^
game.c:8101:3: warning: 'glGenBuffers' is deprecated: first deprecated in macOS 10.14 - OpenGL API deprecated. (Define GL_SILENCE_DEPRECATION to silence these warnings) [-Wdeprecated-declarations]
 8101 |   glGenBuffers(1, &m->ebo);
      |   ^
/Library/Developer/CommandLineTools/SDKs/MacOSX.sdk/System/Library/Frameworks/OpenGL.framework/Headers/gl.h:2869:13: note: 'glGenBuffers' has been explicitly marked deprecated here
 2869 | extern void glGenBuffers (GLsizei n, GLuint *buffers) OPENGL_DEPRECATED(10.0, 10.14);
      |             ^
game.c:8102:3: warning: 'glBindVertexArray' is deprecated: first deprecated in macOS 10.14 - OpenGL API deprecated. (Define GL_SILENCE_DEPRECATION to silence these warnings) [-Wdeprecated-declarations]
 8102 |   glBindVertexArray(m->vao);
      |   ^
/Library/Developer/CommandLineTools/SDKs/MacOSX.sdk/System/Library/Frameworks/OpenGL.framework/Headers/gl3.h:2360:21: note: 'glBindVertexArray' has been explicitly marked deprecated here
 2360 | GLAPI void APIENTRY glBindVertexArray (GLuint array) OPENGL_DEPRECATED(10.5, 10.14);
      |                     ^
game.c:8103:3: warning: 'glBindBuffer' is deprecated: first deprecated in macOS 10.14 - OpenGL API deprecated. (Define GL_SILENCE_DEPRECATION to silence these warnings) [-Wdeprecated-declarations]
 8103 |   glBindBuffer(GL_ARRAY_BUFFER, m->vbo);
      |   ^
/Library/Developer/CommandLineTools/SDKs/MacOSX.sdk/System/Library/Frameworks/OpenGL.framework/Headers/gl.h:2867:13: note: 'glBindBuffer' has been explicitly marked deprecated here
 2867 | extern void glBindBuffer (GLenum target, GLuint buffer) OPENGL_DEPRECATED(10.0, 10.14);
      |             ^
game.c:8104:3: warning: 'glBufferData' is deprecated: first deprecated in macOS 10.14 - OpenGL API deprecated. (Define GL_SILENCE_DEPRECATION to silence these warnings) [-Wdeprecated-declarations]
 8104 |   glBufferData(GL_ARRAY_BUFFER, sizeof(float) * vcount * 6, verts,
      |   ^
/Library/Developer/CommandLineTools/SDKs/MacOSX.sdk/System/Library/Frameworks/OpenGL.framework/Headers/gl.h:2871:13: note: 'glBufferData' has been explicitly marked deprecated here
 2871 | extern void glBufferData (GLenum target, GLsizeiptr size, const GLvoid *data, GLenum usage) OPENGL_DEPRECATED(10.0, 10.14);
      |             ^
game.c:8106:3: warning: 'glBindBuffer' is deprecated: first deprecated in macOS 10.14 - OpenGL API deprecated. (Define GL_SILENCE_DEPRECATION to silence these warnings) [-Wdeprecated-declarations]
 8106 |   glBindBuffer(GL_ELEMENT_ARRAY_BUFFER, m->ebo);
      |   ^
/Library/Developer/CommandLineTools/SDKs/MacOSX.sdk/System/Library/Frameworks/OpenGL.framework/Headers/gl.h:2867:13: note: 'glBindBuffer' has been explicitly marked deprecated here
 2867 | extern void glBindBuffer (GLenum target, GLuint buffer) OPENGL_DEPRECATED(10.0, 10.14);
      |             ^
game.c:8107:3: warning: 'glBufferData' is deprecated: first deprecated in macOS 10.14 - OpenGL API deprecated. (Define GL_SILENCE_DEPRECATION to silence these warnings) [-Wdeprecated-declarations]
 8107 |   glBufferData(GL_ELEMENT_ARRAY_BUFFER, sizeof(unsigned int) * icount, indices,
      |   ^
/Library/Developer/CommandLineTools/SDKs/MacOSX.sdk/System/Library/Frameworks/OpenGL.framework/Headers/gl.h:2871:13: note: 'glBufferData' has been explicitly marked deprecated here
 2871 | extern void glBufferData (GLenum target, GLsizeiptr size, const GLvoid *data, GLenum usage) OPENGL_DEPRECATED(10.0, 10.14);
      |             ^
game.c:8109:3: warning: 'glEnableVertexAttribArray' is deprecated: first deprecated in macOS 10.14 - OpenGL API deprecated. (Define GL_SILENCE_DEPRECATION to silence these warnings) [-Wdeprecated-declarations]
 8109 |   glEnableVertexAttribArray(0);
      |   ^
/Library/Developer/CommandLineTools/SDKs/MacOSX.sdk/System/Library/Frameworks/OpenGL.framework/Headers/gl.h:2917:13: note: 'glEnableVertexAttribArray' has been explicitly marked deprecated here
 2917 | extern void glEnableVertexAttribArray (GLuint index) OPENGL_DEPRECATED(10.0, 10.14);
      |             ^
game.c:8110:3: warning: 'glVertexAttribPointer' is deprecated: first deprecated in macOS 10.14 - OpenGL API deprecated. (Define GL_SILENCE_DEPRECATION to silence these warnings) [-Wdeprecated-declarations]
 8110 |   glVertexAttribPointer(0, 3, GL_FLOAT, GL_FALSE, sizeof(float) * 6, (void *)0);
      |   ^
/Library/Developer/CommandLineTools/SDKs/MacOSX.sdk/System/Library/Frameworks/OpenGL.framework/Headers/gl.h:2916:13: note: 'glVertexAttribPointer' has been explicitly marked deprecated here
 2916 | extern void glVertexAttribPointer (GLuint index, GLint size, GLenum type, GLboolean normalized, GLsizei stride, const GLvoid *pointer) OPENGL_DEPRECATED(10.0, 10.14);
      |             ^
game.c:8111:3: warning: 'glEnableVertexAttribArray' is deprecated: first deprecated in macOS 10.14 - OpenGL API deprecated. (Define GL_SILENCE_DEPRECATION to silence these warnings) [-Wdeprecated-declarations]
 8111 |   glEnableVertexAttribArray(1);
      |   ^
/Library/Developer/CommandLineTools/SDKs/MacOSX.sdk/System/Library/Frameworks/OpenGL.framework/Headers/gl.h:2917:13: note: 'glEnableVertexAttribArray' has been explicitly marked deprecated here
 2917 | extern void glEnableVertexAttribArray (GLuint index) OPENGL_DEPRECATED(10.0, 10.14);
      |             ^
game.c:8112:3: warning: 'glVertexAttribPointer' is deprecated: first deprecated in macOS 10.14 - OpenGL API deprecated. (Define GL_SILENCE_DEPRECATION to silence these warnings) [-Wdeprecated-declarations]
 8112 |   glVertexAttribPointer(1, 3, GL_FLOAT, GL_FALSE, sizeof(float) * 6,
      |   ^
/Library/Developer/CommandLineTools/SDKs/MacOSX.sdk/System/Library/Frameworks/OpenGL.framework/Headers/gl.h:2916:13: note: 'glVertexAttribPointer' has been explicitly marked deprecated here
 2916 | extern void glVertexAttribPointer (GLuint index, GLint size, GLenum type, GLboolean normalized, GLsizei stride, const GLvoid *pointer) OPENGL_DEPRECATED(10.0, 10.14);
      |             ^
game.c:8114:3: warning: 'glBindVertexArray' is deprecated: first deprecated in macOS 10.14 - OpenGL API deprecated. (Define GL_SILENCE_DEPRECATION to silence these warnings) [-Wdeprecated-declarations]
 8114 |   glBindVertexArray(0);
      |   ^
/Library/Developer/CommandLineTools/SDKs/MacOSX.sdk/System/Library/Frameworks/OpenGL.framework/Headers/gl3.h:2360:21: note: 'glBindVertexArray' has been explicitly marked deprecated here
 2360 | GLAPI void APIENTRY glBindVertexArray (GLuint array) OPENGL_DEPRECATED(10.5, 10.14);
      |                     ^
game.c:8588:19: warning: 'glGetUniformLocation' is deprecated: first deprecated in macOS 10.14 - OpenGL API deprecated. (Define GL_SILENCE_DEPRECATION to silence these warnings) [-Wdeprecated-declarations]
 8588 |   g_ui_u_screen = glGetUniformLocation(g_ui_shader, "uScreen");
      |                   ^
/Library/Developer/CommandLineTools/SDKs/MacOSX.sdk/System/Library/Frameworks/OpenGL.framework/Headers/gl.h:2960:14: note: 'glGetUniformLocation' has been explicitly marked deprecated here
 2960 | extern GLint glGetUniformLocation (GLuint program, const GLchar *name) OPENGL_DEPRECATED(10.0, 10.14);
      |              ^
game.c:8589:18: warning: 'glGetUniformLocation' is deprecated: first deprecated in macOS 10.14 - OpenGL API deprecated. (Define GL_SILENCE_DEPRECATION to silence these warnings) [-Wdeprecated-declarations]
 8589 |   g_ui_u_color = glGetUniformLocation(g_ui_shader, "uColor");
      |                  ^
/Library/Developer/CommandLineTools/SDKs/MacOSX.sdk/System/Library/Frameworks/OpenGL.framework/Headers/gl.h:2960:14: note: 'glGetUniformLocation' has been explicitly marked deprecated here
 2960 | extern GLint glGetUniformLocation (GLuint program, const GLchar *name) OPENGL_DEPRECATED(10.0, 10.14);
      |              ^
game.c:8590:16: warning: 'glGetUniformLocation' is deprecated: first deprecated in macOS 10.14 - OpenGL API deprecated. (Define GL_SILENCE_DEPRECATION to silence these warnings) [-Wdeprecated-declarations]
 8590 |   g_ui_u_tex = glGetUniformLocation(g_ui_shader, "uTex");
      |                ^
/Library/Developer/CommandLineTools/SDKs/MacOSX.sdk/System/Library/Frameworks/OpenGL.framework/Headers/gl.h:2960:14: note: 'glGetUniformLocation' has been explicitly marked deprecated here
 2960 | extern GLint glGetUniformLocation (GLuint program, const GLchar *name) OPENGL_DEPRECATED(10.0, 10.14);
      |              ^
game.c:8592:3: warning: 'glGenVertexArrays' is deprecated: first deprecated in macOS 10.14 - OpenGL API deprecated. (Define GL_SILENCE_DEPRECATION to silence these warnings) [-Wdeprecated-declarations]
 8592 |   glGenVertexArrays(1, &g_ui_vao);
      |   ^
/Library/Developer/CommandLineTools/SDKs/MacOSX.sdk/System/Library/Frameworks/OpenGL.framework/Headers/gl3.h:2362:21: note: 'glGenVertexArrays' has been explicitly marked deprecated here
 2362 | GLAPI void APIENTRY glGenVertexArrays (GLsizei n, GLuint *arrays) OPENGL_DEPRECATED(10.5, 10.14);
      |                     ^
game.c:8593:3: warning: 'glGenBuffers' is deprecated: first deprecated in macOS 10.14 - OpenGL API deprecated. (Define GL_SILENCE_DEPRECATION to silence these warnings) [-Wdeprecated-declarations]
 8593 |   glGenBuffers(1, &g_ui_vbo);
      |   ^
/Library/Developer/CommandLineTools/SDKs/MacOSX.sdk/System/Library/Frameworks/OpenGL.framework/Headers/gl.h:2869:13: note: 'glGenBuffers' has been explicitly marked deprecated here
 2869 | extern void glGenBuffers (GLsizei n, GLuint *buffers) OPENGL_DEPRECATED(10.0, 10.14);
      |             ^
game.c:8594:3: warning: 'glBindVertexArray' is deprecated: first deprecated in macOS 10.14 - OpenGL API deprecated. (Define GL_SILENCE_DEPRECATION to silence these warnings) [-Wdeprecated-declarations]
 8594 |   glBindVertexArray(g_ui_vao);
      |   ^
/Library/Developer/CommandLineTools/SDKs/MacOSX.sdk/System/Library/Frameworks/OpenGL.framework/Headers/gl3.h:2360:21: note: 'glBindVertexArray' has been explicitly marked deprecated here
 2360 | GLAPI void APIENTRY glBindVertexArray (GLuint array) OPENGL_DEPRECATED(10.5, 10.14);
      |                     ^
game.c:8595:3: warning: 'glBindBuffer' is deprecated: first deprecated in macOS 10.14 - OpenGL API deprecated. (Define GL_SILENCE_DEPRECATION to silence these warnings) [-Wdeprecated-declarations]
 8595 |   glBindBuffer(GL_ARRAY_BUFFER, g_ui_vbo);
      |   ^
/Library/Developer/CommandLineTools/SDKs/MacOSX.sdk/System/Library/Frameworks/OpenGL.framework/Headers/gl.h:2867:13: note: 'glBindBuffer' has been explicitly marked deprecated here
 2867 | extern void glBindBuffer (GLenum target, GLuint buffer) OPENGL_DEPRECATED(10.0, 10.14);
      |             ^
game.c:8596:3: warning: 'glBufferData' is deprecated: first deprecated in macOS 10.14 - OpenGL API deprecated. (Define GL_SILENCE_DEPRECATION to silence these warnings) [-Wdeprecated-declarations]
 8596 |   glBufferData(GL_ARRAY_BUFFER, sizeof(float) * 6 * 4, NULL, GL_DYNAMIC_DRAW);
      |   ^
/Library/Developer/CommandLineTools/SDKs/MacOSX.sdk/System/Library/Frameworks/OpenGL.framework/Headers/gl.h:2871:13: note: 'glBufferData' has been explicitly marked deprecated here
 2871 | extern void glBufferData (GLenum target, GLsizeiptr size, const GLvoid *data, GLenum usage) OPENGL_DEPRECATED(10.0, 10.14);
      |             ^
game.c:8597:3: warning: 'glEnableVertexAttribArray' is deprecated: first deprecated in macOS 10.14 - OpenGL API deprecated. (Define GL_SILENCE_DEPRECATION to silence these warnings) [-Wdeprecated-declarations]
 8597 |   glEnableVertexAttribArray(0);
      |   ^
/Library/Developer/CommandLineTools/SDKs/MacOSX.sdk/System/Library/Frameworks/OpenGL.framework/Headers/gl.h:2917:13: note: 'glEnableVertexAttribArray' has been explicitly marked deprecated here
 2917 | extern void glEnableVertexAttribArray (GLuint index) OPENGL_DEPRECATED(10.0, 10.14);
      |             ^
game.c:8598:3: warning: 'glVertexAttribPointer' is deprecated: first deprecated in macOS 10.14 - OpenGL API deprecated. (Define GL_SILENCE_DEPRECATION to silence these warnings) [-Wdeprecated-declarations]
 8598 |   glVertexAttribPointer(0, 2, GL_FLOAT, GL_FALSE, sizeof(float) * 4, (void *)0);
      |   ^
/Library/Developer/CommandLineTools/SDKs/MacOSX.sdk/System/Library/Frameworks/OpenGL.framework/Headers/gl.h:2916:13: note: 'glVertexAttribPointer' has been explicitly marked deprecated here
 2916 | extern void glVertexAttribPointer (GLuint index, GLint size, GLenum type, GLboolean normalized, GLsizei stride, const GLvoid *pointer) OPENGL_DEPRECATED(10.0, 10.14);
      |             ^
game.c:8599:3: warning: 'glEnableVertexAttribArray' is deprecated: first deprecated in macOS 10.14 - OpenGL API deprecated. (Define GL_SILENCE_DEPRECATION to silence these warnings) [-Wdeprecated-declarations]
 8599 |   glEnableVertexAttribArray(1);
      |   ^
/Library/Developer/CommandLineTools/SDKs/MacOSX.sdk/System/Library/Frameworks/OpenGL.framework/Headers/gl.h:2917:13: note: 'glEnableVertexAttribArray' has been explicitly marked deprecated here
 2917 | extern void glEnableVertexAttribArray (GLuint index) OPENGL_DEPRECATED(10.0, 10.14);
      |             ^
game.c:8600:3: warning: 'glVertexAttribPointer' is deprecated: first deprecated in macOS 10.14 - OpenGL API deprecated. (Define GL_SILENCE_DEPRECATION to silence these warnings) [-Wdeprecated-declarations]
 8600 |   glVertexAttribPointer(1, 2, GL_FLOAT, GL_FALSE, sizeof(float) * 4,
      |   ^
/Library/Developer/CommandLineTools/SDKs/MacOSX.sdk/System/Library/Frameworks/OpenGL.framework/Headers/gl.h:2916:13: note: 'glVertexAttribPointer' has been explicitly marked deprecated here
 2916 | extern void glVertexAttribPointer (GLuint index, GLint size, GLenum type, GLboolean normalized, GLsizei stride, const GLvoid *pointer) OPENGL_DEPRECATED(10.0, 10.14);
      |             ^
game.c:8602:3: warning: 'glBindVertexArray' is deprecated: first deprecated in macOS 10.14 - OpenGL API deprecated. (Define GL_SILENCE_DEPRECATION to silence these warnings) [-Wdeprecated-declarations]
 8602 |   glBindVertexArray(0);
      |   ^
/Library/Developer/CommandLineTools/SDKs/MacOSX.sdk/System/Library/Frameworks/OpenGL.framework/Headers/gl3.h:2360:21: note: 'glBindVertexArray' has been explicitly marked deprecated here
 2360 | GLAPI void APIENTRY glBindVertexArray (GLuint array) OPENGL_DEPRECATED(10.5, 10.14);
      |                     ^
game.c:8604:3: warning: 'glGenTextures' is deprecated: first deprecated in macOS 10.14 - OpenGL API deprecated. (Define GL_SILENCE_DEPRECATION to silence these warnings) [-Wdeprecated-declarations]
 8604 |   glGenTextures(1, &g_ui_white_tex);
      |   ^
/Library/Developer/CommandLineTools/SDKs/MacOSX.sdk/System/Library/Frameworks/OpenGL.framework/Headers/gl.h:2498:13: note: 'glGenTextures' has been explicitly marked deprecated here
 2498 | extern void glGenTextures (GLsizei n, GLuint *textures) OPENGL_DEPRECATED(10.0, 10.14);
      |             ^
game.c:8605:3: warning: 'glBindTexture' is deprecated: first deprecated in macOS 10.14 - OpenGL API deprecated. (Define GL_SILENCE_DEPRECATION to silence these warnings) [-Wdeprecated-declarations]
 8605 |   glBindTexture(GL_TEXTURE_2D, g_ui_white_tex);
      |   ^
/Library/Developer/CommandLineTools/SDKs/MacOSX.sdk/System/Library/Frameworks/OpenGL.framework/Headers/gl.h:2386:13: note: 'glBindTexture' has been explicitly marked deprecated here
 2386 | extern void glBindTexture (GLenum target, GLuint texture) OPENGL_DEPRECATED(10.0, 10.14);
      |             ^
game.c:8676:3: warning: 'glGenTextures' is deprecated: first deprecated in macOS 10.14 - OpenGL API deprecated. (Define GL_SILENCE_DEPRECATION to silence these warnings) [-Wdeprecated-declarations]
 8676 |   glGenTextures(1, &tex);
      |   ^
/Library/Developer/CommandLineTools/SDKs/MacOSX.sdk/System/Library/Frameworks/OpenGL.framework/Headers/gl.h:2498:13: note: 'glGenTextures' has been explicitly marked deprecated here
 2498 | extern void glGenTextures (GLsizei n, GLuint *textures) OPENGL_DEPRECATED(10.0, 10.14);
      |             ^
game.c:8677:3: warning: 'glBindTexture' is deprecated: first deprecated in macOS 10.14 - OpenGL API deprecated. (Define GL_SILENCE_DEPRECATION to silence these warnings) [-Wdeprecated-declarations]
 8677 |   glBindTexture(GL_TEXTURE_2D, tex);
      |   ^
/Library/Developer/CommandLineTools/SDKs/MacOSX.sdk/System/Library/Frameworks/OpenGL.framework/Headers/gl.h:2386:13: note: 'glBindTexture' has been explicitly marked deprecated here
 2386 | extern void glBindTexture (GLenum target, GLuint texture) OPENGL_DEPRECATED(10.0, 10.14);
      |             ^
game.c:8685:3: warning: 'glDeleteTextures' is deprecated: first deprecated in macOS 10.14 - OpenGL API deprecated. (Define GL_SILENCE_DEPRECATION to silence these warnings) [-Wdeprecated-declarations]
 8685 |   glDeleteTextures(1, &tex);
      |   ^
/Library/Developer/CommandLineTools/SDKs/MacOSX.sdk/System/Library/Frameworks/OpenGL.framework/Headers/gl.h:2458:13: note: 'glDeleteTextures' has been explicitly marked deprecated here
 2458 | extern void glDeleteTextures (GLsizei n, const GLuint *textures) OPENGL_DEPRECATED(10.0, 10.14);
      |             ^
game.c:8704:3: warning: 'glUseProgram' is deprecated: first deprecated in macOS 10.14 - OpenGL API deprecated. (Define GL_SILENCE_DEPRECATION to silence these warnings) [-Wdeprecated-declarations]
 8704 |   glUseProgram(g_ui_shader);
      |   ^
/Library/Developer/CommandLineTools/SDKs/MacOSX.sdk/System/Library/Frameworks/OpenGL.framework/Headers/gl.h:2931:13: note: 'glUseProgram' has been explicitly marked deprecated here
 2931 | extern void glUseProgram (GLuint program) OPENGL_DEPRECATED(10.0, 10.14);
      |             ^
game.c:8705:3: warning: 'glUniform2f' is deprecated: first deprecated in macOS 10.14 - OpenGL API deprecated. (Define GL_SILENCE_DEPRECATION to silence these warnings) [-Wdeprecated-declarations]
 8705 |   glUniform2f(g_ui_u_screen, (float)sw, (float)sh);
      |   ^
/Library/Developer/CommandLineTools/SDKs/MacOSX.sdk/System/Library/Frameworks/OpenGL.framework/Headers/gl.h:2935:13: note: 'glUniform2f' has been explicitly marked deprecated here
 2935 | extern void glUniform2f (GLint location, GLfloat v0, GLfloat v1) OPENGL_DEPRECATED(10.0, 10.14);
      |             ^
game.c:8706:3: warning: 'glUniform4f' is deprecated: first deprecated in macOS 10.14 - OpenGL API deprecated. (Define GL_SILENCE_DEPRECATION to silence these warnings) [-Wdeprecated-declarations]
 8706 |   glUniform4f(g_ui_u_color, color.r / 255.0f, color.g / 255.0f,
      |   ^
/Library/Developer/CommandLineTools/SDKs/MacOSX.sdk/System/Library/Frameworks/OpenGL.framework/Headers/gl.h:2937:13: note: 'glUniform4f' has been explicitly marked deprecated here
 2937 | extern void glUniform4f (GLint location, GLfloat v0, GLfloat v1, GLfloat v2, GLfloat v3) OPENGL_DEPRECATED(10.0, 10.14);
      |             ^
game.c:8708:3: warning: 'glActiveTexture' is deprecated: first deprecated in macOS 10.14 - OpenGL API deprecated. (Define GL_SILENCE_DEPRECATION to silence these warnings) [-Wdeprecated-declarations]
 8708 |   glActiveTexture(GL_TEXTURE0);
      |   ^
/Library/Developer/CommandLineTools/SDKs/MacOSX.sdk/System/Library/Frameworks/OpenGL.framework/Headers/gl.h:2772:13: note: 'glActiveTexture' has been explicitly marked deprecated here
 2772 | extern void glActiveTexture (GLenum texture) OPENGL_DEPRECATED(10.0, 10.14);
      |             ^
game.c:8709:3: warning: 'glBindTexture' is deprecated: first deprecated in macOS 10.14 - OpenGL API deprecated. (Define GL_SILENCE_DEPRECATION to silence these warnings) [-Wdeprecated-declarations]
 8709 |   glBindTexture(GL_TEXTURE_2D, tex);
      |   ^
/Library/Developer/CommandLineTools/SDKs/MacOSX.sdk/System/Library/Frameworks/OpenGL.framework/Headers/gl.h:2386:13: note: 'glBindTexture' has been explicitly marked deprecated here
 2386 | extern void glBindTexture (GLenum target, GLuint texture) OPENGL_DEPRECATED(10.0, 10.14);
      |             ^
game.c:8710:3: warning: 'glUniform1i' is deprecated: first deprecated in macOS 10.14 - OpenGL API deprecated. (Define GL_SILENCE_DEPRECATION to silence these warnings) [-Wdeprecated-declarations]
 8710 |   glUniform1i(g_ui_u_tex, 0);
      |   ^
/Library/Developer/CommandLineTools/SDKs/MacOSX.sdk/System/Library/Frameworks/OpenGL.framework/Headers/gl.h:2938:13: note: 'glUniform1i' has been explicitly marked deprecated here
 2938 | extern void glUniform1i (GLint location, GLint v0) OPENGL_DEPRECATED(10.0, 10.14);
      |             ^
game.c:8711:3: warning: 'glBindVertexArray' is deprecated: first deprecated in macOS 10.14 - OpenGL API deprecated. (Define GL_SILENCE_DEPRECATION to silence these warnings) [-Wdeprecated-declarations]
 8711 |   glBindVertexArray(g_ui_vao);
      |   ^
/Library/Developer/CommandLineTools/SDKs/MacOSX.sdk/System/Library/Frameworks/OpenGL.framework/Headers/gl3.h:2360:21: note: 'glBindVertexArray' has been explicitly marked deprecated here
 2360 | GLAPI void APIENTRY glBindVertexArray (GLuint array) OPENGL_DEPRECATED(10.5, 10.14);
      |                     ^
game.c:8712:3: warning: 'glBindBuffer' is deprecated: first deprecated in macOS 10.14 - OpenGL API deprecated. (Define GL_SILENCE_DEPRECATION to silence these warnings) [-Wdeprecated-declarations]
 8712 |   glBindBuffer(GL_ARRAY_BUFFER, g_ui_vbo);
      |   ^
/Library/Developer/CommandLineTools/SDKs/MacOSX.sdk/System/Library/Frameworks/OpenGL.framework/Headers/gl.h:2867:13: note: 'glBindBuffer' has been explicitly marked deprecated here
 2867 | extern void glBindBuffer (GLenum target, GLuint buffer) OPENGL_DEPRECATED(10.0, 10.14);
      |             ^
game.c:8713:3: warning: 'glBufferSubData' is deprecated: first deprecated in macOS 10.14 - OpenGL API deprecated. (Define GL_SILENCE_DEPRECATION to silence these warnings) [-Wdeprecated-declarations]
 8713 |   glBufferSubData(GL_ARRAY_BUFFER, 0, sizeof(verts), verts);
      |   ^
/Library/Developer/CommandLineTools/SDKs/MacOSX.sdk/System/Library/Frameworks/OpenGL.framework/Headers/gl.h:2872:13: note: 'glBufferSubData' has been explicitly marked deprecated here
 2872 | extern void glBufferSubData (GLenum target, GLintptr offset, GLsizeiptr size, const GLvoid *data) OPENGL_DEPRECATED(10.0, 10.14);
      |             ^
game.c:8714:3: warning: 'glDrawArrays' is deprecated: first deprecated in macOS 10.14 - OpenGL API deprecated. (Define GL_SILENCE_DEPRECATION to silence these warnings) [-Wdeprecated-declarations]
 8714 |   glDrawArrays(GL_TRIANGLES, 0, 6);
      |   ^
/Library/Developer/CommandLineTools/SDKs/MacOSX.sdk/System/Library/Frameworks/OpenGL.framework/Headers/gl.h:2464:13: note: 'glDrawArrays' has been explicitly marked deprecated here
 2464 | extern void glDrawArrays (GLenum mode, GLint first, GLsizei count) OPENGL_DEPRECATED(10.0, 10.14);
      |             ^
game.c:8715:3: warning: 'glBindVertexArray' is deprecated: first deprecated in macOS 10.14 - OpenGL API deprecated. (Define GL_SILENCE_DEPRECATION to silence these warnings) [-Wdeprecated-declarations]
 8715 |   glBindVertexArray(0);
      |   ^
/Library/Developer/CommandLineTools/SDKs/MacOSX.sdk/System/Library/Frameworks/OpenGL.framework/Headers/gl3.h:2360:21: note: 'glBindVertexArray' has been explicitly marked deprecated here
 2360 | GLAPI void APIENTRY glBindVertexArray (GLuint array) OPENGL_DEPRECATED(10.5, 10.14);
      |                     ^
game.c:8745:3: warning: 'glGenTextures' is deprecated: first deprecated in macOS 10.14 - OpenGL API deprecated. (Define GL_SILENCE_DEPRECATION to silence these warnings) [-Wdeprecated-declarations]
 8745 |   glGenTextures(1, &tex);
      |   ^
/Library/Developer/CommandLineTools/SDKs/MacOSX.sdk/System/Library/Frameworks/OpenGL.framework/Headers/gl.h:2498:13: note: 'glGenTextures' has been explicitly marked deprecated here
 2498 | extern void glGenTextures (GLsizei n, GLuint *textures) OPENGL_DEPRECATED(10.0, 10.14);
      |             ^
game.c:8746:3: warning: 'glBindTexture' is deprecated: first deprecated in macOS 10.14 - OpenGL API deprecated. (Define GL_SILENCE_DEPRECATION to silence these warnings) [-Wdeprecated-declarations]
 8746 |   glBindTexture(GL_TEXTURE_2D, tex);
      |   ^
/Library/Developer/CommandLineTools/SDKs/MacOSX.sdk/System/Library/Frameworks/OpenGL.framework/Headers/gl.h:2386:13: note: 'glBindTexture' has been explicitly marked deprecated here
 2386 | extern void glBindTexture (GLenum target, GLuint texture) OPENGL_DEPRECATED(10.0, 10.14);
      |             ^
game.c:8754:3: warning: 'glDeleteTextures' is deprecated: first deprecated in macOS 10.14 - OpenGL API deprecated. (Define GL_SILENCE_DEPRECATION to silence these warnings) [-Wdeprecated-declarations]
 8754 |   glDeleteTextures(1, &tex);
      |   ^
/Library/Developer/CommandLineTools/SDKs/MacOSX.sdk/System/Library/Frameworks/OpenGL.framework/Headers/gl.h:2458:13: note: 'glDeleteTextures' has been explicitly marked deprecated here
 2458 | extern void glDeleteTextures (GLsizei n, const GLuint *textures) OPENGL_DEPRECATED(10.0, 10.14);
      |             ^
game.c:8761:5: warning: 'glDeleteTextures' is deprecated: first deprecated in macOS 10.14 - OpenGL API deprecated. (Define GL_SILENCE_DEPRECATION to silence these warnings) [-Wdeprecated-declarations]
 8761 |     glDeleteTextures(1, &cache->tex);
      |     ^
/Library/Developer/CommandLineTools/SDKs/MacOSX.sdk/System/Library/Frameworks/OpenGL.framework/Headers/gl.h:2458:13: note: 'glDeleteTextures' has been explicitly marked deprecated here
 2458 | extern void glDeleteTextures (GLsizei n, const GLuint *textures) OPENGL_DEPRECATED(10.0, 10.14);
      |             ^
game.c:8798:3: warning: 'glGenTextures' is deprecated: first deprecated in macOS 10.14 - OpenGL API deprecated. (Define GL_SILENCE_DEPRECATION to silence these warnings) [-Wdeprecated-declarations]
 8798 |   glGenTextures(1, &cache->tex);
      |   ^
/Library/Developer/CommandLineTools/SDKs/MacOSX.sdk/System/Library/Frameworks/OpenGL.framework/Headers/gl.h:2498:13: note: 'glGenTextures' has been explicitly marked deprecated here
 2498 | extern void glGenTextures (GLsizei n, GLuint *textures) OPENGL_DEPRECATED(10.0, 10.14);
      |             ^
game.c:8799:3: warning: 'glBindTexture' is deprecated: first deprecated in macOS 10.14 - OpenGL API deprecated. (Define GL_SILENCE_DEPRECATION to silence these warnings) [-Wdeprecated-declarations]
 8799 |   glBindTexture(GL_TEXTURE_2D, cache->tex);
      |   ^
/Library/Developer/CommandLineTools/SDKs/MacOSX.sdk/System/Library/Frameworks/OpenGL.framework/Headers/gl.h:2386:13: note: 'glBindTexture' has been explicitly marked deprecated here
 2386 | extern void glBindTexture (GLenum target, GLuint texture) OPENGL_DEPRECATED(10.0, 10.14);
      |             ^
game.c:8822:24: error: call to undeclared function 'IsMouseButtonPressed_SDL'; ISO C99 and later do not support implicit function declarations [-Wimplicit-function-declaration]
 8822 |   int clicked = hot && IsMouseButtonPressed(MOUSE_LEFT_BUTTON);
      |                        ^
game.c:282:38: note: expanded from macro 'IsMouseButtonPressed'
  282 | #define IsMouseButtonPressed(button) IsMouseButtonPressed_SDL(button)
      |                                      ^
game.c:8822:24: note: did you mean 'IsMouseButtonPressed'?
game.c:282:38: note: expanded from macro 'IsMouseButtonPressed'
  282 | #define IsMouseButtonPressed(button) IsMouseButtonPressed_SDL(button)
      |                                      ^
./generated/complete_api.def:83:13: note: 'IsMouseButtonPressed' declared here
   83 | API_FN(int, IsMouseButtonPressed, (int button))
      |             ^
game.c:8939:9: error: call to undeclared function 'IsKeyPressed_SDL'; ISO C99 and later do not support implicit function declarations [-Wimplicit-function-declaration]
 8939 |     if (IsKeyPressed(keys[i]))
      |         ^
game.c:267:27: note: expanded from macro 'IsKeyPressed'
  267 | #define IsKeyPressed(key) IsKeyPressed_SDL(key)
      |                           ^
fatal error: too many errors emitted, stopping now [-ferror-limit=]
138 warnings and 20 errors generated.
../utils/NN/NN/NN.c:967:11: warning: enumeration value 'SCHEDULER_TYPE_COUNT' not handled in switch [-Wswitch]
  967 |   switch (nn->lr_scheduler) {
      |           ^~~~~~~~~~~~~~~~
../utils/NN/NN/NN.c:967:11: note: add missing switch cases
  967 |   switch (nn->lr_scheduler) {
      |           ^
../utils/NN/NN/NN.c:1050:35: warning: format specifies type 'double' but the argument has type 'long double' [-Wformat]
 1050 |   printf("Learning rate: %.6f\n", nn->learningRate);
      |                          ~~~~     ^~~~~~~~~~~~~~~~
      |                          %.6Lf
../utils/NN/NN/NN.c:1051:29: warning: format specifies type 'int' but the argument has type 'OptimizerFunction' (aka 'void (*)(struct NN_t *)') [-Wformat]
 1051 |   printf("Optimizer: %d\n", nn->optimizer);
      |                      ~~     ^~~~~~~~~~~~~
3 warnings generated.
../RL_AGENT/training/training_infrastructure.c:209:13: warning: enumeration value 'CURRICULUM_STAGE_COUNT' not handled in switch [-Wswitch]
  209 |     switch (stage) {
      |             ^~~~~
../RL_AGENT/training/training_infrastructure.c:209:13: note: add missing switch cases
  209 |     switch (stage) {
      |             ^
1 warning generated.
../utils/NN/MUZE/muze_enhanced_model.c:234:49: warning: incompatible pointer types passing 'float *' to parameter of type 'long double *' [-Wincompatible-pointer-types]
  234 |         NN_backprop_custom_delta(model->critic, obs_array, (long double*)critic_loss);
      |                                                 ^~~~~~~~~
../utils/NN/MUZE/../NN/NN.h:231:53: note: passing argument to parameter 'inputs' here
  231 | void NN_backprop_custom_delta(NN_t *nn, long double inputs[],
      |                                                     ^
../utils/NN/MUZE/muze_enhanced_model.c:240:48: warning: incompatible pointer types passing 'float *' to parameter of type 'long double *' [-Wincompatible-pointer-types]
  240 |         NN_backprop_custom_delta(model->actor, obs_array, (long double*)actor_loss);
      |                                                ^~~~~~~~~
../utils/NN/MUZE/../NN/NN.h:231:53: note: passing argument to parameter 'inputs' here
  231 | void NN_backprop_custom_delta(NN_t *nn, long double inputs[],
      |                                                     ^
../utils/NN/MUZE/muze_enhanced_model.c:266:48: warning: incompatible pointer types passing 'float *' to parameter of type 'long double *' [-Wincompatible-pointer-types]
  266 |         latent_ld = NN_forward(model->encoder, obs_array);
      |                                                ^~~~~~~~~
../utils/NN/MUZE/../NN/NN.h:227:47: note: passing argument to parameter 'inputs' here
  227 | long double *NN_forward(NN_t *nn, long double inputs[]);
      |                                               ^
../utils/NN/MUZE/muze_enhanced_model.c:294:54: warning: incompatible pointer types passing 'float *' to parameter of type 'long double *' [-Wincompatible-pointer-types]
  294 |         NN_backprop_custom_delta(model->world_model, obs_array, (long double*)world_loss);
      |                                                      ^~~~~~~~~
../utils/NN/MUZE/../NN/NN.h:231:53: note: passing argument to parameter 'inputs' here
  231 | void NN_backprop_custom_delta(NN_t *nn, long double inputs[],
      |                                                     ^
4 warnings generated.
