No existing model found. Initializing new SAM model...

Perceptron_init_random: Creating network with 256 inputs, 64 outputs
Perceptron_init_random: Initializing neural network
Perceptron_init_random: Neural network initialized successfully
Initializing perceptron 0 with fitness: 0.000000
Perceptron_init_random: Creating network with 256 inputs, 64 outputs
Perceptron_init_random: Initializing neural network
Perceptron_init_random: Neural network initialized successfully
Initializing perceptron 1 with fitness: 0.000000
Perceptron_init_random: Creating network with 256 inputs, 64 outputs
Perceptron_init_random: Initializing neural network
Perceptron_init_random: Neural network initialized successfully
Initializing perceptron 2 with fitness: 0.000000
Perceptron_init_random: Creating network with 256 inputs, 64 outputs
Perceptron_init_random: Initializing neural network
Perceptron_init_random: Neural network initialized successfully
Initializing perceptron 3 with fitness: 0.000000
Perceptron_init_random: Creating network with 256 inputs, 64 outputs
Perceptron_init_random: Initializing neural network
Perceptron_init_random: Neural network initialized successfully
Initializing perceptron 4 with fitness: 0.000000
Perceptron_init_random: Creating network with 256 inputs, 64 outputs
Perceptron_init_random: Initializing neural network
Perceptron_init_random: Neural network initialized successfully
Initializing perceptron 5 with fitness: 0.000000
Perceptron_init_random: Creating network with 256 inputs, 64 outputs
Perceptron_init_random: Initializing neural network
Perceptron_init_random: Neural network initialized successfully
Initializing perceptron 6 with fitness: 0.000000
Perceptron_init_random: Creating network with 256 inputs, 64 outputs
Perceptron_init_random: Initializing neural network
Perceptron_init_random: Neural network initialized successfully
Initializing perceptron 7 with fitness: 0.000000
Perceptron_init_random: Creating network with 256 inputs, 64 outputs
Perceptron_init_random: Initializing neural network
Perceptron_init_random: Neural network initialized successfully
Initializing perceptron 8 with fitness: 0.000000
Perceptron_init_random: Creating network with 256 inputs, 64 outputs
Perceptron_init_random: Initializing neural network
Perceptron_init_random: Neural network initialized successfully
Initializing perceptron 9 with fitness: 0.000000
Perceptron_init_random: Creating network with 256 inputs, 64 outputs
Perceptron_init_random: Initializing neural network
Perceptron_init_random: Neural network initialized successfully
Initializing perceptron 0 with fitness: 0.000000
Perceptron_init_random: Creating network with 256 inputs, 64 outputs
Perceptron_init_random: Initializing neural network
Perceptron_init_random: Neural network initialized successfully
Initializing perceptron 1 with fitness: 0.000000
Perceptron_init_random: Creating network with 256 inputs, 64 outputs
Perceptron_init_random: Initializing neural network
Perceptron_init_random: Neural network initialized successfully
Initializing perceptron 2 with fitness: 0.000000
Perceptron_init_random: Creating network with 256 inputs, 64 outputs
Perceptron_init_random: Initializing neural network
Perceptron_init_random: Neural network initialized successfully
Initializing perceptron 3 with fitness: 0.000000
Perceptron_init_random: Creating network with 256 inputs, 64 outputs
Perceptron_init_random: Initializing neural network
Perceptron_init_random: Neural network initialized successfully
Initializing perceptron 4 with fitness: 0.000000
Perceptron_init_random: Creating network with 256 inputs, 64 outputs
Perceptron_init_random: Initializing neural network
Perceptron_init_random: Neural network initialized successfully
Initializing perceptron 5 with fitness: 0.000000
Perceptron_init_random: Creating network with 256 inputs, 64 outputs
Perceptron_init_random: Initializing neural network
Perceptron_init_random: Neural network initialized successfully
Initializing perceptron 6 with fitness: 0.000000
Perceptron_init_random: Creating network with 256 inputs, 64 outputs
Perceptron_init_random: Initializing neural network
Perceptron_init_random: Neural network initialized successfully
Initializing perceptron 7 with fitness: 0.000000
Perceptron_init_random: Creating network with 256 inputs, 64 outputs
Perceptron_init_random: Initializing neural network
Perceptron_init_random: Neural network initialized successfully
Initializing perceptron 8 with fitness: 0.000000
Perceptron_init_random: Creating network with 256 inputs, 64 outputs
Perceptron_init_random: Initializing neural network
Perceptron_init_random: Neural network initialized successfully
Initializing perceptron 9 with fitness: 0.000000
Perceptron_init_random: Creating network with 256 inputs, 64 outputs
Perceptron_init_random: Initializing neural network
Perceptron_init_random: Neural network initialized successfully
Initializing perceptron 0 with fitness: 0.000000
Perceptron_init_random: Creating network with 256 inputs, 64 outputs
Perceptron_init_random: Initializing neural network
Perceptron_init_random: Neural network initialized successfully
Initializing perceptron 1 with fitness: 0.000000
Perceptron_init_random: Creating network with 256 inputs, 64 outputs
Perceptron_init_random: Initializing neural network
Perceptron_init_random: Neural network initialized successfully
Initializing perceptron 2 with fitness: 0.000000
Perceptron_init_random: Creating network with 256 inputs, 64 outputs
Perceptron_init_random: Initializing neural network
Perceptron_init_random: Neural network initialized successfully
Initializing perceptron 3 with fitness: 0.000000
Perceptron_init_random: Creating network with 256 inputs, 64 outputs
Perceptron_init_random: Initializing neural network
Perceptron_init_random: Neural network initialized successfully
Initializing perceptron 4 with fitness: 0.000000
Perceptron_init_random: Creating network with 256 inputs, 64 outputs
Perceptron_init_random: Initializing neural network
Perceptron_init_random: Neural network initialized successfully
Initializing perceptron 5 with fitness: 0.000000
Perceptron_init_random: Creating network with 256 inputs, 64 outputs
Perceptron_init_random: Initializing neural network
Perceptron_init_random: Neural network initialized successfully
Initializing perceptron 6 with fitness: 0.000000
Perceptron_init_random: Creating network with 256 inputs, 64 outputs
Perceptron_init_random: Initializing neural network
Perceptron_init_random: Neural network initialized successfully
Initializing perceptron 7 with fitness: 0.000000
Perceptron_init_random: Creating network with 256 inputs, 64 outputs
Perceptron_init_random: Initializing neural network
Perceptron_init_random: Neural network initialized successfully
Initializing perceptron 8 with fitness: 0.000000
Perceptron_init_random: Creating network with 256 inputs, 64 outputs
Perceptron_init_random: Initializing neural network
Perceptron_init_random: Neural network initialized successfully
Initializing perceptron 9 with fitness: 0.000000
Perceptron_init_random: Creating network with 256 inputs, 64 outputs
Perceptron_init_random: Initializing neural network
Perceptron_init_random: Neural network initialized successfully
Initializing perceptron 0 with fitness: 0.000000
Perceptron_init_random: Creating network with 256 inputs, 64 outputs
Perceptron_init_random: Initializing neural network
Perceptron_init_random: Neural network initialized successfully
Initializing perceptron 1 with fitness: 0.000000
Perceptron_init_random: Creating network with 256 inputs, 64 outputs
Perceptron_init_random: Initializing neural network
Perceptron_init_random: Neural network initialized successfully
Initializing perceptron 2 with fitness: 0.000000
Perceptron_init_random: Creating network with 256 inputs, 64 outputs
Perceptron_init_random: Initializing neural network
Perceptron_init_random: Neural network initialized successfully
Initializing perceptron 3 with fitness: 0.000000
Perceptron_init_random: Creating network with 256 inputs, 64 outputs
Perceptron_init_random: Initializing neural network
Perceptron_init_random: Neural network initialized successfully
Initializing perceptron 4 with fitness: 0.000000
Perceptron_init_random: Creating network with 256 inputs, 64 outputs
Perceptron_init_random: Initializing neural network
Perceptron_init_random: Neural network initialized successfully
Initializing perceptron 5 with fitness: 0.000000
Perceptron_init_random: Creating network with 256 inputs, 64 outputs
Perceptron_init_random: Initializing neural network
Perceptron_init_random: Neural network initialized successfully
Initializing perceptron 6 with fitness: 0.000000
Perceptron_init_random: Creating network with 256 inputs, 64 outputs
Perceptron_init_random: Initializing neural network
Perceptron_init_random: Neural network initialized successfully
Initializing perceptron 7 with fitness: 0.000000
Perceptron_init_random: Creating network with 256 inputs, 64 outputs
Perceptron_init_random: Initializing neural network
Perceptron_init_random: Neural network initialized successfully
Initializing perceptron 8 with fitness: 0.000000
Perceptron_init_random: Creating network with 256 inputs, 64 outputs
Perceptron_init_random: Initializing neural network
Perceptron_init_random: Neural network initialized successfully
Initializing perceptron 9 with fitness: 0.000000
Perceptron_init_random: Creating network with 256 inputs, 64 outputs
Perceptron_init_random: Initializing neural network
Perceptron_init_random: Neural network initialized successfully
Initializing perceptron 0 with fitness: 0.000000
Perceptron_init_random: Creating network with 256 inputs, 64 outputs
Perceptron_init_random: Initializing neural network
Perceptron_init_random: Neural network initialized successfully
Initializing perceptron 1 with fitness: 0.000000
Perceptron_init_random: Creating network with 256 inputs, 64 outputs
Perceptron_init_random: Initializing neural network
Perceptron_init_random: Neural network initialized successfully
Initializing perceptron 2 with fitness: 0.000000
Perceptron_init_random: Creating network with 256 inputs, 64 outputs
Perceptron_init_random: Initializing neural network
Perceptron_init_random: Neural network initialized successfully
Initializing perceptron 3 with fitness: 0.000000
Perceptron_init_random: Creating network with 256 inputs, 64 outputs
Perceptron_init_random: Initializing neural network
Perceptron_init_random: Neural network initialized successfully
Initializing perceptron 4 with fitness: 0.000000
Perceptron_init_random: Creating network with 256 inputs, 64 outputs
Perceptron_init_random: Initializing neural network
Perceptron_init_random: Neural network initialized successfully
Initializing perceptron 5 with fitness: 0.000000
Perceptron_init_random: Creating network with 256 inputs, 64 outputs
Perceptron_init_random: Initializing neural network
Perceptron_init_random: Neural network initialized successfully
Initializing perceptron 6 with fitness: 0.000000
Perceptron_init_random: Creating network with 256 inputs, 64 outputs
Perceptron_init_random: Initializing neural network
Perceptron_init_random: Neural network initialized successfully
Initializing perceptron 7 with fitness: 0.000000
Perceptron_init_random: Creating network with 256 inputs, 64 outputs
Perceptron_init_random: Initializing neural network
Perceptron_init_random: Neural network initialized successfully
Initializing perceptron 8 with fitness: 0.000000
Perceptron_init_random: Creating network with 256 inputs, 64 outputs
Perceptron_init_random: Initializing neural network
Perceptron_init_random: Neural network initialized successfully
Initializing perceptron 9 with fitness: 0.000000
Starting training...
Epoch 1/100 - Avg Loss: 0.323353
Epoch 2/100 - Avg Loss: 0.333205
Epoch 3/100 - Avg Loss: 0.333792
Epoch 4/100 - Avg Loss: 0.333472
Epoch 5/100 - Avg Loss: 0.335706
Epoch 6/100 - Avg Loss: 0.333794
Epoch 7/100 - Avg Loss: 0.333340
Epoch 8/100 - Avg Loss: 0.327589
Epoch 9/100 - Avg Loss: 0.325985
Epoch 10/100 - Avg Loss: 0.334243
✓ Saved checkpoint to sam_checkpoint_epoch_10.bin
Epoch 11/100 - Avg Loss: 0.341058
Epoch 12/100 - Avg Loss: 0.327817
Epoch 13/100 - Avg Loss: 0.335375
Epoch 14/100 - Avg Loss: 0.327236
Epoch 15/100 - Avg Loss: 0.322180
Epoch 16/100 - Avg Loss: 0.339453
Epoch 17/100 - Avg Loss: 0.329369
Epoch 18/100 - Avg Loss: 0.335577
Epoch 19/100 - Avg Loss: 0.328822
Epoch 20/100 - Avg Loss: 0.328592
✓ Saved checkpoint to sam_checkpoint_epoch_20.bin
Epoch 21/100 - Avg Loss: 0.331549
Epoch 22/100 - Avg Loss: 0.332118
Epoch 23/100 - Avg Loss: 0.328759
Epoch 24/100 - Avg Loss: 0.327079
Epoch 25/100 - Avg Loss: 0.329430
Epoch 26/100 - Avg Loss: 0.338045
Epoch 27/100 - Avg Loss: 0.340005
Epoch 28/100 - Avg Loss: 0.336945
Epoch 29/100 - Avg Loss: 0.329777
Epoch 30/100 - Avg Loss: 0.344911
✓ Saved checkpoint to sam_checkpoint_epoch_30.bin
Epoch 31/100 - Avg Loss: 0.332225
Epoch 32/100 - Avg Loss: 0.339527
Epoch 33/100 - Avg Loss: 0.326110
Epoch 34/100 - Avg Loss: 0.323898
Epoch 35/100 - Avg Loss: 0.347503
Epoch 36/100 - Avg Loss: 0.333954
Epoch 37/100 - Avg Loss: 0.333750
Epoch 38/100 - Avg Loss: 0.329794
Epoch 39/100 - Avg Loss: 0.334896
Epoch 40/100 - Avg Loss: 0.320936
✓ Saved checkpoint to sam_checkpoint_epoch_40.bin
Epoch 41/100 - Avg Loss: 0.332306
Epoch 42/100 - Avg Loss: 0.332830
Epoch 43/100 - Avg Loss: 0.327933
Epoch 44/100 - Avg Loss: 0.338513
Epoch 45/100 - Avg Loss: 0.346163
Epoch 46/100 - Avg Loss: 0.338477
Epoch 47/100 - Avg Loss: 0.330659
Epoch 48/100 - Avg Loss: 0.335539
Epoch 49/100 - Avg Loss: 0.319873
Epoch 50/100 - Avg Loss: 0.338319
✓ Saved checkpoint to sam_checkpoint_epoch_50.bin
Epoch 51/100 - Avg Loss: 0.341509
Epoch 52/100 - Avg Loss: 0.328949
Epoch 53/100 - Avg Loss: 0.339276
Epoch 54/100 - Avg Loss: 0.324580
Epoch 55/100 - Avg Loss: 0.342875
Epoch 56/100 - Avg Loss: 0.337858
Epoch 57/100 - Avg Loss: 0.330073
Epoch 58/100 - Avg Loss: 0.325453
Epoch 59/100 - Avg Loss: 0.329590
Epoch 60/100 - Avg Loss: 0.332735
✓ Saved checkpoint to sam_checkpoint_epoch_60.bin
Epoch 61/100 - Avg Loss: 0.329569
Epoch 62/100 - Avg Loss: 0.333833
Epoch 63/100 - Avg Loss: 0.330976
Epoch 64/100 - Avg Loss: 0.335587
Epoch 65/100 - Avg Loss: 0.339630
Epoch 66/100 - Avg Loss: 0.334109
Epoch 67/100 - Avg Loss: 0.319938
Epoch 68/100 - Avg Loss: 0.337885
Epoch 69/100 - Avg Loss: 0.332470
Epoch 70/100 - Avg Loss: 0.328949
✓ Saved checkpoint to sam_checkpoint_epoch_70.bin
Epoch 71/100 - Avg Loss: 0.331082
Epoch 72/100 - Avg Loss: 0.331844
Epoch 73/100 - Avg Loss: 0.330472
Epoch 74/100 - Avg Loss: 0.333824
Epoch 75/100 - Avg Loss: 0.323084
Epoch 76/100 - Avg Loss: 0.333747
Epoch 77/100 - Avg Loss: 0.346595
Epoch 78/100 - Avg Loss: 0.340550
Epoch 79/100 - Avg Loss: 0.336345
Epoch 80/100 - Avg Loss: 0.331170
✓ Saved checkpoint to sam_checkpoint_epoch_80.bin
Epoch 81/100 - Avg Loss: 0.325606
Epoch 82/100 - Avg Loss: 0.343323
Epoch 83/100 - Avg Loss: 0.339245
Epoch 84/100 - Avg Loss: 0.335072
Epoch 85/100 - Avg Loss: 0.326032
Epoch 86/100 - Avg Loss: 0.332271
Epoch 87/100 - Avg Loss: 0.330835
Epoch 88/100 - Avg Loss: 0.335689
Epoch 89/100 - Avg Loss: 0.332179
Epoch 90/100 - Avg Loss: 0.326003
✓ Saved checkpoint to sam_checkpoint_epoch_90.bin
Epoch 91/100 - Avg Loss: 0.336016
Epoch 92/100 - Avg Loss: 0.333766
Epoch 93/100 - Avg Loss: 0.338748
Epoch 94/100 - Avg Loss: 0.325409
Epoch 95/100 - Avg Loss: 0.330933
Epoch 96/100 - Avg Loss: 0.335178
Epoch 97/100 - Avg Loss: 0.312565
Epoch 98/100 - Avg Loss: 0.321765
Epoch 99/100 - Avg Loss: 0.344916
Epoch 100/100 - Avg Loss: 0.338929
✓ Saved checkpoint to sam_checkpoint_epoch_100.bin

Saving final trained model...
✓ Model saved to sam_trained_20251129_181107.bin
✓ Model also saved to sam_trained_model.bin (for easy loading)

Destroying NEAT network...
Destroying nodes...
Destroying node 0...
Destroying neural network for node 0...
Destroying node...
Freeing node structure...
Node destroyed successfully
Destroying node 1...
Destroying neural network for node 1...
Destroying node...
Freeing node structure...
Node destroyed successfully
Destroying node 2...
Destroying neural network for node 2...
Destroying node...
Freeing node structure...
Node destroyed successfully
Destroying node 3...
Destroying neural network for node 3...
Destroying node...
Freeing node structure...
Node destroyed successfully
Destroying node 4...
Destroying neural network for node 4...
Destroying node...
Freeing node structure...
Node destroyed successfully
Destroying node 5...
Destroying neural network for node 5...
Destroying node...
Freeing node structure...
Node destroyed successfully
Destroying node 6...
Destroying neural network for node 6...
Destroying node...
Freeing node structure...
Node destroyed successfully
Destroying node 7...
Destroying neural network for node 7...
Destroying node...
Freeing node structure...
Node destroyed successfully
Destroying node 8...
Destroying neural network for node 8...
Destroying node...
Freeing node structure...
Node destroyed successfully
Destroying node 9...
Destroying neural network for node 9...
Destroying node...
Freeing node structure...
Node destroyed successfully
Freeing nodes array...
Freeing NEAT structure...
NEAT network destroyed successfully

Destroying NEAT network...
Destroying nodes...
Destroying node 0...
Destroying neural network for node 0...
Destroying node...
Freeing node structure...
Node destroyed successfully
Destroying node 1...
Destroying neural network for node 1...
Destroying node...
Freeing node structure...
Node destroyed successfully
Destroying node 2...
Destroying neural network for node 2...
Destroying node...
Freeing node structure...
Node destroyed successfully
Destroying node 3...
Destroying neural network for node 3...
Destroying node...
Freeing node structure...
Node destroyed successfully
Destroying node 4...
Destroying neural network for node 4...
Destroying node...
Freeing node structure...
Node destroyed successfully
Destroying node 5...
Destroying neural network for node 5...
Destroying node...
Freeing node structure...
Node destroyed successfully
Destroying node 6...
Destroying neural network for node 6...
Destroying node...
Freeing node structure...
Node destroyed successfully
Destroying node 7...
Destroying neural network for node 7...
Destroying node...
Freeing node structure...
Node destroyed successfully
Destroying node 8...
Destroying neural network for node 8...
Destroying node...
Freeing node structure...
Node destroyed successfully
Destroying node 9...
Destroying neural network for node 9...
Destroying node...
Freeing node structure...
Node destroyed successfully
Freeing nodes array...
Freeing NEAT structure...
NEAT network destroyed successfully

Destroying NEAT network...
Destroying nodes...
Destroying node 0...
Destroying neural network for node 0...
Destroying node...
Freeing node structure...
Node destroyed successfully
Destroying node 1...
Destroying neural network for node 1...
Destroying node...
Freeing node structure...
Node destroyed successfully
Destroying node 2...
Destroying neural network for node 2...
Destroying node...
Freeing node structure...
Node destroyed successfully
Destroying node 3...
Destroying neural network for node 3...
Destroying node...
Freeing node structure...
Node destroyed successfully
Destroying node 4...
Destroying neural network for node 4...
Destroying node...
Freeing node structure...
Node destroyed successfully
Destroying node 5...
Destroying neural network for node 5...
Destroying node...
Freeing node structure...
Node destroyed successfully
Destroying node 6...
Destroying neural network for node 6...
Destroying node...
Freeing node structure...
Node destroyed successfully
Destroying node 7...
Destroying neural network for node 7...
Destroying node...
Freeing node structure...
Node destroyed successfully
Destroying node 8...
Destroying neural network for node 8...
Destroying node...
Freeing node structure...
Node destroyed successfully
Destroying node 9...
Destroying neural network for node 9...
Destroying node...
Freeing node structure...
Node destroyed successfully
Freeing nodes array...
Freeing NEAT structure...
NEAT network destroyed successfully

Destroying NEAT network...
Destroying nodes...
Destroying node 0...
Destroying neural network for node 0...
Destroying node...
Freeing node structure...
Node destroyed successfully
Destroying node 1...
Destroying neural network for node 1...
Destroying node...
Freeing node structure...
Node destroyed successfully
Destroying node 2...
Destroying neural network for node 2...
Destroying node...
Freeing node structure...
Node destroyed successfully
Destroying node 3...
Destroying neural network for node 3...
Destroying node...
Freeing node structure...
Node destroyed successfully
Destroying node 4...
Destroying neural network for node 4...
Destroying node...
Freeing node structure...
Node destroyed successfully
Destroying node 5...
Destroying neural network for node 5...
Destroying node...
Freeing node structure...
Node destroyed successfully
Destroying node 6...
Destroying neural network for node 6...
Destroying node...
Freeing node structure...
Node destroyed successfully
Destroying node 7...
Destroying neural network for node 7...
Destroying node...
Freeing node structure...
Node destroyed successfully
Destroying node 8...
Destroying neural network for node 8...
Destroying node...
Freeing node structure...
Node destroyed successfully
Destroying node 9...
Destroying neural network for node 9...
Destroying node...
Freeing node structure...
Node destroyed successfully
Freeing nodes array...
Freeing NEAT structure...
NEAT network destroyed successfully

Destroying NEAT network...
Destroying nodes...
Destroying node 0...
Destroying neural network for node 0...
Destroying node...
Freeing node structure...
Node destroyed successfully
Destroying node 1...
Destroying neural network for node 1...
Destroying node...
Freeing node structure...
Node destroyed successfully
Destroying node 2...
Destroying neural network for node 2...
Destroying node...
Freeing node structure...
Node destroyed successfully
Destroying node 3...
Destroying neural network for node 3...
Destroying node...
Freeing node structure...
Node destroyed successfully
Destroying node 4...
Destroying neural network for node 4...
Destroying node...
Freeing node structure...
Node destroyed successfully
Destroying node 5...
Destroying neural network for node 5...
Destroying node...
Freeing node structure...
Node destroyed successfully
Destroying node 6...
Destroying neural network for node 6...
Destroying node...
Freeing node structure...
Node destroyed successfully
Destroying node 7...
Destroying neural network for node 7...
Destroying node...
Freeing node structure...
Node destroyed successfully
Destroying node 8...
Destroying neural network for node 8...
Destroying node...
Freeing node structure...
Node destroyed successfully
Destroying node 9...
Destroying neural network for node 9...
Destroying node...
Freeing node structure...
Node destroyed successfully
Freeing nodes array...
Freeing NEAT structure...
NEAT network destroyed successfully

Training completed successfully!
