Perceptron_init_random: Creating network with 256 inputs, 64 outputs
Perceptron_init_random: Initializing neural network
Perceptron_init_random: Neural network initialized successfully
Initializing perceptron 0 with fitness: 0.000000
Perceptron_init_random: Creating network with 256 inputs, 64 outputs
Perceptron_init_random: Initializing neural network
Perceptron_init_random: Neural network initialized successfully
Initializing perceptron 0 with fitness: 0.000000
Perceptron_init_random: Creating network with 256 inputs, 64 outputs
Unhandled loss function type: 2
Perceptron_init_random: Initializing neural network
Perceptron_init_random: Neural network initialized successfully
Initializing perceptron 1 with fitness: 0.000000
Perceptron_init_random: Creating network with 256 inputs, 64 outputs
Perceptron_init_random: Initializing neural network
Perceptron_init_random: Neural network initialized successfully
Initializing perceptron 0 with fitness: 0.000000
Perceptron_init_random: Creating network with 256 inputs, 64 outputs
Unhandled loss function type: 2
Perceptron_init_random: Initializing neural network
Perceptron_init_random: Neural network initialized successfully
Initializing perceptron 1 with fitness: 0.000000
Perceptron_init_random: Creating network with 256 inputs, 64 outputs
Perceptron_init_random: Initializing neural network
Perceptron_init_random: Neural network initialized successfully
Initializing perceptron 2 with fitness: 0.000000
Perceptron_init_random: Creating network with 256 inputs, 64 outputs
Perceptron_init_random: Initializing neural network
Perceptron_init_random: Neural network initialized successfully
Initializing perceptron 0 with fitness: 0.000000
Perceptron_init_random: Creating network with 256 inputs, 64 outputs
Unhandled loss function type: 2
Perceptron_init_random: Initializing neural network
Perceptron_init_random: Neural network initialized successfully
Initializing perceptron 1 with fitness: 0.000000
Perceptron_init_random: Creating network with 256 inputs, 64 outputs
Perceptron_init_random: Initializing neural network
Perceptron_init_random: Neural network initialized successfully
Initializing perceptron 2 with fitness: 0.000000
Perceptron_init_random: Creating network with 256 inputs, 64 outputs
Perceptron_init_random: Initializing neural network
Perceptron_init_random: Neural network initialized successfully
Initializing perceptron 3 with fitness: 0.000000
Starting training...
No best perceptron found
No best perceptron found
No best perceptron found
No best perceptron found
No best perceptron found
No best perceptron found
No best perceptron found
No best perceptron found
No best perceptron found
No best perceptron found
No best perceptron found
No best perceptron found
No best perceptron found
No best perceptron found
No best perceptron found
No best perceptron found
No best perceptron found
No best perceptron found
No best perceptron found
No best perceptron found
No best perceptron found
No best perceptron found
No best perceptron found
No best perceptron found
No best perceptron found
No best perceptron found
No best perceptron found
No best perceptron found
No best perceptron found
No best perceptron found
No best perceptron found
No best perceptron found
No best perceptron found
No best perceptron found
No best perceptron found
No best perceptron found
No best perceptron found
No best perceptron found
No best perceptron found
No best perceptron found
No best perceptron found
No best perceptron found
No best perceptron found
No best perceptron found
No best perceptron found
No best perceptron found
No best perceptron found
No best perceptron found
No best perceptron found
No best perceptron found
No best perceptron found
No best perceptron found
No best perceptron found
No best perceptron found
No best perceptron found
No best perceptron found
No best perceptron found
No best perceptron found
No best perceptron found
No best perceptron found
No best perceptron found
No best perceptron found
No best perceptron found
No best perceptron found
Epoch 1/100 - Avg Loss: 0.310264
No best perceptron found
No best perceptron found
No best perceptron found
No best perceptron found
No best perceptron found
No best perceptron found
No best perceptron found
No best perceptron found
No best perceptron found
No best perceptron found
No best perceptron found
No best perceptron found
No best perceptron found
No best perceptron found
No best perceptron found
No best perceptron found
No best perceptron found
No best perceptron found
No best perceptron found
No best perceptron found
No best perceptron found
No best perceptron found
No best perceptron found
No best perceptron found
No best perceptron found
No best perceptron found
No best perceptron found
No best perceptron found
No best perceptron found
No best perceptron found
No best perceptron found
No best perceptron found
No best perceptron found
No best perceptron found
No best perceptron found
No best perceptron found
No best perceptron found
No best perceptron found
No best perceptron found
No best perceptron found
No best perceptron found
No best perceptron found
No best perceptron found
No best perceptron found
No best perceptron found
No best perceptron found
No best perceptron found
No best perceptron found
No best perceptron found
No best perceptron found
No best perceptron found
No best perceptron found
No best perceptron found
No best perceptron found
No best perceptron found
No best perceptron found
No best perceptron found
No best perceptron found
No best perceptron found
No best perceptron found
No best perceptron found
No best perceptron found
No best perceptron found
No best perceptron found
Epoch 2/100 - Avg Loss: 0.335920
No best perceptron found
No best perceptron found
No best perceptron found
No best perceptron found
No best perceptron found
No best perceptron found
No best perceptron found
No best perceptron found
No best perceptron found
No best perceptron found
No best perceptron found
No best perceptron found
No best perceptron found
No best perceptron found
No best perceptron found
No best perceptron found
No best perceptron found
No best perceptron found
No best perceptron found
No best perceptron found
No best perceptron found
No best perceptron found
No best perceptron found
No best perceptron found
No best perceptron found
No best perceptron found
No best perceptron found
No best perceptron found
No best perceptron found
No best perceptron found
No best perceptron found
No best perceptron found
No best perceptron found
No best perceptron found
No best perceptron found
No best perceptron found
No best perceptron found
No best perceptron found
No best perceptron found
No best perceptron found
No best perceptron found
No best perceptron found
No best perceptron found
No best perceptron found
No best perceptron found
No best perceptron found
No best perceptron found
No best perceptron found
No best perceptron found
No best perceptron found
No best perceptron found
No best perceptron found
No best perceptron found
No best perceptron found
No best perceptron found
No best perceptron found
No best perceptron found
No best perceptron found
No best perceptron found
No best perceptron found
No best perceptron found
No best perceptron found
No best perceptron found
No best perceptron found
Epoch 3/100 - Avg Loss: 0.338013
No best perceptron found
No best perceptron found
No best perceptron found
No best perceptron found
No best perceptron found
No best perceptron found
No best perceptron found
No best perceptron found
No best perceptron found
No best perceptron found
No best perceptron found
No best perceptron found
No best perceptron found
No best perceptron found
No best perceptron found
No best perceptron found
No best perceptron found
No best perceptron found
No best perceptron found
No best perceptron found
No best perceptron found
No best perceptron found
No best perceptron found
No best perceptron found
No best perceptron found
No best perceptron found
No best perceptron found
No best perceptron found
No best perceptron found
No best perceptron found
No best perceptron found
No best perceptron found
No best perceptron found
No best perceptron found
No best perceptron found
No best perceptron found
No best perceptron found
No best perceptron found
No best perceptron found
No best perceptron found
No best perceptron found
No best perceptron found
No best perceptron found
No best perceptron found
No best perceptron found
No best perceptron found
No best perceptron found
No best perceptron found
No best perceptron found
No best perceptron found
No best perceptron found
No best perceptron found
No best perceptron found
No best perceptron found
No best perceptron found
No best perceptron found
No best perceptron found
No best perceptron found
No best perceptron found
No best perceptron found
No best perceptron found
No best perceptron found
No best perceptron found
No best perceptron found
Epoch 4/100 - Avg Loss: 0.338117
No best perceptron found
No best perceptron found
No best perceptron found
No best perceptron found
No best perceptron found
No best perceptron found
No best perceptron found
No best perceptron found
No best perceptron found
No best perceptron found
No best perceptron found
No best perceptron found
No best perceptron found
No best perceptron found
No best perceptron found
No best perceptron found
No best perceptron found
No best perceptron found
No best perceptron found
No best perceptron found
No best perceptron found
No best perceptron found
No best perceptron found
No best perceptron found
No best perceptron found
No best perceptron found
No best perceptron found
No best perceptron found
No best perceptron found
No best perceptron found
No best perceptron found
No best perceptron found
No best perceptron found
No best perceptron found
No best perceptron found
No best perceptron found
No best perceptron found
No best perceptron found
No best perceptron found
No best perceptron found
No best perceptron found
No best perceptron found
No best perceptron found
No best perceptron found
No best perceptron found
No best perceptron found
No best perceptron found
No best perceptron found
No best perceptron found
No best perceptron found
No best perceptron found
No best perceptron found
No best perceptron found
No best perceptron found
No best perceptron found
No best perceptron found
No best perceptron found
No best perceptron found
No best perceptron found
No best perceptron found
No best perceptron found
No best perceptron found
No best perceptron found
No best perceptron found
Epoch 5/100 - Avg Loss: 0.337729
No best perceptron found
No best perceptron found
No best perceptron found
No best perceptron found
No best perceptron found
No best perceptron found
No best perceptron found
No best perceptron found
No best perceptron found
No best perceptron found
No best perceptron found
No best perceptron found
No best perceptron found
No best perceptron found
No best perceptron found
No best perceptron found
No best perceptron found
No best perceptron found
No best perceptron found
No best perceptron found
No best perceptron found
No best perceptron found
No best perceptron found
No best perceptron found
No best perceptron found
No best perceptron found
No best perceptron found
No best perceptron found
No best perceptron found
No best perceptron found
No best perceptron found
No best perceptron found
No best perceptron found
No best perceptron found
No best perceptron found
No best perceptron found
No best perceptron found
No best perceptron found
No best perceptron found
No best perceptron found
No best perceptron found
No best perceptron found
No best perceptron found
No best perceptron found
No best perceptron found
No best perceptron found
No best perceptron found
No best perceptron found
No best perceptron found
No best perceptron found
No best perceptron found
No best perceptron found
No best perceptron found
No best perceptron found
No best perceptron found
No best perceptron found
No best perceptron found
No best perceptron found
No best perceptron found
No best perceptron found
No best perceptron found
No best perceptron found
No best perceptron found
No best perceptron found
Epoch 6/100 - Avg Loss: 0.339666
No best perceptron found
No best perceptron found
No best perceptron found
No best perceptron found
No best perceptron found
No best perceptron found
No best perceptron found
No best perceptron found
No best perceptron found
No best perceptron found
No best perceptron found
No best perceptron found
No best perceptron found
No best perceptron found
No best perceptron found
No best perceptron found
No best perceptron found
No best perceptron found
No best perceptron found
No best perceptron found
No best perceptron found
No best perceptron found
No best perceptron found
No best perceptron found
No best perceptron found
No best perceptron found
No best perceptron found
No best perceptron found
No best perceptron found
No best perceptron found
No best perceptron found
No best perceptron found
No best perceptron found
No best perceptron found
No best perceptron found
No best perceptron found
No best perceptron found
No best perceptron found
No best perceptron found
No best perceptron found
No best perceptron found
No best perceptron found
No best perceptron found
No best perceptron found
No best perceptron found
No best perceptron found
No best perceptron found
No best perceptron found
No best perceptron found
No best perceptron found
No best perceptron found
No best perceptron found
No best perceptron found
No best perceptron found
No best perceptron found
No best perceptron found
No best perceptron found
No best perceptron found
No best perceptron found
No best perceptron found
No best perceptron found
No best perceptron found
No best perceptron found
No best perceptron found
Epoch 7/100 - Avg Loss: 0.347852
No best perceptron found
No best perceptron found
No best perceptron found
No best perceptron found
No best perceptron found
No best perceptron found
No best perceptron found
No best perceptron found
No best perceptron found
No best perceptron found
No best perceptron found
No best perceptron found
No best perceptron found
No best perceptron found
No best perceptron found
No best perceptron found
No best perceptron found
No best perceptron found
No best perceptron found
No best perceptron found
No best perceptron found
No best perceptron found
No best perceptron found
No best perceptron found
No best perceptron found
No best perceptron found
No best perceptron found
No best perceptron found
No best perceptron found
No best perceptron found
No best perceptron found
No best perceptron found
No best perceptron found
No best perceptron found
No best perceptron found
No best perceptron found
No best perceptron found
No best perceptron found
No best perceptron found
No best perceptron found
No best perceptron found
No best perceptron found
No best perceptron found
No best perceptron found
No best perceptron found
No best perceptron found
No best perceptron found
No best perceptron found
No best perceptron found
No best perceptron found
No best perceptron found
No best perceptron found
No best perceptron found
No best perceptron found
No best perceptron found
No best perceptron found
No best perceptron found
No best perceptron found
No best perceptron found
No best perceptron found
No best perceptron found
No best perceptron found
No best perceptron found
No best perceptron found
Epoch 8/100 - Avg Loss: 0.340498
No best perceptron found
No best perceptron found
No best perceptron found
No best perceptron found
No best perceptron found
No best perceptron found
No best perceptron found
No best perceptron found
No best perceptron found
No best perceptron found
No best perceptron found
No best perceptron found
No best perceptron found
No best perceptron found
No best perceptron found
No best perceptron found
No best perceptron found
No best perceptron found
No best perceptron found
No best perceptron found
No best perceptron found
No best perceptron found
No best perceptron found
No best perceptron found
No best perceptron found
No best perceptron found
No best perceptron found
No best perceptron found
No best perceptron found
No best perceptron found
No best perceptron found
No best perceptron found
No best perceptron found
No best perceptron found
No best perceptron found
No best perceptron found
No best perceptron found
No best perceptron found
No best perceptron found
No best perceptron found
No best perceptron found
No best perceptron found
No best perceptron found
No best perceptron found
No best perceptron found
No best perceptron found
No best perceptron found
No best perceptron found
No best perceptron found
No best perceptron found
No best perceptron found
No best perceptron found
No best perceptron found
No best perceptron found
No best perceptron found
No best perceptron found
No best perceptron found
No best perceptron found
No best perceptron found
No best perceptron found
No best perceptron found
No best perceptron found
No best perceptron found
No best perceptron found
Epoch 9/100 - Avg Loss: 0.336439
No best perceptron found
No best perceptron found
No best perceptron found
No best perceptron found
No best perceptron found
No best perceptron found
No best perceptron found
No best perceptron found
No best perceptron found
No best perceptron found
No best perceptron found
No best perceptron found
No best perceptron found
No best perceptron found
No best perceptron found
No best perceptron found
No best perceptron found
No best perceptron found
No best perceptron found
No best perceptron found
No best perceptron found
No best perceptron found
No best perceptron found
No best perceptron found
No best perceptron found
No best perceptron found
No best perceptron found
No best perceptron found
No best perceptron found
No best perceptron found
No best perceptron found
No best perceptron found
No best perceptron found
No best perceptron found
No best perceptron found
No best perceptron found
No best perceptron found
No best perceptron found
No best perceptron found
No best perceptron found
No best perceptron found
No best perceptron found
No best perceptron found
No best perceptron found
No best perceptron found
No best perceptron found
No best perceptron found
No best perceptron found
No best perceptron found
No best perceptron found
No best perceptron found
No best perceptron found
No best perceptron found
No best perceptron found
No best perceptron found
No best perceptron found
No best perceptron found
No best perceptron found
No best perceptron found
No best perceptron found
No best perceptron found
No best perceptron found
No best perceptron found
No best perceptron found
Epoch 10/100 - Avg Loss: 0.332988
No best perceptron found
No best perceptron found
No best perceptron found
No best perceptron found
No best perceptron found
No best perceptron found
No best perceptron found
No best perceptron found
No best perceptron found
No best perceptron found
No best perceptron found
No best perceptron found
No best perceptron found
No best perceptron found
No best perceptron found
No best perceptron found
No best perceptron found
No best perceptron found
No best perceptron found
No best perceptron found
No best perceptron found
No best perceptron found
No best perceptron found
No best perceptron found
No best perceptron found
No best perceptron found
No best perceptron found
No best perceptron found
No best perceptron found
No best perceptron found
No best perceptron found
No best perceptron found
No best perceptron found
No best perceptron found
No best perceptron found
No best perceptron found
No best perceptron found
No best perceptron found
No best perceptron found
No best perceptron found
No best perceptron found
No best perceptron found
No best perceptron found
No best perceptron found
No best perceptron found
No best perceptron found
No best perceptron found
No best perceptron found
No best perceptron found
No best perceptron found
No best perceptron found
No best perceptron found
No best perceptron found
No best perceptron found
No best perceptron found
No best perceptron found
No best perceptron found
No best perceptron found
No best perceptron found
No best perceptron found
No best perceptron found
No best perceptron found
No best perceptron found
No best perceptron found
Epoch 11/100 - Avg Loss: 0.328163
No best perceptron found
No best perceptron found
No best perceptron found
No best perceptron found
No best perceptron found
No best perceptron found
No best perceptron found
No best perceptron found
No best perceptron found
No best perceptron found
No best perceptron found
No best perceptron found
No best perceptron found
No best perceptron found
No best perceptron found
No best perceptron found
No best perceptron found
No best perceptron found
No best perceptron found
No best perceptron found
No best perceptron found
No best perceptron found
No best perceptron found
No best perceptron found
No best perceptron found
No best perceptron found
No best perceptron found
No best perceptron found
No best perceptron found
No best perceptron found
No best perceptron found
No best perceptron found
No best perceptron found
No best perceptron found
No best perceptron found
No best perceptron found
No best perceptron found
No best perceptron found
No best perceptron found
No best perceptron found
No best perceptron found
No best perceptron found
No best perceptron found
No best perceptron found
No best perceptron found
No best perceptron found
No best perceptron found
No best perceptron found
No best perceptron found
No best perceptron found
No best perceptron found
No best perceptron found
No best perceptron found
No best perceptron found
No best perceptron found
No best perceptron found
No best perceptron found
No best perceptron found
No best perceptron found
No best perceptron found
No best perceptron found
No best perceptron found
No best perceptron found
No best perceptron found
Epoch 12/100 - Avg Loss: 0.326499
No best perceptron found
No best perceptron found
No best perceptron found
No best perceptron found
No best perceptron found
No best perceptron found
No best perceptron found
No best perceptron found
No best perceptron found
No best perceptron found
No best perceptron found
No best perceptron found
No best perceptron found
No best perceptron found
No best perceptron found
No best perceptron found
No best perceptron found
No best perceptron found
No best perceptron found
No best perceptron found
No best perceptron found
No best perceptron found
No best perceptron found
No best perceptron found
No best perceptron found
No best perceptron found
No best perceptron found
No best perceptron found
No best perceptron found
No best perceptron found
No best perceptron found
No best perceptron found
No best perceptron found
No best perceptron found
No best perceptron found
No best perceptron found
No best perceptron found
No best perceptron found
No best perceptron found
No best perceptron found
No best perceptron found
No best perceptron found
No best perceptron found
No best perceptron found
No best perceptron found
No best perceptron found
No best perceptron found
No best perceptron found
No best perceptron found
No best perceptron found
No best perceptron found
No best perceptron found
No best perceptron found
No best perceptron found
No best perceptron found
No best perceptron found
No best perceptron found
No best perceptron found
No best perceptron found
No best perceptron found
No best perceptron found
No best perceptron found
No best perceptron found
No best perceptron found
Epoch 13/100 - Avg Loss: 0.336913
No best perceptron found
No best perceptron found
No best perceptron found
No best perceptron found
No best perceptron found
No best perceptron found
No best perceptron found
No best perceptron found
No best perceptron found
No best perceptron found
No best perceptron found
No best perceptron found
No best perceptron found
No best perceptron found
No best perceptron found
No best perceptron found
No best perceptron found
No best perceptron found
No best perceptron found
No best perceptron found
No best perceptron found
No best perceptron found
No best perceptron found
No best perceptron found
No best perceptron found
No best perceptron found
No best perceptron found
No best perceptron found
No best perceptron found
No best perceptron found
No best perceptron found
No best perceptron found
No best perceptron found
No best perceptron found
No best perceptron found
No best perceptron found
No best perceptron found
No best perceptron found
No best perceptron found
No best perceptron found
No best perceptron found
No best perceptron found
No best perceptron found
No best perceptron found
No best perceptron found
No best perceptron found
No best perceptron found
No best perceptron found
No best perceptron found
No best perceptron found
No best perceptron found
No best perceptron found
No best perceptron found
No best perceptron found
No best perceptron found
No best perceptron found
No best perceptron found
No best perceptron found
No best perceptron found
No best perceptron found
No best perceptron found
No best perceptron found
No best perceptron found
No best perceptron found
Epoch 14/100 - Avg Loss: 0.326173
No best perceptron found
No best perceptron found
No best perceptron found
No best perceptron found
No best perceptron found
No best perceptron found
No best perceptron found
No best perceptron found
No best perceptron found
No best perceptron found
No best perceptron found
No best perceptron found
No best perceptron found
No best perceptron found
No best perceptron found
No best perceptron found
No best perceptron found
No best perceptron found
No best perceptron found
No best perceptron found
No best perceptron found
No best perceptron found
No best perceptron found
No best perceptron found
No best perceptron found
No best perceptron found
No best perceptron found
No best perceptron found
No best perceptron found
No best perceptron found
No best perceptron found
No best perceptron found
No best perceptron found
No best perceptron found
No best perceptron found
No best perceptron found
No best perceptron found
No best perceptron found
No best perceptron found
No best perceptron found
No best perceptron found
No best perceptron found
No best perceptron found
No best perceptron found
No best perceptron found
No best perceptron found
No best perceptron found
No best perceptron found
No best perceptron found
No best perceptron found
No best perceptron found
No best perceptron found
No best perceptron found
No best perceptron found
No best perceptron found
No best perceptron found
No best perceptron found
No best perceptron found
No best perceptron found
No best perceptron found
No best perceptron found
No best perceptron found
No best perceptron found
No best perceptron found
Epoch 15/100 - Avg Loss: 0.339604
No be