generated/impl.c:15:5: warning: 'glBegin' is deprecated: first deprecated in macOS 10.14 - OpenGL API deprecated. (Define GL_SILENCE_DEPRECATION to silence these warnings) [-Wdeprecated-declarations]
   15 |     glBegin(GL_LINE_LOOP);
      |     ^
/Library/Developer/CommandLineTools/SDKs/MacOSX.sdk/System/Library/Frameworks/OpenGL.framework/Headers/gl.h:2385:13: note: 'glBegin' has been explicitly marked deprecated here
 2385 | extern void glBegin (GLenum mode) OPENGL_DEPRECATED(10.0, 10.14);
      |             ^
generated/impl.c:16:5: warning: 'glColor4f' is deprecated: first deprecated in macOS 10.14 - OpenGL API deprecated. (Define GL_SILENCE_DEPRECATION to silence these warnings) [-Wdeprecated-declarations]
   16 |     glColor4f(color.r/255.0f, color.g/255.0f, color.b/255.0f, color.a/255.0f);
      |     ^
/Library/Developer/CommandLineTools/SDKs/MacOSX.sdk/System/Library/Frameworks/OpenGL.framework/Headers/gl.h:2421:13: note: 'glColor4f' has been explicitly marked deprecated here
 2421 | extern void glColor4f (GLfloat red, GLfloat green, GLfloat blue, GLfloat alpha) OPENGL_DEPRECATED(10.0, 10.14);
      |             ^
generated/impl.c:17:5: warning: 'glVertex2f' is deprecated: first deprecated in macOS 10.14 - OpenGL API deprecated. (Define GL_SILENCE_DEPRECATION to silence these warnings) [-Wdeprecated-declarations]
   17 |     glVertex2f(x, y);
      |     ^
/Library/Developer/CommandLineTools/SDKs/MacOSX.sdk/System/Library/Frameworks/OpenGL.framework/Headers/gl.h:2732:13: note: 'glVertex2f' has been explicitly marked deprecated here
 2732 | extern void glVertex2f (GLfloat x, GLfloat y) OPENGL_DEPRECATED(10.0, 10.14);
      |             ^
generated/impl.c:18:5: warning: 'glVertex2f' is deprecated: first deprecated in macOS 10.14 - OpenGL API deprecated. (Define GL_SILENCE_DEPRECATION to silence these warnings) [-Wdeprecated-declarations]
   18 |     glVertex2f(x + width, y);
      |     ^
/Library/Developer/CommandLineTools/SDKs/MacOSX.sdk/System/Library/Frameworks/OpenGL.framework/Headers/gl.h:2732:13: note: 'glVertex2f' has been explicitly marked deprecated here
 2732 | extern void glVertex2f (GLfloat x, GLfloat y) OPENGL_DEPRECATED(10.0, 10.14);
      |             ^
generated/impl.c:19:5: warning: 'glVertex2f' is deprecated: first deprecated in macOS 10.14 - OpenGL API deprecated. (Define GL_SILENCE_DEPRECATION to silence these warnings) [-Wdeprecated-declarations]
   19 |     glVertex2f(x + width, y + height);
      |     ^
/Library/Developer/CommandLineTools/SDKs/MacOSX.sdk/System/Library/Frameworks/OpenGL.framework/Headers/gl.h:2732:13: note: 'glVertex2f' has been explicitly marked deprecated here
 2732 | extern void glVertex2f (GLfloat x, GLfloat y) OPENGL_DEPRECATED(10.0, 10.14);
      |             ^
generated/impl.c:20:5: warning: 'glVertex2f' is deprecated: first deprecated in macOS 10.14 - OpenGL API deprecated. (Define GL_SILENCE_DEPRECATION to silence these warnings) [-Wdeprecated-declarations]
   20 |     glVertex2f(x, y + height);
      |     ^
/Library/Developer/CommandLineTools/SDKs/MacOSX.sdk/System/Library/Frameworks/OpenGL.framework/Headers/gl.h:2732:13: note: 'glVertex2f' has been explicitly marked deprecated here
 2732 | extern void glVertex2f (GLfloat x, GLfloat y) OPENGL_DEPRECATED(10.0, 10.14);
      |             ^
generated/impl.c:21:5: warning: 'glEnd' is deprecated: first deprecated in macOS 10.14 - OpenGL API deprecated. (Define GL_SILENCE_DEPRECATION to silence these warnings) [-Wdeprecated-declarations]
   21 |     glEnd();
      |     ^
/Library/Developer/CommandLineTools/SDKs/MacOSX.sdk/System/Library/Frameworks/OpenGL.framework/Headers/gl.h:2474:13: note: 'glEnd' has been explicitly marked deprecated here
 2474 | extern void glEnd (void) OPENGL_DEPRECATED(10.0, 10.14);
      |             ^
generated/impl.c:69:5: warning: 'glMultMatrixf' is deprecated: first deprecated in macOS 10.14 - OpenGL API deprecated. (Define GL_SILENCE_DEPRECATION to silence these warnings) [-Wdeprecated-declarations]
   69 |     glMultMatrixf(matrix);
      |     ^
/Library/Developer/CommandLineTools/SDKs/MacOSX.sdk/System/Library/Frameworks/OpenGL.framework/Headers/gl.h:2591:13: note: 'glMultMatrixf' has been explicitly marked deprecated here
 2591 | extern void glMultMatrixf (const GLfloat *m) OPENGL_DEPRECATED(10.0, 10.14);
      |             ^
8 warnings generated.
In file included from game.c:33:
/Library/Developer/CommandLineTools/SDKs/MacOSX.sdk/System/Library/Frameworks/OpenGL.framework/Headers/gl3.h:15:2: warning: gl.h and gl3.h are both included.  Compiler will not invoke errors if using removed OpenGL functionality. [-W#warnings]
   15 | #warning gl.h and gl3.h are both included.  Compiler will not invoke errors if using removed OpenGL functionality.
      |  ^
In file included from game.c:79:
In file included from ./generated/auto_import.h:6:
In file included from ./generated/complete_api.h:14:
./generated/complete_api.def:2:18: error: typedef redefinition with different types ('struct Vector2' vs 'struct Vector2' (aka 'Vector2'))
    2 | API_TYPE(PUBLIC, Vector2,
      |                  ^
./../utils/SDL3/SDL3_compat.h:15:3: note: previous definition is here
   15 | } Vector2;
      |   ^
In file included from game.c:79:
In file included from ./generated/auto_import.h:6:
In file included from ./generated/complete_api.h:14:
./generated/complete_api.def:20:18: error: typedef redefinition with different types ('struct Color' vs 'struct Color' (aka 'Color'))
   20 | API_TYPE(PUBLIC, Color,
      |                  ^
./../utils/SDL3/SDL3_compat.h:29:3: note: previous definition is here
   29 | } Color;
      |   ^
In file included from game.c:79:
In file included from ./generated/auto_import.h:6:
In file included from ./generated/complete_api.h:14:
./generated/complete_api.def:27:18: error: typedef redefinition with different types ('struct Rectangle' vs 'struct Rectangle' (aka 'Rectangle'))
   27 | API_TYPE(PUBLIC, Rectangle,
      |                  ^
./../utils/SDL3/SDL3_compat.h:22:3: note: previous definition is here
   22 | } Rectangle;
      |   ^
In file included from game.c:79:
In file included from ./generated/auto_import.h:6:
In file included from ./generated/complete_api.h:14:
./generated/complete_api.def:35:13: error: typedef redefinition with different types ('int' vs 'enum KeyboardKey')
   35 | typedef int KeyboardKey;
      |             ^
./../utils/SDL3/SDL3_compat.h:94:3: note: previous definition is here
   94 | } KeyboardKey;
      |   ^
In file included from game.c:79:
In file included from ./generated/auto_import.h:6:
In file included from ./generated/complete_api.h:14:
./generated/complete_api.def:53:16: error: conflicting types for 'TextFormat'
   53 | API_FN(char *, TextFormat, (const char *text, ...))
      |                ^
./../utils/SDL3/SDL3_compat.h:168:13: note: previous declaration is here
  168 | const char *TextFormat(const char *text, ...);
      |             ^
In file included from game.c:79:
In file included from ./generated/auto_import.h:6:
In file included from ./generated/complete_api.h:14:
./generated/complete_api.def:77:13: error: conflicting types for 'CheckCollisionPointRec'
   77 | API_FN(int, CheckCollisionPointRec, (Vector2 point, Rectangle rec))
      |             ^
./../utils/SDL3/SDL3_compat.h:174:6: note: previous declaration is here
  174 | bool CheckCollisionPointRec(Vector2 point, Rectangle rec);
      |      ^
In file included from game.c:79:
In file included from ./generated/auto_import.h:6:
In file included from ./generated/complete_api.h:14:
./generated/complete_api.def:82:13: error: conflicting types for 'IsMouseButtonDown'
   82 | API_FN(int, IsMouseButtonDown, (int button))
      |             ^
./../utils/SDL3/SDL3_compat.h:137:6: note: previous declaration is here
  137 | bool IsMouseButtonDown(int button);
      |      ^
In file included from game.c:79:
In file included from ./generated/auto_import.h:6:
In file included from ./generated/complete_api.h:14:
./generated/complete_api.def:83:13: error: conflicting types for 'IsMouseButtonPressed'
   83 | API_FN(int, IsMouseButtonPressed, (int button))
      |             ^
./../utils/SDL3/SDL3_compat.h:138:6: note: previous declaration is here
  138 | bool IsMouseButtonPressed(int button);
      |      ^
In file included from game.c:79:
In file included from ./generated/auto_import.h:6:
./generated/complete_api.h:101:9: warning: 'MOUSE_LEFT_BUTTON' macro redefined [-Wmacro-redefined]
  101 | #define MOUSE_LEFT_BUTTON     (1)  // SDL_BUTTON_LEFT
      |         ^
./../utils/SDL3/SDL3_compat.h:102:9: note: previous definition is here
  102 | #define MOUSE_LEFT_BUTTON MOUSE_BUTTON_LEFT
      |         ^
In file included from game.c:79:
In file included from ./generated/auto_import.h:6:
./generated/complete_api.h:102:9: warning: 'MOUSE_RIGHT_BUTTON' macro redefined [-Wmacro-redefined]
  102 | #define MOUSE_RIGHT_BUTTON    (3)  // SDL_BUTTON_RIGHT
      |         ^
./../utils/SDL3/SDL3_compat.h:103:9: note: previous definition is here
  103 | #define MOUSE_RIGHT_BUTTON MOUSE_BUTTON_RIGHT
      |         ^
In file included from game.c:79:
In file included from ./generated/auto_import.h:9:
In file included from ./generated/impl.h:4:
./generated/impl.c:15:5: warning: 'glBegin' is deprecated: first deprecated in macOS 10.14 - OpenGL API deprecated. (Define GL_SILENCE_DEPRECATION to silence these warnings) [-Wdeprecated-declarations]
   15 |     glBegin(GL_LINE_LOOP);
      |     ^
/Library/Developer/CommandLineTools/SDKs/MacOSX.sdk/System/Library/Frameworks/OpenGL.framework/Headers/gl.h:2385:13: note: 'glBegin' has been explicitly marked deprecated here
 2385 | extern void glBegin (GLenum mode) OPENGL_DEPRECATED(10.0, 10.14);
      |             ^
In file included from game.c:79:
In file included from ./generated/auto_import.h:9:
In file included from ./generated/impl.h:4:
./generated/impl.c:16:5: warning: 'glColor4f' is deprecated: first deprecated in macOS 10.14 - OpenGL API deprecated. (Define GL_SILENCE_DEPRECATION to silence these warnings) [-Wdeprecated-declarations]
   16 |     glColor4f(color.r/255.0f, color.g/255.0f, color.b/255.0f, color.a/255.0f);
      |     ^
/Library/Developer/CommandLineTools/SDKs/MacOSX.sdk/System/Library/Frameworks/OpenGL.framework/Headers/gl.h:2421:13: note: 'glColor4f' has been explicitly marked deprecated here
 2421 | extern void glColor4f (GLfloat red, GLfloat green, GLfloat blue, GLfloat alpha) OPENGL_DEPRECATED(10.0, 10.14);
      |             ^
In file included from game.c:79:
In file included from ./generated/auto_import.h:9:
In file included from ./generated/impl.h:4:
./generated/impl.c:17:5: warning: 'glVertex2f' is deprecated: first deprecated in macOS 10.14 - OpenGL API deprecated. (Define GL_SILENCE_DEPRECATION to silence these warnings) [-Wdeprecated-declarations]
   17 |     glVertex2f(x, y);
      |     ^
/Library/Developer/CommandLineTools/SDKs/MacOSX.sdk/System/Library/Frameworks/OpenGL.framework/Headers/gl.h:2732:13: note: 'glVertex2f' has been explicitly marked deprecated here
 2732 | extern void glVertex2f (GLfloat x, GLfloat y) OPENGL_DEPRECATED(10.0, 10.14);
      |             ^
In file included from game.c:79:
In file included from ./generated/auto_import.h:9:
In file included from ./generated/impl.h:4:
./generated/impl.c:18:5: warning: 'glVertex2f' is deprecated: first deprecated in macOS 10.14 - OpenGL API deprecated. (Define GL_SILENCE_DEPRECATION to silence these warnings) [-Wdeprecated-declarations]
   18 |     glVertex2f(x + width, y);
      |     ^
/Library/Developer/CommandLineTools/SDKs/MacOSX.sdk/System/Library/Frameworks/OpenGL.framework/Headers/gl.h:2732:13: note: 'glVertex2f' has been explicitly marked deprecated here
 2732 | extern void glVertex2f (GLfloat x, GLfloat y) OPENGL_DEPRECATED(10.0, 10.14);
      |             ^
In file included from game.c:79:
In file included from ./generated/auto_import.h:9:
In file included from ./generated/impl.h:4:
./generated/impl.c:19:5: warning: 'glVertex2f' is deprecated: first deprecated in macOS 10.14 - OpenGL API deprecated. (Define GL_SILENCE_DEPRECATION to silence these warnings) [-Wdeprecated-declarations]
   19 |     glVertex2f(x + width, y + height);
      |     ^
/Library/Developer/CommandLineTools/SDKs/MacOSX.sdk/System/Library/Frameworks/OpenGL.framework/Headers/gl.h:2732:13: note: 'glVertex2f' has been explicitly marked deprecated here
 2732 | extern void glVertex2f (GLfloat x, GLfloat y) OPENGL_DEPRECATED(10.0, 10.14);
      |             ^
In file included from game.c:79:
In file included from ./generated/auto_import.h:9:
In file included from ./generated/impl.h:4:
./generated/impl.c:20:5: warning: 'glVertex2f' is deprecated: first deprecated in macOS 10.14 - OpenGL API deprecated. (Define GL_SILENCE_DEPRECATION to silence these warnings) [-Wdeprecated-declarations]
   20 |     glVertex2f(x, y + height);
      |     ^
/Library/Developer/CommandLineTools/SDKs/MacOSX.sdk/System/Library/Frameworks/OpenGL.framework/Headers/gl.h:2732:13: note: 'glVertex2f' has been explicitly marked deprecated here
 2732 | extern void glVertex2f (GLfloat x, GLfloat y) OPENGL_DEPRECATED(10.0, 10.14);
      |             ^
In file included from game.c:79:
In file included from ./generated/auto_import.h:9:
In file included from ./generated/impl.h:4:
./generated/impl.c:21:5: warning: 'glEnd' is deprecated: first deprecated in macOS 10.14 - OpenGL API deprecated. (Define GL_SILENCE_DEPRECATION to silence these warnings) [-Wdeprecated-declarations]
   21 |     glEnd();
      |     ^
/Library/Developer/CommandLineTools/SDKs/MacOSX.sdk/System/Library/Frameworks/OpenGL.framework/Headers/gl.h:2474:13: note: 'glEnd' has been explicitly marked deprecated here
 2474 | extern void glEnd (void) OPENGL_DEPRECATED(10.0, 10.14);
      |             ^
In file included from game.c:79:
In file included from ./generated/auto_import.h:9:
In file included from ./generated/impl.h:4:
./generated/impl.c:69:5: warning: 'glMultMatrixf' is deprecated: first deprecated in macOS 10.14 - OpenGL API deprecated. (Define GL_SILENCE_DEPRECATION to silence these warnings) [-Wdeprecated-declarations]
   69 |     glMultMatrixf(matrix);
      |     ^
/Library/Developer/CommandLineTools/SDKs/MacOSX.sdk/System/Library/Frameworks/OpenGL.framework/Headers/gl.h:2591:13: note: 'glMultMatrixf' has been explicitly marked deprecated here
 2591 | extern void glMultMatrixf (const GLfloat *m) OPENGL_DEPRECATED(10.0, 10.14);
      |             ^
game.c:388:3: warning: 'glMatrixMode' is deprecated: first deprecated in macOS 10.14 - OpenGL API deprecated. (Define GL_SILENCE_DEPRECATION to silence these warnings) [-Wdeprecated-declarations]
  388 |   glMatrixMode(GL_PROJECTION);
      |   ^
/Library/Developer/CommandLineTools/SDKs/MacOSX.sdk/System/Library/Frameworks/OpenGL.framework/Headers/gl.h:2588:13: note: 'glMatrixMode' has been explicitly marked deprecated here
 2588 | extern void glMatrixMode (GLenum mode) OPENGL_DEPRECATED(10.0, 10.14);
      |             ^
game.c:389:3: warning: 'glLoadIdentity' is deprecated: first deprecated in macOS 10.14 - OpenGL API deprecated. (Define GL_SILENCE_DEPRECATION to silence these warnings) [-Wdeprecated-declarations]
  389 |   glLoadIdentity();
      |   ^
/Library/Developer/CommandLineTools/SDKs/MacOSX.sdk/System/Library/Frameworks/OpenGL.framework/Headers/gl.h:2571:13: note: 'glLoadIdentity' has been explicitly marked deprecated here
 2571 | extern void glLoadIdentity (void) OPENGL_DEPRECATED(10.0, 10.14);
      |             ^
game.c:390:3: warning: 'glOrtho' is deprecated: first deprecated in macOS 10.14 - OpenGL API deprecated. (Define GL_SILENCE_DEPRECATION to silence these warnings) [-Wdeprecated-declarations]
  390 |   glOrtho(0.0, w, h, 0.0, -1.0, 1.0);
      |   ^
/Library/Developer/CommandLineTools/SDKs/MacOSX.sdk/System/Library/Frameworks/OpenGL.framework/Headers/gl.h:2604:13: note: 'glOrtho' has been explicitly marked deprecated here
 2604 | extern void glOrtho (GLdouble left, GLdouble right, GLdouble bottom, GLdouble top, GLdouble zNear, GLdouble zFar) OPENGL_DEPRECATED(10.0, 10.14);
      |             ^
game.c:391:3: warning: 'glMatrixMode' is deprecated: first deprecated in macOS 10.14 - OpenGL API deprecated. (Define GL_SILENCE_DEPRECATION to silence these warnings) [-Wdeprecated-declarations]
  391 |   glMatrixMode(GL_MODELVIEW);
      |   ^
/Library/Developer/CommandLineTools/SDKs/MacOSX.sdk/System/Library/Frameworks/OpenGL.framework/Headers/gl.h:2588:13: note: 'glMatrixMode' has been explicitly marked deprecated here
 2588 | extern void glMatrixMode (GLenum mode) OPENGL_DEPRECATED(10.0, 10.14);
      |             ^
game.c:392:3: warning: 'glLoadIdentity' is deprecated: first deprecated in macOS 10.14 - OpenGL API deprecated. (Define GL_SILENCE_DEPRECATION to silence these warnings) [-Wdeprecated-declarations]
  392 |   glLoadIdentity();
      |   ^
/Library/Developer/CommandLineTools/SDKs/MacOSX.sdk/System/Library/Frameworks/OpenGL.framework/Headers/gl.h:2571:13: note: 'glLoadIdentity' has been explicitly marked deprecated here
 2571 | extern void glLoadIdentity (void) OPENGL_DEPRECATED(10.0, 10.14);
      |             ^
game.c:685:9: warning: 'MOUSE_BUTTON_LEFT' macro redefined [-Wmacro-redefined]
  685 | #define MOUSE_BUTTON_LEFT SDL_BUTTON_LEFT
      |         ^
game.c:532:9: note: previous definition is here
  532 | #define MOUSE_BUTTON_LEFT 1
      |         ^
game.c:686:9: warning: 'MOUSE_BUTTON_RIGHT' macro redefined [-Wmacro-redefined]
  686 | #define MOUSE_BUTTON_RIGHT SDL_BUTTON_RIGHT
      |         ^
game.c:533:9: note: previous definition is here
  533 | #define MOUSE_BUTTON_RIGHT 2
      |         ^
game.c:960:1: warning: '/*' within block comment [-Wcomment]
  960 | /* =======================
      | ^
game.c:1564:47: warning: implicit conversion from enumeration type 'enum SDL_Scancode' to different enumeration type 'KeyboardKey' [-Wenum-conversion]
 1564 |     {"Harvest", KEY_E, KEY_NULL},    {"Fire", KEY_SPACE, KEY_NULL},
      |                                      ~        ^~~~~~~~~
./generated/complete_api.h:46:28: note: expanded from macro 'KEY_SPACE'
   46 | #define KEY_SPACE         (SDL_SCANCODE_SPACE)
      |                            ^~~~~~~~~~~~~~~~~~
game.c:1564:17: warning: implicit conversion from enumeration type 'enum SDL_Scancode' to different enumeration type 'KeyboardKey' [-Wenum-conversion]
 1564 |     {"Harvest", KEY_E, KEY_NULL},    {"Fire", KEY_SPACE, KEY_NULL},
      |     ~           ^~~~~
./generated/complete_api.h:68:28: note: expanded from macro 'KEY_E'
   68 | #define KEY_E             (SDL_SCANCODE_E)
      |                            ^~~~~~~~~~~~~~
game.c:1563:49: warning: implicit conversion from enumeration type 'enum SDL_Scancode' to different enumeration type 'KeyboardKey' [-Wenum-conversion]
 1563 |     {"Pause", KEY_P, KEY_ESCAPE},    {"Attack", KEY_F, KEY_NULL},
      |                                      ~          ^~~~~
./generated/complete_api.h:69:28: note: expanded from macro 'KEY_F'
   69 | #define KEY_F             (SDL_SCANCODE_F)
      |                            ^~~~~~~~~~~~~~
game.c:1563:22: warning: implicit conversion from enumeration type 'enum SDL_Scancode' to different enumeration type 'KeyboardKey' [-Wenum-conversion]
 1563 |     {"Pause", KEY_P, KEY_ESCAPE},    {"Attack", KEY_F, KEY_NULL},
      |     ~                ^~~~~~~~~~
game.c:557:20: note: expanded from macro 'KEY_ESCAPE'
  557 | #define KEY_ESCAPE SDL_SCANCODE_ESCAPE
      |                    ^~~~~~~~~~~~~~~~~~~
game.c:1563:15: warning: implicit conversion from enumeration type 'enum SDL_Scancode' to different enumeration type 'KeyboardKey' [-Wenum-conversion]
 1563 |     {"Pause", KEY_P, KEY_ESCAPE},    {"Attack", KEY_F, KEY_NULL},
      |     ~         ^~~~~
./generated/complete_api.h:79:28: note: expanded from macro 'KEY_P'
   79 | #define KEY_P             (SDL_SCANCODE_P)
      |                            ^~~~~~~~~~~~~~
game.c:1562:49: warning: implicit conversion from enumeration type 'enum SDL_Scancode' to different enumeration type 'KeyboardKey' [-Wenum-conversion]
 1562 |     {"Jump", KEY_SPACE, KEY_NULL},   {"Sprint", KEY_LEFT_SHIFT, KEY_NULL},
      |                                      ~          ^~~~~~~~~~~~~~
./generated/complete_api.h:90:29: note: expanded from macro 'KEY_LEFT_SHIFT'
   90 | #define KEY_LEFT_SHIFT     (SDL_SCANCODE_LSHIFT)
      |                             ^~~~~~~~~~~~~~~~~~~
game.c:1562:14: warning: implicit conversion from enumeration type 'enum SDL_Scancode' to different enumeration type 'KeyboardKey' [-Wenum-conversion]
 1562 |     {"Jump", KEY_SPACE, KEY_NULL},   {"Sprint", KEY_LEFT_SHIFT, KEY_NULL},
      |     ~        ^~~~~~~~~
./generated/complete_api.h:46:28: note: expanded from macro 'KEY_SPACE'
   46 | #define KEY_SPACE         (SDL_SCANCODE_SPACE)
      |                            ^~~~~~~~~~~~~~~~~~
game.c:1561:60: warning: implicit conversion from enumeration type 'enum SDL_Scancode' to different enumeration type 'KeyboardKey' [-Wenum-conversion]
 1561 |     {"Move Left", KEY_A, KEY_LEFT},  {"Move Right", KEY_D, KEY_RIGHT},
      |                                      ~                     ^~~~~~~~~
game.c:638:19: note: expanded from macro 'KEY_RIGHT'
  638 | #define KEY_RIGHT SDL_SCANCODE_RIGHT
      |                   ^~~~~~~~~~~~~~~~~~
game.c:1561:53: warning: implicit conversion from enumeration type 'enum SDL_Scancode' to different enumeration type 'KeyboardKey' [-Wenum-conversion]
 1561 |     {"Move Left", KEY_A, KEY_LEFT},  {"Move Right", KEY_D, KEY_RIGHT},
      |                                      ~              ^~~~~
./generated/complete_api.h:67:28: note: expanded from macro 'KEY_D'
   67 | #define KEY_D             (SDL_SCANCODE_D)
      |                            ^~~~~~~~~~~~~~
game.c:1561:26: warning: implicit conversion from enumeration type 'enum SDL_Scancode' to different enumeration type 'KeyboardKey' [-Wenum-conversion]
 1561 |     {"Move Left", KEY_A, KEY_LEFT},  {"Move Right", KEY_D, KEY_RIGHT},
      |     ~                    ^~~~~~~~
game.c:635:18: note: expanded from macro 'KEY_LEFT'
  635 | #define KEY_LEFT SDL_SCANCODE_LEFT
      |                  ^~~~~~~~~~~~~~~~~
game.c:1561:19: warning: implicit conversion from enumeration type 'enum SDL_Scancode' to different enumeration type 'KeyboardKey' [-Wenum-conversion]
 1561 |     {"Move Left", KEY_A, KEY_LEFT},  {"Move Right", KEY_D, KEY_RIGHT},
      |     ~             ^~~~~
./generated/complete_api.h:64:28: note: expanded from macro 'KEY_A'
   64 | #define KEY_A             (SDL_SCANCODE_A)
      |                            ^~~~~~~~~~~~~~
game.c:1560:59: warning: implicit conversion from enumeration type 'enum SDL_Scancode' to different enumeration type 'KeyboardKey' [-Wenum-conversion]
 1560 |     {"Move Forward", KEY_W, KEY_UP}, {"Move Back", KEY_S, KEY_DOWN},
      |                                      ~                    ^~~~~~~~
game.c:632:18: note: expanded from macro 'KEY_DOWN'
  632 | #define KEY_DOWN SDL_SCANCODE_DOWN
      |                  ^~~~~~~~~~~~~~~~~
game.c:1560:52: warning: implicit conversion from enumeration type 'enum SDL_Scancode' to different enumeration type 'KeyboardKey' [-Wenum-conversion]
 1560 |     {"Move Forward", KEY_W, KEY_UP}, {"Move Back", KEY_S, KEY_DOWN},
      |                                      ~             ^~~~~
./generated/complete_api.h:82:28: note: expanded from macro 'KEY_S'
   82 | #define KEY_S             (SDL_SCANCODE_S)
      |                            ^~~~~~~~~~~~~~
game.c:1560:29: warning: implicit conversion from enumeration type 'enum SDL_Scancode' to different enumeration type 'KeyboardKey' [-Wenum-conversion]
 1560 |     {"Move Forward", KEY_W, KEY_UP}, {"Move Back", KEY_S, KEY_DOWN},
      |     ~                       ^~~~~~
game.c:629:16: note: expanded from macro 'KEY_UP'
  629 | #define KEY_UP SDL_SCANCODE_UP
      |                ^~~~~~~~~~~~~~~
game.c:1560:22: warning: implicit conversion from enumeration type 'enum SDL_Scancode' to different enumeration type 'KeyboardKey' [-Wenum-conversion]
 1560 |     {"Move Forward", KEY_W, KEY_UP}, {"Move Back", KEY_S, KEY_DOWN},
      |     ~                ^~~~~
./generated/complete_api.h:86:28: note: expanded from macro 'KEY_W'
   86 | #define KEY_W             (SDL_SCANCODE_W)
      |                            ^~~~~~~~~~~~~~
game.c:1619:9: warning: comparison of different enumeration types ('KeyboardKey' and 'enum SDL_Scancode') [-Wenum-compare]
 1619 |   if (k >= KEY_A && k <= KEY_Z) {
      |       ~ ^  ~~~~~
game.c:1619:23: warning: comparison of different enumeration types ('KeyboardKey' and 'enum SDL_Scancode') [-Wenum-compare]
 1619 |   if (k >= KEY_A && k <= KEY_Z) {
      |                     ~ ^  ~~~~~
game.c:1629:9: warning: comparison of different enumeration types ('KeyboardKey' and 'enum SDL_Scancode') [-Wenum-compare]
 1629 |   if (k >= KEY_ONE && k <= KEY_ZERO) {
      |       ~ ^  ~~~~~~~
game.c:1629:25: warning: comparison of different enumeration types ('KeyboardKey' and 'enum SDL_Scancode') [-Wenum-compare]
 1629 |   if (k >= KEY_ONE && k <= KEY_ZERO) {
      |                       ~ ^  ~~~~~~~~
game.c:1652:8: warning: case value not in enumerated type 'KeyboardKey' [-Wswitch]
 1652 |   case KEY_ENTER:
      |        ^
./generated/complete_api.h:96:28: note: expanded from macro 'KEY_ENTER'
   96 | #define KEY_ENTER          (SDL_SCANCODE_RETURN)
      |                            ^
game.c:1656:8: warning: case value not in enumerated type 'KeyboardKey' [-Wswitch]
 1656 |   case KEY_ESCAPE:
      |        ^
game.c:557:20: note: expanded from macro 'KEY_ESCAPE'
  557 | #define KEY_ESCAPE SDL_SCANCODE_ESCAPE
      |                    ^
game.c:1654:8: warning: case value not in enumerated type 'KeyboardKey' [-Wswitch]
 1654 |   case KEY_BACKSPACE:
      |        ^
./generated/complete_api.h:97:28: note: expanded from macro 'KEY_BACKSPACE'
   97 | #define KEY_BACKSPACE      (SDL_SCANCODE_BACKSPACE)
      |                            ^
game.c:1650:8: warning: case value not in enumerated type 'KeyboardKey' [-Wswitch]
 1650 |   case KEY_TAB:
      |        ^
./generated/complete_api.h:98:28: note: expanded from macro 'KEY_TAB'
   98 | #define KEY_TAB            (SDL_SCANCODE_TAB)
      |                            ^
game.c:1648:8: warning: case value not in enumerated type 'KeyboardKey' [-Wswitch]
 1648 |   case KEY_SPACE:
      |        ^
./generated/complete_api.h:46:27: note: expanded from macro 'KEY_SPACE'
   46 | #define KEY_SPACE         (SDL_SCANCODE_SPACE)
      |                           ^
game.c:1658:8: warning: case value not in enumerated type 'KeyboardKey' [-Wswitch]
 1658 |   case KEY_MINUS:
      |        ^
./generated/complete_api.h:49:27: note: expanded from macro 'KEY_MINUS'
   49 | #define KEY_MINUS         (SDL_SCANCODE_MINUS)
      |                           ^
game.c:1660:8: warning: case value not in enumerated type 'KeyboardKey' [-Wswitch]
 1660 |   case KEY_EQUAL:
      |        ^
./generated/complete_api.h:63:27: note: expanded from macro 'KEY_EQUAL'
   63 | #define KEY_EQUAL         (SDL_SCANCODE_EQUALS)
      |                           ^
game.c:1664:8: warning: case value not in enumerated type 'KeyboardKey' [-Wswitch]
 1664 |   case KEY_F5:
      |        ^
game.c:683:16: note: expanded from macro 'KEY_F5'
  683 | #define KEY_F5 SDL_SCANCODE_F5
      |                ^
game.c:1666:8: warning: case value not in enumerated type 'KeyboardKey' [-Wswitch]
 1666 |   case KEY_F6:
      |        ^
game.c:620:16: note: expanded from macro 'KEY_F6'
  620 | #define KEY_F6 SDL_SCANCODE_F6
      |                ^
game.c:1668:8: warning: case value not in enumerated type 'KeyboardKey' [-Wswitch]
 1668 |   case KEY_F7:
      |        ^
game.c:623:16: note: expanded from macro 'KEY_F7'
  623 | #define KEY_F7 SDL_SCANCODE_F7
      |                ^
game.c:1646:8: warning: case value not in enumerated type 'KeyboardKey' [-Wswitch]
 1646 |   case KEY_RIGHT:
      |        ^
game.c:638:19: note: expanded from macro 'KEY_RIGHT'
  638 | #define KEY_RIGHT SDL_SCANCODE_RIGHT
      |                   ^
game.c:1644:8: warning: case value not in enumerated type 'KeyboardKey' [-Wswitch]
 1644 |   case KEY_LEFT:
      |        ^
game.c:635:18: note: expanded from macro 'KEY_LEFT'
  635 | #define KEY_LEFT SDL_SCANCODE_LEFT
      |                  ^
game.c:1642:8: warning: case value not in enumerated type 'KeyboardKey' [-Wswitch]
 1642 |   case KEY_DOWN:
      |        ^
game.c:632:18: note: expanded from macro 'KEY_DOWN'
  632 | #define KEY_DOWN SDL_SCANCODE_DOWN
      |                  ^
game.c:1640:8: warning: case value not in enumerated type 'KeyboardKey' [-Wswitch]
 1640 |   case KEY_UP:
      |        ^
game.c:629:16: note: expanded from macro 'KEY_UP'
  629 | #define KEY_UP SDL_SCANCODE_UP
      |                ^
game.c:1687:12: warning: implicit conversion from enumeration type 'enum SDL_Scancode' to different enumeration type 'KeyboardKey' [-Wenum-conversion]
 1687 |     return KEY_UP;
      |     ~~~~~~ ^~~~~~
game.c:629:16: note: expanded from macro 'KEY_UP'
  629 | #define KEY_UP SDL_SCANCODE_UP
      |                ^~~~~~~~~~~~~~~
game.c:1689:12: warning: implicit conversion from enumeration type 'enum SDL_Scancode' to different enumeration type 'KeyboardKey' [-Wenum-conversion]
 1689 |     return KEY_DOWN;
      |     ~~~~~~ ^~~~~~~~
game.c:632:18: note: expanded from macro 'KEY_DOWN'
  632 | #define KEY_DOWN SDL_SCANCODE_DOWN
      |                  ^~~~~~~~~~~~~~~~~
game.c:1691:12: warning: implicit conversion from enumeration type 'enum SDL_Scancode' to different enumeration type 'KeyboardKey' [-Wenum-conversion]
 1691 |     return KEY_LEFT;
      |     ~~~~~~ ^~~~~~~~
game.c:635:18: note: expanded from macro 'KEY_LEFT'
  635 | #define KEY_LEFT SDL_SCANCODE_LEFT
      |                  ^~~~~~~~~~~~~~~~~
game.c:1693:12: warning: implicit conversion from enumeration type 'enum SDL_Scancode' to different enumeration type 'KeyboardKey' [-Wenum-conversion]
 1693 |     return KEY_RIGHT;
      |     ~~~~~~ ^~~~~~~~~
game.c:638:19: note: expanded from macro 'KEY_RIGHT'
  638 | #define KEY_RIGHT SDL_SCANCODE_RIGHT
      |                   ^~~~~~~~~~~~~~~~~~
game.c:1695:12: warning: implicit conversion from enumeration type 'enum SDL_Scancode' to different enumeration type 'KeyboardKey' [-Wenum-conversion]
 1695 |     return KEY_SPACE;
      |     ~~~~~~ ^~~~~~~~~
./generated/complete_api.h:46:28: note: expanded from macro 'KEY_SPACE'
   46 | #define KEY_SPACE         (SDL_SCANCODE_SPACE)
      |                            ^~~~~~~~~~~~~~~~~~
game.c:1697:12: warning: implicit conversion from enumeration type 'enum SDL_Scancode' to different enumeration type 'KeyboardKey' [-Wenum-conversion]
 1697 |     return KEY_TAB;
      |     ~~~~~~ ^~~~~~~
./generated/complete_api.h:98:29: note: expanded from macro 'KEY_TAB'
   98 | #define KEY_TAB            (SDL_SCANCODE_TAB)
      |                             ^~~~~~~~~~~~~~~~
game.c:1699:12: warning: implicit conversion from enumeration type 'enum SDL_Scancode' to different enumeration type 'KeyboardKey' [-Wenum-conversion]
 1699 |     return KEY_ENTER;
      |     ~~~~~~ ^~~~~~~~~
./generated/complete_api.h:96:29: note: expanded from macro 'KEY_ENTER'
   96 | #define KEY_ENTER          (SDL_SCANCODE_RETURN)
      |                             ^~~~~~~~~~~~~~~~~~~
game.c:1701:12: warning: implicit conversion from enumeration type 'enum SDL_Scancode' to different enumeration type 'KeyboardKey' [-Wenum-conversion]
 1701 |     return KEY_BACKSPACE;
      |     ~~~~~~ ^~~~~~~~~~~~~
./generated/complete_api.h:97:29: note: expanded from macro 'KEY_BACKSPACE'
   97 | #define KEY_BACKSPACE      (SDL_SCANCODE_BACKSPACE)
      |                             ^~~~~~~~~~~~~~~~~~~~~~
game.c:1703:12: warning: implicit conversion from enumeration type 'enum SDL_Scancode' to different enumeration type 'KeyboardKey' [-Wenum-conversion]
 1703 |     return KEY_ESCAPE;
      |     ~~~~~~ ^~~~~~~~~~
game.c:557:20: note: expanded from macro 'KEY_ESCAPE'
  557 | #define KEY_ESCAPE SDL_SCANCODE_ESCAPE
      |                    ^~~~~~~~~~~~~~~~~~~
game.c:1705:12: warning: implicit conversion from enumeration type 'enum SDL_Scancode' to different enumeration type 'KeyboardKey' [-Wenum-conversion]
 1705 |     return KEY_MINUS;
      |     ~~~~~~ ^~~~~~~~~
./generated/complete_api.h:49:28: note: expanded from macro 'KEY_MINUS'
   49 | #define KEY_MINUS         (SDL_SCANCODE_MINUS)
      |                            ^~~~~~~~~~~~~~~~~~
game.c:1707:12: warning: implicit conversion from enumeration type 'enum SDL_Scancode' to different enumeration type 'KeyboardKey' [-Wenum-conversion]
 1707 |     return KEY_EQUAL;
      |     ~~~~~~ ^~~~~~~~~
./generated/complete_api.h:63:28: note: expanded from macro 'KEY_EQUAL'
   63 | #define KEY_EQUAL         (SDL_SCANCODE_EQUALS)
      |                            ^~~~~~~~~~~~~~~~~~~
game.c:1709:12: warning: implicit conversion from enumeration type 'enum SDL_Scancode' to different enumeration type 'KeyboardKey' [-Wenum-conversion]
 1709 |     return KEY_LEFT_SHIFT;
      |     ~~~~~~ ^~~~~~~~~~~~~~
./generated/complete_api.h:90:29: note: expanded from macro 'KEY_LEFT_SHIFT'
   90 | #define KEY_LEFT_SHIFT     (SDL_SCANCODE_LSHIFT)
      |                             ^~~~~~~~~~~~~~~~~~~
game.c:1711:12: warning: implicit conversion from enumeration type 'enum SDL_Scancode' to different enumeration type 'KeyboardKey' [-Wenum-conversion]
 1711 |     return KEY_F5;
      |     ~~~~~~ ^~~~~~
game.c:683:16: note: expanded from macro 'KEY_F5'
  683 | #define KEY_F5 SDL_SCANCODE_F5
      |                ^~~~~~~~~~~~~~~
game.c:1713:12: warning: implicit conversion from enumeration type 'enum SDL_Scancode' to different enumeration type 'KeyboardKey' [-Wenum-conversion]
 1713 |     return KEY_F6;
      |     ~~~~~~ ^~~~~~
game.c:620:16: note: expanded from macro 'KEY_F6'
  620 | #define KEY_F6 SDL_SCANCODE_F6
      |                ^~~~~~~~~~~~~~~
game.c:1715:12: warning: implicit conversion from enumeration type 'enum SDL_Scancode' to different enumeration type 'KeyboardKey' [-Wenum-conversion]
 1715 |     return KEY_F7;
      |     ~~~~~~ ^~~~~~
game.c:623:16: note: expanded from macro 'KEY_F7'
  623 | #define KEY_F7 SDL_SCANCODE_F7
      |                ^~~~~~~~~~~~~~~
game.c:3831:3: warning: 'glBegin' is deprecated: first deprecated in macOS 10.14 - OpenGL API deprecated. (Define GL_SILENCE_DEPRECATION to silence these warnings) [-Wdeprecated-declarations]
 3831 |   glBegin(GL_QUADS);
      |   ^
/Library/Developer/CommandLineTools/SDKs/MacOSX.sdk/System/Library/Frameworks/OpenGL.framework/Headers/gl.h:2385:13: note: 'glBegin' has been explicitly marked deprecated here
 2385 | extern void glBegin (GLenum mode) OPENGL_DEPRECATED(10.0, 10.14);
      |             ^
game.c:3832:3: warning: 'glColor4f' is deprecated: first deprecated in macOS 10.14 - OpenGL API deprecated. (Define GL_SILENCE_DEPRECATION to silence these warnings) [-Wdeprecated-declarations]
 3832 |   glColor4f(0.0f, 0.0f, 0.0f, 160.0f / 255.0f);
      |   ^
/Library/Developer/CommandLineTools/SDKs/MacOSX.sdk/System/Library/Frameworks/OpenGL.framework/Headers/gl.h:2421:13: note: 'glColor4f' has been explicitly marked deprecated here
 2421 | extern void glColor4f (GLfloat red, GLfloat green, GLfloat blue, GLfloat alpha) OPENGL_DEPRECATED(10.0, 10.14);
      |             ^
game.c:3833:3: warning: 'glVertex2f' is deprecated: first deprecated in macOS 10.14 - OpenGL API deprecated. (Define GL_SILENCE_DEPRECATION to silence these warnings) [-Wdeprecated-declarations]
 3833 |   glVertex2f(sp.x - w * 0.5f, sp.y - h);
      |   ^
/Library/Developer/CommandLineTools/SDKs/MacOSX.sdk/System/Library/Frameworks/OpenGL.framework/Headers/gl.h:2732:13: note: 'glVertex2f' has been explicitly marked deprecated here
 2732 | extern void glVertex2f (GLfloat x, GLfloat y) OPENGL_DEPRECATED(10.0, 10.14);
      |             ^
game.c:3834:3: warning: 'glVertex2f' is deprecated: first deprecated in macOS 10.14 - OpenGL API deprecated. (Define GL_SILENCE_DEPRECATION to silence these warnings) [-Wdeprecated-declarations]
 3834 |   glVertex2f(sp.x + w * 0.5f, sp.y - h);
      |   ^
/Library/Developer/CommandLineTools/SDKs/MacOSX.sdk/System/Library/Frameworks/OpenGL.framework/Headers/gl.h:2732:13: note: 'glVertex2f' has been explicitly marked deprecated here
 2732 | extern void glVertex2f (GLfloat x, GLfloat y) OPENGL_DEPRECATED(10.0, 10.14);
      |             ^
game.c:3835:3: warning: 'glVertex2f' is deprecated: first deprecated in macOS 10.14 - OpenGL API deprecated. (Define GL_SILENCE_DEPRECATION to silence these warnings) [-Wdeprecated-declarations]
 3835 |   glVertex2f(sp.x + w * 0.5f, sp.y);
      |   ^
/Library/Developer/CommandLineTools/SDKs/MacOSX.sdk/System/Library/Frameworks/OpenGL.framework/Headers/gl.h:2732:13: note: 'glVertex2f' has been explicitly marked deprecated here
 2732 | extern void glVertex2f (GLfloat x, GLfloat y) OPENGL_DEPRECATED(10.0, 10.14);
      |             ^
game.c:3836:3: warning: 'glVertex2f' is deprecated: first deprecated in macOS 10.14 - OpenGL API deprecated. (Define GL_SILENCE_DEPRECATION to silence these warnings) [-Wdeprecated-declarations]
 3836 |   glVertex2f(sp.x - w * 0.5f, sp.y);
      |   ^
/Library/Developer/CommandLineTools/SDKs/MacOSX.sdk/System/Library/Frameworks/OpenGL.framework/Headers/gl.h:2732:13: note: 'glVertex2f' has been explicitly marked deprecated here
 2732 | extern void glVertex2f (GLfloat x, GLfloat y) OPENGL_DEPRECATED(10.0, 10.14);
      |             ^
game.c:3837:3: warning: 'glEnd' is deprecated: first deprecated in macOS 10.14 - OpenGL API deprecated. (Define GL_SILENCE_DEPRECATION to silence these warnings) [-Wdeprecated-declarations]
 3837 |   glEnd();
      |   ^
/Library/Developer/CommandLineTools/SDKs/MacOSX.sdk/System/Library/Frameworks/OpenGL.framework/Headers/gl.h:2474:13: note: 'glEnd' has been explicitly marked deprecated here
 2474 | extern void glEnd (void) OPENGL_DEPRECATED(10.0, 10.14);
      |             ^
game.c:4500:14: error: use of undeclared identifier 'PLAYER_RADIUS'; did you mean 'LAYER_RELU'?
 4500 |   float pr = PLAYER_RADIUS;
      |              ^~~~~~~~~~~~~
      |              LAYER_RELU
./../RL_AGENT/encoder/../../utils/NN/CONVOLUTION/CONVOLUTION.h:14:3: note: 'LAYER_RELU' declared here
   14 |   LAYER_RELU,
      |   ^
game.c:5538:23: error: use of undeclared identifier 'BASE_RADIUS'
 5538 |     tr->base.radius = BASE_RADIUS;
      |                       ^
game.c:5549:42: error: use of undeclared identifier 'OBS_DIM'
 5549 |   muze_config_init_defaults(&g_muze_cfg, OBS_DIM, ACTION_COUNT);
      |                                          ^
game.c:5581:46: warning: incompatible pointer types passing 'struct (unnamed struct at game.c:319:3) *' to parameter of type 'const MuConfig *' [-Wincompatible-pointer-types]
 5581 |   g_muze_model = mu_model_create_nn_with_cfg(&g_muze_cfg.model, &g_muze_cfg.nn);
      |                                              ^~~~~~~~~~~~~~~~~
./../utils/NN/MUZE/muzero_model.h:157:54: note: passing argument to parameter 'cfg' here
  157 | MuModel *mu_model_create_nn_with_cfg(const MuConfig *cfg,
      |                                                      ^
game.c:5581:65: warning: incompatible pointer types passing 'struct (unnamed struct at game.c:307:3) *' to parameter of type 'const MuNNConfig *' [-Wincompatible-pointer-types]
 5581 |   g_muze_model = mu_model_create_nn_with_cfg(&g_muze_cfg.model, &g_muze_cfg.nn);
      |                                                                 ^~~~~~~~~~~~~~
./../utils/NN/MUZE/muzero_model.h:158:56: note: passing argument to parameter 'nn_cfg' here
  158 |                                      const MuNNConfig *nn_cfg);
      |                                                        ^
game.c:5977:25: error: use of undeclared identifier 'OBS_EMBED_DIM'
 5977 |     for (int i = 0; i < OBS_EMBED_DIM; i++)
      |                         ^
game.c:5980:25: error: use of undeclared identifier 'OBS_EMBED_DIM'
 5980 |     for (int i = 0; i < OBS_EMBED_DIM; i++)
      |                         ^
game.c:5988:27: error: use of undeclared identifier 'OBS_DIM'
 5988 |   obs_finalize_fixed(obs, OBS_DIM);
      |                           ^
game.c:6058:46: error: use of undeclared identifier 'STAMINA_REGEN_RATE'
 6058 |     a->stamina = fminf(100.0f, a->stamina + (STAMINA_REGEN_RATE * 0.55f) * dt);
      |                                              ^
game.c:6114:27: error: use of undeclared identifier 'AGENT_FIRE_LATCH_TIME'
 6114 |     a->fire_latch_timer = AGENT_FIRE_LATCH_TIME;
      |                           ^
game.c:6213:17: error: use of undeclared identifier 'R_WANDER_PENALTY'
 6213 |       reward += R_WANDER_PENALTY;
      |                 ^
game.c:6227:15: error: use of undeclared identifier 'R_DEATH'
 6227 |     reward += R_DEATH;
      |               ^
game.c:6229:15: error: use of undeclared identifier 'R_SURVIVE_PER_TICK'
 6229 |     reward += R_SURVIVE_PER_TICK;
      |               ^
fatal error: too many errors emitted, stopping now [-ferror-limit=]
76 warnings and 20 errors generated.
../utils/NN/NN/NN.c:967:11: warning: enumeration value 'SCHEDULER_TYPE_COUNT' not handled in switch [-Wswitch]
  967 |   switch (nn->lr_scheduler) {
      |           ^~~~~~~~~~~~~~~~
../utils/NN/NN/NN.c:967:11: note: add missing switch cases
  967 |   switch (nn->lr_scheduler) {
      |           ^
../utils/NN/NN/NN.c:1050:35: warning: format specifies type 'double' but the argument has type 'long double' [-Wformat]
 1050 |   printf("Learning rate: %.6f\n", nn->learningRate);
      |                          ~~~~     ^~~~~~~~~~~~~~~~
      |                          %.6Lf
../utils/NN/NN/NN.c:1051:29: warning: format specifies type 'int' but the argument has type 'OptimizerFunction' (aka 'void (*)(struct NN_t *)') [-Wformat]
 1051 |   printf("Optimizer: %d\n", nn->optimizer);
      |                      ~~     ^~~~~~~~~~~~~
3 warnings generated.
../RL_AGENT/training/training_infrastructure.c:209:13: warning: enumeration value 'CURRICULUM_STAGE_COUNT' not handled in switch [-Wswitch]
  209 |     switch (stage) {
      |             ^~~~~
../RL_AGENT/training/training_infrastructure.c:209:13: note: add missing switch cases
  209 |     switch (stage) {
      |             ^
1 warning generated.
../utils/NN/MUZE/muze_enhanced_model.c:234:49: warning: incompatible pointer types passing 'float *' to parameter of type 'long double *' [-Wincompatible-pointer-types]
  234 |         NN_backprop_custom_delta(model->critic, obs_array, (long double*)critic_loss);
      |                                                 ^~~~~~~~~
../utils/NN/MUZE/../NN/NN.h:231:53: note: passing argument to parameter 'inputs' here
  231 | void NN_backprop_custom_delta(NN_t *nn, long double inputs[],
      |                                                     ^
../utils/NN/MUZE/muze_enhanced_model.c:240:48: warning: incompatible pointer types passing 'float *' to parameter of type 'long double *' [-Wincompatible-pointer-types]
  240 |         NN_backprop_custom_delta(model->actor, obs_array, (long double*)actor_loss);
      |                                                ^~~~~~~~~
../utils/NN/MUZE/../NN/NN.h:231:53: note: passing argument to parameter 'inputs' here
  231 | void NN_backprop_custom_delta(NN_t *nn, long double inputs[],
      |                                                     ^
../utils/NN/MUZE/muze_enhanced_model.c:266:48: warning: incompatible pointer types passing 'float *' to parameter of type 'long double *' [-Wincompatible-pointer-types]
  266 |         latent_ld = NN_forward(model->encoder, obs_array);
      |                                                ^~~~~~~~~
../utils/NN/MUZE/../NN/NN.h:227:47: note: passing argument to parameter 'inputs' here
  227 | long double *NN_forward(NN_t *nn, long double inputs[]);
      |                                               ^
../utils/NN/MUZE/muze_enhanced_model.c:294:54: warning: incompatible pointer types passing 'float *' to parameter of type 'long double *' [-Wincompatible-pointer-types]
  294 |         NN_backprop_custom_delta(model->world_model, obs_array, (long double*)world_loss);
      |                                                      ^~~~~~~~~
../utils/NN/MUZE/../NN/NN.h:231:53: note: passing argument to parameter 'inputs' here
  231 | void NN_backprop_custom_delta(NN_t *nn, long double inputs[],
      |                                                     ^
4 warnings generated.
